2022-08-15 03:07:13.064928: W tensorflow/stream_executor/platform/default/dso_loader.cc:64] Could not load dynamic library 'libcudart.so.11.0'; dlerror: libcudart.so.11.0: cannot open shared object file: No such file or directory
2022-08-15 03:07:13.064994: I tensorflow/stream_executor/cuda/cudart_stub.cc:29] Ignore above cudart dlerror if you do not have a GPU set up on your machine.
-- Collecting Variables... --
Tensorflow Version: 2.7.0
2022-08-15 03:07:16.323175: W tensorflow/stream_executor/platform/default/dso_loader.cc:64] Could not load dynamic library 'libcuda.so.1'; dlerror: libcuda.so.1: cannot open shared object file: No such file or directory
2022-08-15 03:07:16.323219: W tensorflow/stream_executor/cuda/cuda_driver.cc:269] failed call to cuInit: UNKNOWN ERROR (303)
2022-08-15 03:07:16.323238: I tensorflow/stream_executor/cuda/cuda_diagnostics.cc:156] kernel driver does not appear to be running on this host (instance-1): /proc/driver/nvidia/version does not exist
Num GPUs Available:  0
PID: 16297
Description: more ch + less drp
File dir is ../../doordash/prediction/cache/train_10
--- All variables have been collected. --
-------------------------------
New job directory is ../../doordash/prediction/cache/train_10/1
2022-08-15 03:07:16.331087: I tensorflow/core/platform/cpu_feature_guard.cc:151] This TensorFlow binary is optimized with oneAPI Deep Neural Network Library (oneDNN) to use the following CPU instructions in performance-critical operations:  AVX2 AVX512F FMA
To enable them in other operations, rebuild TensorFlow with the appropriate compiler flags.
Reading prev_orders_market_id...
Time passed: 0.14610743522644043 secs
Reading prev_orders_store_id...
Time passed: 0.14226245880126953 secs
--- training dataset contains 143743 elements ---
--- validation dataset contains 35936 elements ---
Model: "sequential"
_________________________________________________________________
 Layer (type)                Output Shape              Param #   
=================================================================
 dense (Dense)               (None, 1, 128)            1792      
                                                                 
 dropout (Dropout)           (None, 1, 128)            0         
                                                                 
 dense_1 (Dense)             (None, 1, 256)            33024     
                                                                 
 dropout_1 (Dropout)         (None, 1, 256)            0         
                                                                 
 flatten (Flatten)           (None, 256)               0         
                                                                 
 dense_2 (Dense)             (None, 1)                 257       
                                                                 
=================================================================
Total params: 35,073
Trainable params: 35,073
Non-trainable params: 0
_________________________________________________________________

Epoch 1/15

Training mean_absolute_error: 1156.8785400390625
Validation loss: 814.6104125976562
Validation mean_absolute_error: 814.6104125976562
Time taken for epoch: 33.58s

Epoch 2/15

Training mean_absolute_error: 855.9584350585938
Validation loss: 814.0449829101562
Validation mean_absolute_error: 814.0449829101562
Time taken for epoch: 28.11s

Epoch 3/15

Training mean_absolute_error: 847.1785888671875
Validation loss: 813.8279418945312
Validation mean_absolute_error: 813.8279418945312
Time taken for epoch: 27.11s

Epoch 4/15

Training mean_absolute_error: 842.8548583984375
Validation loss: 813.9015502929688
Validation mean_absolute_error: 813.9015502929688
Time taken for epoch: 28.81s
The validation tracker metric at 813.8279418945312 hasn't increased  in 1 epochs

Epoch 5/15

Training mean_absolute_error: 841.5325317382812
Validation loss: 813.8566284179688
Validation mean_absolute_error: 813.8566284179688
Time taken for epoch: 31.34s
The validation tracker metric at 813.8279418945312 hasn't increased  in 2 epochs

Epoch 6/15

Training mean_absolute_error: 840.6357421875
Validation loss: 814.0152587890625
Validation mean_absolute_error: 814.0152587890625
Time taken for epoch: 34.41s
The validation tracker metric at 813.8279418945312 hasn't increased  in 3 epochs
Lr has been adjusted to 0.0004000000189989805

Epoch 7/15

Training mean_absolute_error: 839.0287475585938
Validation loss: 813.8134155273438
Validation mean_absolute_error: 813.8134155273438
Time taken for epoch: 33.24s

Epoch 8/15

Training mean_absolute_error: 838.4702758789062
Validation loss: 814.774658203125
Validation mean_absolute_error: 814.774658203125
Time taken for epoch: 32.81s
The validation tracker metric at 813.8134155273438 hasn't increased  in 1 epochs

Epoch 9/15

Training mean_absolute_error: 838.6340942382812
Validation loss: 814.0146484375
Validation mean_absolute_error: 814.0146484375
Time taken for epoch: 35.08s
The validation tracker metric at 813.8134155273438 hasn't increased  in 2 epochs

Epoch 10/15

Training mean_absolute_error: 837.4329223632812
Validation loss: 813.9140014648438
Validation mean_absolute_error: 813.9140014648438
Time taken for epoch: 32.57s
The validation tracker metric at 813.8134155273438 hasn't increased  in 3 epochs
Lr has been adjusted to 0.00016000001050997525

Epoch 11/15

Training mean_absolute_error: 837.4909057617188
Validation loss: 813.94091796875
Validation mean_absolute_error: 813.94091796875
Time taken for epoch: 32.93s
The validation tracker metric at 813.8134155273438 hasn't increased  in 4 epochs

Epoch 12/15

Training mean_absolute_error: 837.236083984375
Validation loss: 813.8592529296875
Validation mean_absolute_error: 813.8592529296875
Time taken for epoch: 28.74s
Training stopped due to unimproved results over 5 epochs
--- Best performance found at epoch 6 --
Best value of tracked metric: 813.8134155273438
Best mean_absolute_error: 813.8134155273438
-------------------------------
New job directory is ../../doordash/prediction/cache/train_10/2
--- training dataset contains 143743 elements ---
--- validation dataset contains 35936 elements ---
Model: "sequential"
_________________________________________________________________
 Layer (type)                Output Shape              Param #   
=================================================================
 dense (Dense)               (None, 1, 128)            1792      
                                                                 
 dropout (Dropout)           (None, 1, 128)            0         
                                                                 
 dense_1 (Dense)             (None, 1, 256)            33024     
                                                                 
 dropout_1 (Dropout)         (None, 1, 256)            0         
                                                                 
 flatten (Flatten)           (None, 256)               0         
                                                                 
 dense_2 (Dense)             (None, 1)                 257       
                                                                 
=================================================================
Total params: 35,073
Trainable params: 35,073
Non-trainable params: 0
_________________________________________________________________

Epoch 1/15

Training mean_absolute_error: 839.0427856445312
Validation loss: 809.2372436523438
Validation mean_absolute_error: 809.2372436523438
Time taken for epoch: 25.56s

Epoch 2/15

Training mean_absolute_error: 839.4013061523438
Validation loss: 810.4932250976562
Validation mean_absolute_error: 810.4932250976562
Time taken for epoch: 25.10s
The validation tracker metric at 809.2372436523438 hasn't increased  in 1 epochs

Epoch 3/15

Training mean_absolute_error: 838.508056640625
Validation loss: 809.2806396484375
Validation mean_absolute_error: 809.2806396484375
Time taken for epoch: 24.99s
The validation tracker metric at 809.2372436523438 hasn't increased  in 2 epochs

Epoch 4/15

Training mean_absolute_error: 839.8670654296875
Validation loss: 809.2528076171875
Validation mean_absolute_error: 809.2528076171875
Time taken for epoch: 25.15s
The validation tracker metric at 809.2372436523438 hasn't increased  in 3 epochs
Lr has been adjusted to 0.0004000000189989805

Epoch 5/15

Training mean_absolute_error: 837.4451293945312
Validation loss: 809.1063232421875
Validation mean_absolute_error: 809.1063232421875
Time taken for epoch: 24.33s

Epoch 6/15

Training mean_absolute_error: 838.1636352539062
Validation loss: 809.2810668945312
Validation mean_absolute_error: 809.2810668945312
Time taken for epoch: 24.35s
The validation tracker metric at 809.1063232421875 hasn't increased  in 1 epochs

Epoch 7/15

Training mean_absolute_error: 837.5349731445312
Validation loss: 809.1201171875
Validation mean_absolute_error: 809.1201171875
Time taken for epoch: 23.72s
The validation tracker metric at 809.1063232421875 hasn't increased  in 2 epochs

Epoch 8/15

Training mean_absolute_error: 838.0584106445312
Validation loss: 809.106689453125
Validation mean_absolute_error: 809.106689453125
Time taken for epoch: 23.68s
The validation tracker metric at 809.1063232421875 hasn't increased  in 3 epochs
Lr has been adjusted to 0.00016000001050997525

Epoch 9/15

Training mean_absolute_error: 838.6925048828125
Validation loss: 809.1714477539062
Validation mean_absolute_error: 809.1714477539062
Time taken for epoch: 23.82s
The validation tracker metric at 809.1063232421875 hasn't increased  in 4 epochs

Epoch 10/15

Training mean_absolute_error: 837.9976196289062
Validation loss: 809.299072265625
Validation mean_absolute_error: 809.299072265625
Time taken for epoch: 23.71s
Training stopped due to unimproved results over 5 epochs
--- Best performance found at epoch 4 --
Best value of tracked metric: 809.1063232421875
Best mean_absolute_error: 809.1063232421875
-------------------------------
New job directory is ../../doordash/prediction/cache/train_10/3
--- training dataset contains 143743 elements ---
--- validation dataset contains 35936 elements ---
Model: "sequential"
_________________________________________________________________
 Layer (type)                Output Shape              Param #   
=================================================================
 dense (Dense)               (None, 1, 128)            1792      
                                                                 
 dropout (Dropout)           (None, 1, 128)            0         
                                                                 
 dense_1 (Dense)             (None, 1, 256)            33024     
                                                                 
 dropout_1 (Dropout)         (None, 1, 256)            0         
                                                                 
 flatten (Flatten)           (None, 256)               0         
                                                                 
 dense_2 (Dense)             (None, 1)                 257       
                                                                 
=================================================================
Total params: 35,073
Trainable params: 35,073
Non-trainable params: 0
_________________________________________________________________

Epoch 1/15

Training mean_absolute_error: 837.025634765625
Validation loss: 815.0487060546875
Validation mean_absolute_error: 815.0487060546875
Time taken for epoch: 24.18s

Epoch 2/15

Training mean_absolute_error: 838.2279663085938
Validation loss: 815.2579956054688
Validation mean_absolute_error: 815.2579956054688
Time taken for epoch: 23.84s
The validation tracker metric at 815.0487060546875 hasn't increased  in 1 epochs

Epoch 3/15

Training mean_absolute_error: 836.7149658203125
Validation loss: 815.1304931640625
Validation mean_absolute_error: 815.1304931640625
Time taken for epoch: 23.80s
The validation tracker metric at 815.0487060546875 hasn't increased  in 2 epochs

Epoch 4/15
