2022-08-15 03:40:15.132986: W tensorflow/stream_executor/platform/default/dso_loader.cc:64] Could not load dynamic library 'libcudart.so.11.0'; dlerror: libcudart.so.11.0: cannot open shared object file: No such file or directory
2022-08-15 03:40:15.133046: I tensorflow/stream_executor/cuda/cudart_stub.cc:29] Ignore above cudart dlerror if you do not have a GPU set up on your machine.
-- Collecting Variables... --
Tensorflow Version: 2.7.0
2022-08-15 03:40:17.717804: W tensorflow/stream_executor/platform/default/dso_loader.cc:64] Could not load dynamic library 'libcuda.so.1'; dlerror: libcuda.so.1: cannot open shared object file: No such file or directory
2022-08-15 03:40:17.717847: W tensorflow/stream_executor/cuda/cuda_driver.cc:269] failed call to cuInit: UNKNOWN ERROR (303)
2022-08-15 03:40:17.717873: I tensorflow/stream_executor/cuda/cuda_diagnostics.cc:156] kernel driver does not appear to be running on this host (instance-1): /proc/driver/nvidia/version does not exist
Num GPUs Available:  0
PID: 19428
Description: svm
File dir is ../../doordash/prediction/cache/train_12
--- All variables have been collected. --
-------------------------------
New job directory is ../../doordash/prediction/cache/train_12/1
Reading prev_orders_market_id...
Time passed: 0.1346604824066162 secs
Reading prev_orders_store_id...
Time passed: 0.1275923252105713 secs
2022-08-15 03:40:18.524983: I tensorflow/core/platform/cpu_feature_guard.cc:151] This TensorFlow binary is optimized with oneAPI Deep Neural Network Library (oneDNN) to use the following CPU instructions in performance-critical operations:  AVX2 AVX512F FMA
To enable them in other operations, rebuild TensorFlow with the appropriate compiler flags.
--- training dataset contains 143743 elements ---
--- validation dataset contains 35936 elements ---
