2022-08-15 11:41:21.349807: W tensorflow/stream_executor/platform/default/dso_loader.cc:64] Could not load dynamic library 'libcudart.so.11.0'; dlerror: libcudart.so.11.0: cannot open shared object file: No such file or directory
2022-08-15 11:41:21.349865: I tensorflow/stream_executor/cuda/cudart_stub.cc:29] Ignore above cudart dlerror if you do not have a GPU set up on your machine.
-- Collecting Variables... --
Tensorflow Version: 2.7.0
2022-08-15 11:41:23.967647: W tensorflow/stream_executor/platform/default/dso_loader.cc:64] Could not load dynamic library 'libcuda.so.1'; dlerror: libcuda.so.1: cannot open shared object file: No such file or directory
2022-08-15 11:41:23.967689: W tensorflow/stream_executor/cuda/cuda_driver.cc:269] failed call to cuInit: UNKNOWN ERROR (303)
2022-08-15 11:41:23.967711: I tensorflow/stream_executor/cuda/cuda_diagnostics.cc:156] kernel driver does not appear to be running on this host (instance-1): /proc/driver/nvidia/version does not exist
Num GPUs Available:  0
PID: 27781
Description: 10% of train data
File dir is ../../doordash/prediction/cache/train_13
--- All variables have been collected. --
-------------------------------
New job directory is ../../doordash/prediction/cache/train_13/1
Reading prev_orders_market_id...
Time passed: 0.148421049118042 secs
Reading prev_orders_store_id...
Time passed: 0.13120651245117188 secs
--- training dataset contains 14374 elements ---
--- validation dataset contains 35936 elements ---
