2022-08-15 14:40:46.195910: W tensorflow/stream_executor/platform/default/dso_loader.cc:64] Could not load dynamic library 'libcudart.so.11.0'; dlerror: libcudart.so.11.0: cannot open shared object file: No such file or directory
2022-08-15 14:40:46.195971: I tensorflow/stream_executor/cuda/cudart_stub.cc:29] Ignore above cudart dlerror if you do not have a GPU set up on your machine.
-- Collecting Variables... --
Tensorflow Version: 2.7.0
2022-08-15 14:40:48.740773: W tensorflow/stream_executor/platform/default/dso_loader.cc:64] Could not load dynamic library 'libcuda.so.1'; dlerror: libcuda.so.1: cannot open shared object file: No such file or directory
2022-08-15 14:40:48.740810: W tensorflow/stream_executor/cuda/cuda_driver.cc:269] failed call to cuInit: UNKNOWN ERROR (303)
2022-08-15 14:40:48.740828: I tensorflow/stream_executor/cuda/cuda_diagnostics.cc:156] kernel driver does not appear to be running on this host (instance-1): /proc/driver/nvidia/version does not exist
Num GPUs Available:  0
PID: 7499
Description: random forest regressor
File dir is ../../doordash/prediction/cache/train_16
--- All variables have been collected. --
-------------------------------
New job directory is ../../doordash/prediction/cache/train_16/1
new job
parameters.n_estimators = 200
parameters.min_samples_split = 4
parameters.max_features = 4
Reading prev_orders_market_id...
Time passed: 0.1378941535949707 secs
Reading prev_orders_store_id...
Time passed: 0.1371898651123047 secs
['market_id', 'store_id', 'subtotal', 'total_onshift_dashers', 'total_busy_dashers', 'total_outstanding_orders', 'estimated_store_to_consumer_driving_duration', 'created_at_week_day', 'created_at_hour', 'created_at_month', 'created_at_day_of_month', 'prev_orders_market_id', 'prev_orders_store_id']
--- training dataset contains 143743 elements ---
--- validation dataset contains 35936 elements ---
Fitting...
Validating...
[0.03449547 0.11661369 0.10087576 0.08186051 0.06867725 0.08501128
 0.14645286 0.03521745 0.09164521 0.01047981 0.0873938  0.1227918
 0.01848511]
Val results
mean absolute error 667.344676
-------------------------------
New job directory is ../../doordash/prediction/cache/train_16/2
--- training dataset contains 143743 elements ---
--- validation dataset contains 35936 elements ---
Fitting...
Validating...
[0.05252145 0.08325137 0.14547051 0.09033892 0.07622678 0.08982524
 0.1452826  0.03576831 0.04780211 0.00556992 0.05740936 0.15115964
 0.01937379]
Val results
mean absolute error 666.331314
-------------------------------
New job directory is ../../doordash/prediction/cache/train_16/3
--- training dataset contains 143743 elements ---
--- validation dataset contains 35936 elements ---
Fitting...
Validating...
[0.04768913 0.10745179 0.10914413 0.08419443 0.06512111 0.07602264
 0.17294851 0.02959175 0.07434873 0.00415825 0.06965323 0.14431644
 0.01535986]
Val results
mean absolute error 659.579461
-------------------------------
New job directory is ../../doordash/prediction/cache/train_16/4
--- training dataset contains 143743 elements ---
--- validation dataset contains 35936 elements ---
Fitting...
Validating...
[0.0473814  0.1273334  0.12755382 0.07331732 0.06334089 0.07969884
 0.1534202  0.03296597 0.08640967 0.00557723 0.04969538 0.13785608
 0.0154498 ]
Val results
mean absolute error 653.930750
-------------------------------
New job directory is ../../doordash/prediction/cache/train_16/5
--- training dataset contains 143744 elements ---
--- validation dataset contains 35935 elements ---
Fitting...
Validating...
[0.04490709 0.13382902 0.09410055 0.08214425 0.06196733 0.07875674
 0.18694569 0.02948949 0.06447721 0.00588998 0.06423759 0.13675919
 0.01649587]
Val results
mean absolute error 658.209129
-------------------------------
New job directory is ../../doordash/prediction/cache/train_16/6
Kfold metrics
Kfold average mae: 661.079066 
-------------------------------
New job directory is ../../doordash/prediction/cache/train_16/7
new job
parameters.n_estimators = 200
parameters.min_samples_split = 4
parameters.max_features = 8
Reading prev_orders_market_id...
Time passed: 0.1285083293914795 secs
Reading prev_orders_store_id...
Time passed: 0.12189078330993652 secs
['market_id', 'store_id', 'subtotal', 'total_onshift_dashers', 'total_busy_dashers', 'total_outstanding_orders', 'estimated_store_to_consumer_driving_duration', 'created_at_week_day', 'created_at_hour', 'created_at_month', 'created_at_day_of_month', 'prev_orders_market_id', 'prev_orders_store_id']
--- training dataset contains 143743 elements ---
--- validation dataset contains 35936 elements ---
Fitting...
Validating...
[0.0483212  0.1132929  0.11190728 0.09218027 0.06845024 0.07615201
 0.16692332 0.0277963  0.07613725 0.00262123 0.05960594 0.14224717
 0.01436488]
Val results
mean absolute error 661.490998
-------------------------------
New job directory is ../../doordash/prediction/cache/train_16/8
--- training dataset contains 143743 elements ---
--- validation dataset contains 35936 elements ---
Fitting...
Validating...
[0.04341266 0.10317101 0.14075323 0.08129775 0.06511309 0.08445257
 0.17176615 0.03273503 0.06205534 0.00274889 0.06864512 0.12763468
 0.01621449]
Val results
mean absolute error 662.542246
-------------------------------
New job directory is ../../doordash/prediction/cache/train_16/9
--- training dataset contains 143743 elements ---
--- validation dataset contains 35936 elements ---
Fitting...
Validating...
[0.04370425 0.09927297 0.14629743 0.08046823 0.05560329 0.07155373
 0.18084349 0.03033305 0.07420812 0.00664552 0.0552471  0.13964345
 0.01617936]
Val results
mean absolute error 662.332940
-------------------------------
New job directory is ../../doordash/prediction/cache/train_16/10
--- training dataset contains 143743 elements ---
--- validation dataset contains 35936 elements ---
Fitting...
Validating...
[0.03328986 0.10120487 0.09659011 0.08725803 0.056449   0.08455894
 0.17380793 0.03381674 0.09531062 0.00522168 0.08264214 0.1326738
 0.01717629]
Val results
mean absolute error 669.267206
-------------------------------
New job directory is ../../doordash/prediction/cache/train_16/11
--- training dataset contains 143744 elements ---
--- validation dataset contains 35935 elements ---
Fitting...
Validating...
[0.04786214 0.08234509 0.16016491 0.08360233 0.05468876 0.08292697
 0.14094139 0.04047996 0.04404885 0.00370986 0.05975314 0.18057516
 0.01890144]
Val results
mean absolute error 675.753633
-------------------------------
New job directory is ../../doordash/prediction/cache/train_16/12
Kfold metrics
Kfold average mae: 666.277404 
-------------------------------
New job directory is ../../doordash/prediction/cache/train_16/13
new job
parameters.n_estimators = 200
parameters.min_samples_split = 4
parameters.max_features = 12
Reading prev_orders_market_id...
Time passed: 0.13228201866149902 secs
Reading prev_orders_store_id...
Time passed: 0.17141509056091309 secs
['market_id', 'store_id', 'subtotal', 'total_onshift_dashers', 'total_busy_dashers', 'total_outstanding_orders', 'estimated_store_to_consumer_driving_duration', 'created_at_week_day', 'created_at_hour', 'created_at_month', 'created_at_day_of_month', 'prev_orders_market_id', 'prev_orders_store_id']
--- training dataset contains 143743 elements ---
--- validation dataset contains 35936 elements ---
Fitting...
Validating...
[0.03804532 0.08704365 0.12482173 0.08140795 0.05176055 0.07181832
 0.21223845 0.02719069 0.05951327 0.00186193 0.06026178 0.17004876
 0.01398762]
Val results
mean absolute error 668.234363
-------------------------------
New job directory is ../../doordash/prediction/cache/train_16/14
--- training dataset contains 143743 elements ---
--- validation dataset contains 35936 elements ---
Fitting...
Validating...
[0.02473082 0.07431835 0.09265946 0.07693245 0.04679811 0.0779585
 0.30088633 0.03026349 0.05470256 0.00201431 0.06165925 0.14137352
 0.01570285]
Val results
mean absolute error 674.767189
-------------------------------
New job directory is ../../doordash/prediction/cache/train_16/15
--- training dataset contains 143743 elements ---
--- validation dataset contains 35936 elements ---
Fitting...
Validating...
[0.03242122 0.06898594 0.11048136 0.08222944 0.0567318  0.06982748
 0.24009456 0.02957615 0.0844835  0.0037187  0.05786402 0.14938818
 0.01419765]
Val results
mean absolute error 668.291421
-------------------------------
New job directory is ../../doordash/prediction/cache/train_16/16
--- training dataset contains 143743 elements ---
--- validation dataset contains 35936 elements ---
Fitting...
Validating...
[0.04852932 0.07814194 0.14112577 0.0813219  0.05178588 0.07246097
 0.15420948 0.03823631 0.03634845 0.00228107 0.05577767 0.22211724
 0.01766402]
Val results
mean absolute error 685.279978
-------------------------------
New job directory is ../../doordash/prediction/cache/train_16/17
--- training dataset contains 143744 elements ---
--- validation dataset contains 35935 elements ---
Fitting...
Validating...
[0.03133063 0.08315572 0.14519995 0.08739119 0.0602411  0.06327006
 0.22761231 0.02733671 0.04393864 0.00289859 0.05716559 0.15665062
 0.01380891]
Val results
mean absolute error 663.687042
-------------------------------
New job directory is ../../doordash/prediction/cache/train_16/18
Kfold metrics
Kfold average mae: 672.051999 
-------------------------------
New job directory is ../../doordash/prediction/cache/train_16/19
new job
parameters.n_estimators = 200
parameters.min_samples_split = 8
parameters.max_features = 4
Reading prev_orders_market_id...
Time passed: 0.1311030387878418 secs
Reading prev_orders_store_id...
Time passed: 0.11927342414855957 secs
['market_id', 'store_id', 'subtotal', 'total_onshift_dashers', 'total_busy_dashers', 'total_outstanding_orders', 'estimated_store_to_consumer_driving_duration', 'created_at_week_day', 'created_at_hour', 'created_at_month', 'created_at_day_of_month', 'prev_orders_market_id', 'prev_orders_store_id']
--- training dataset contains 143743 elements ---
--- validation dataset contains 35936 elements ---
Fitting...
Validating...
[0.05121369 0.09139771 0.12201693 0.08666216 0.05423296 0.08554896
 0.16799039 0.0338163  0.07781517 0.00457026 0.06836974 0.14081409
 0.01555164]
Val results
mean absolute error 658.456791
-------------------------------
New job directory is ../../doordash/prediction/cache/train_16/20
--- training dataset contains 143743 elements ---
--- validation dataset contains 35936 elements ---
Fitting...
Validating...
[0.03983021 0.09896491 0.11335685 0.08726455 0.06471219 0.07106443
 0.16449499 0.03522446 0.09669314 0.00418029 0.07018036 0.13981114
 0.01422247]
Val results
mean absolute error 659.192234
-------------------------------
New job directory is ../../doordash/prediction/cache/train_16/21
--- training dataset contains 143743 elements ---
--- validation dataset contains 35936 elements ---
Fitting...
Validating...
[0.03075462 0.09711231 0.10411801 0.09053072 0.05788584 0.08839025
 0.16878823 0.03826065 0.07847117 0.00693087 0.07934135 0.14078309
 0.01863288]
Val results
mean absolute error 658.843945
-------------------------------
New job directory is ../../doordash/prediction/cache/train_16/22
--- training dataset contains 143743 elements ---
--- validation dataset contains 35936 elements ---
Fitting...
Validating...
[0.0525215  0.10162934 0.1067784  0.08698308 0.06138839 0.07483804
 0.16941273 0.03185038 0.07991627 0.00578912 0.06388443 0.1498358
 0.01517253]
Val results
mean absolute error 656.968000
-------------------------------
New job directory is ../../doordash/prediction/cache/train_16/23
--- training dataset contains 143744 elements ---
--- validation dataset contains 35935 elements ---
Fitting...
Validating...
[0.05954952 0.07696299 0.14087507 0.08445914 0.06501577 0.09411803
 0.1520058  0.03611298 0.05161069 0.00551629 0.06192578 0.15090533
 0.02094261]
Val results
mean absolute error 659.230313
-------------------------------
New job directory is ../../doordash/prediction/cache/train_16/24
Kfold metrics
Kfold average mae: 658.538257 
-------------------------------
New job directory is ../../doordash/prediction/cache/train_16/25
new job
parameters.n_estimators = 200
parameters.min_samples_split = 8
parameters.max_features = 8
Reading prev_orders_market_id...
Time passed: 0.1286306381225586 secs
Reading prev_orders_store_id...
Time passed: 0.11786437034606934 secs
['market_id', 'store_id', 'subtotal', 'total_onshift_dashers', 'total_busy_dashers', 'total_outstanding_orders', 'estimated_store_to_consumer_driving_duration', 'created_at_week_day', 'created_at_hour', 'created_at_month', 'created_at_day_of_month', 'prev_orders_market_id', 'prev_orders_store_id']
--- training dataset contains 143743 elements ---
--- validation dataset contains 35936 elements ---
Fitting...
Validating...
[0.05219752 0.08598266 0.11872483 0.09168605 0.05524065 0.07505263
 0.17453325 0.02847286 0.06628192 0.00498202 0.06368101 0.1693345
 0.0138301 ]
Val results
mean absolute error 663.372319
-------------------------------
New job directory is ../../doordash/prediction/cache/train_16/26
--- training dataset contains 143743 elements ---
--- validation dataset contains 35936 elements ---
Fitting...
Validating...
[0.04469492 0.09358678 0.1182287  0.07363906 0.05582402 0.06677346
 0.2096324  0.0267764  0.08546268 0.00238164 0.0518509  0.15839076
 0.01275828]
Val results
mean absolute error 664.450433
-------------------------------
New job directory is ../../doordash/prediction/cache/train_16/27
--- training dataset contains 143743 elements ---
--- validation dataset contains 35936 elements ---
Fitting...
Validating...
[0.0307973  0.08729012 0.12627592 0.0982416  0.05832657 0.0935877
 0.15193767 0.04559372 0.06001374 0.00393966 0.07770553 0.14423573
 0.02205475]
Val results
mean absolute error 678.288018
-------------------------------
New job directory is ../../doordash/prediction/cache/train_16/28
--- training dataset contains 143743 elements ---
--- validation dataset contains 35936 elements ---
Fitting...
Validating...
[0.04072494 0.08471048 0.10145286 0.07623575 0.05100649 0.0695678
 0.20061125 0.02789648 0.09259461 0.00240123 0.07699525 0.16135375
 0.01444911]
Val results
mean absolute error 657.560265
-------------------------------
New job directory is ../../doordash/prediction/cache/train_16/29
--- training dataset contains 143744 elements ---
--- validation dataset contains 35935 elements ---
Fitting...
Validating...
[0.04139443 0.08634097 0.13193397 0.07895998 0.04437131 0.06954593
 0.20101404 0.0282688  0.08329277 0.00239955 0.06492742 0.15226383
 0.01528701]
Val results
mean absolute error 658.856379
-------------------------------
New job directory is ../../doordash/prediction/cache/train_16/30
Kfold metrics
Kfold average mae: 664.505483 
-------------------------------
New job directory is ../../doordash/prediction/cache/train_16/31
new job
parameters.n_estimators = 200
parameters.min_samples_split = 8
parameters.max_features = 12
Reading prev_orders_market_id...
Time passed: 0.1270754337310791 secs
Reading prev_orders_store_id...
Time passed: 0.1192924976348877 secs
['market_id', 'store_id', 'subtotal', 'total_onshift_dashers', 'total_busy_dashers', 'total_outstanding_orders', 'estimated_store_to_consumer_driving_duration', 'created_at_week_day', 'created_at_hour', 'created_at_month', 'created_at_day_of_month', 'prev_orders_market_id', 'prev_orders_store_id']
--- training dataset contains 143743 elements ---
--- validation dataset contains 35936 elements ---
Fitting...
Validating...
[0.02642764 0.08283466 0.09441846 0.08037254 0.03991826 0.06912217
 0.25265697 0.03120521 0.09459656 0.00155045 0.08082487 0.13048288
 0.01558933]
Val results
mean absolute error 672.568462
-------------------------------
New job directory is ../../doordash/prediction/cache/train_16/32
--- training dataset contains 143743 elements ---
--- validation dataset contains 35936 elements ---
Fitting...
Validating...
[0.04387262 0.07529664 0.09816352 0.06421663 0.03619731 0.07621248
 0.24379808 0.03008681 0.0637782  0.00132243 0.05289253 0.20106286
 0.01309991]
Val results
mean absolute error 664.668767
-------------------------------
New job directory is ../../doordash/prediction/cache/train_16/33
--- training dataset contains 143743 elements ---
--- validation dataset contains 35936 elements ---
Fitting...
Validating...
[0.04462315 0.07955216 0.13396008 0.08531444 0.05204088 0.08373151
 0.1569314  0.0378026  0.03806691 0.00184807 0.06426509 0.20331067
 0.01855303]
Val results
mean absolute error 670.256590
-------------------------------
New job directory is ../../doordash/prediction/cache/train_16/34
--- training dataset contains 143743 elements ---
--- validation dataset contains 35936 elements ---
Fitting...
Validating...
[0.0458159  0.07444915 0.11672966 0.07795623 0.05323993 0.06703207
 0.26537334 0.02676858 0.04347847 0.00133449 0.05929589 0.15469478
 0.0138315 ]
Val results
mean absolute error 665.487778
-------------------------------
New job directory is ../../doordash/prediction/cache/train_16/35
--- training dataset contains 143744 elements ---
--- validation dataset contains 35935 elements ---
Fitting...
Validating...
[0.04583579 0.07325314 0.14220808 0.06927344 0.03794518 0.05871933
 0.26100497 0.02632991 0.06930697 0.00140931 0.05020784 0.15246734
 0.01203869]
Val results
mean absolute error 674.298490
-------------------------------
New job directory is ../../doordash/prediction/cache/train_16/36
Kfold metrics
Kfold average mae: 669.456018 
-------------------------------
New job directory is ../../doordash/prediction/cache/train_16/37
new job
parameters.n_estimators = 200
parameters.min_samples_split = 12
parameters.max_features = 4
Reading prev_orders_market_id...
Time passed: 0.12939691543579102 secs
Reading prev_orders_store_id...
Time passed: 0.12279152870178223 secs
['market_id', 'store_id', 'subtotal', 'total_onshift_dashers', 'total_busy_dashers', 'total_outstanding_orders', 'estimated_store_to_consumer_driving_duration', 'created_at_week_day', 'created_at_hour', 'created_at_month', 'created_at_day_of_month', 'prev_orders_market_id', 'prev_orders_store_id']
--- training dataset contains 143743 elements ---
--- validation dataset contains 35936 elements ---
Fitting...
Validating...
[0.03143831 0.12105335 0.09824255 0.0854504  0.05753559 0.08323996
 0.17432414 0.03457108 0.08876304 0.00661308 0.07665304 0.12510416
 0.0170113 ]
Val results
mean absolute error 663.856211
-------------------------------
New job directory is ../../doordash/prediction/cache/train_16/38
--- training dataset contains 143743 elements ---
--- validation dataset contains 35936 elements ---
Fitting...
Validating...
[0.05903035 0.10000177 0.1018364  0.08634902 0.05352066 0.08573772
 0.15371002 0.03409209 0.07708    0.00724528 0.06968817 0.15701231
 0.01469621]
Val results
mean absolute error 648.681201
-------------------------------
New job directory is ../../doordash/prediction/cache/train_16/39
--- training dataset contains 143743 elements ---
--- validation dataset contains 35936 elements ---
Fitting...
Validating...
[0.04672556 0.10197817 0.10547673 0.08888352 0.05473707 0.08604417
 0.15632585 0.03309939 0.07343259 0.00546969 0.0762159  0.15713892
 0.01447242]
Val results
mean absolute error 654.238442
-------------------------------
New job directory is ../../doordash/prediction/cache/train_16/40
--- training dataset contains 143743 elements ---
--- validation dataset contains 35936 elements ---
Fitting...
Validating...
[0.06388036 0.06794792 0.13438361 0.09377504 0.06484059 0.08859764
 0.14645234 0.04174704 0.05345658 0.00497155 0.06344356 0.15820719
 0.01829656]
Val results
mean absolute error 666.189151
-------------------------------
New job directory is ../../doordash/prediction/cache/train_16/41
--- training dataset contains 143744 elements ---
--- validation dataset contains 35935 elements ---
Fitting...
Validating...
[0.07220682 0.11386419 0.10700161 0.0800179  0.04659404 0.08076079
 0.1700242  0.0323153  0.06636374 0.00446628 0.06672186 0.14481805
 0.01484524]
Val results
mean absolute error 657.335098
-------------------------------
New job directory is ../../doordash/prediction/cache/train_16/42
Kfold metrics
Kfold average mae: 658.060021 
-------------------------------
New job directory is ../../doordash/prediction/cache/train_16/43
new job
parameters.n_estimators = 200
parameters.min_samples_split = 12
parameters.max_features = 8
Reading prev_orders_market_id...
Time passed: 0.12846660614013672 secs
Reading prev_orders_store_id...
Time passed: 0.12133502960205078 secs
['market_id', 'store_id', 'subtotal', 'total_onshift_dashers', 'total_busy_dashers', 'total_outstanding_orders', 'estimated_store_to_consumer_driving_duration', 'created_at_week_day', 'created_at_hour', 'created_at_month', 'created_at_day_of_month', 'prev_orders_market_id', 'prev_orders_store_id']
--- training dataset contains 143743 elements ---
--- validation dataset contains 35936 elements ---
Fitting...
Validating...
[0.02679441 0.08657923 0.08928198 0.08700678 0.05617516 0.06997219
 0.19102852 0.03265668 0.13198668 0.00268461 0.06665804 0.14377233
 0.01540338]
Val results
mean absolute error 674.112873
-------------------------------
New job directory is ../../doordash/prediction/cache/train_16/44
--- training dataset contains 143743 elements ---
--- validation dataset contains 35936 elements ---
Fitting...
Validating...
[0.04923879 0.06786339 0.16361526 0.08576154 0.05020674 0.08696479
 0.14258012 0.04282249 0.05400727 0.00274598 0.06609384 0.1696305
 0.0184693 ]
Val results
mean absolute error 666.948570
-------------------------------
New job directory is ../../doordash/prediction/cache/train_16/45
--- training dataset contains 143743 elements ---
--- validation dataset contains 35936 elements ---
Fitting...
Validating...
[0.0480726  0.08076949 0.12323476 0.07323927 0.04439101 0.0637754
 0.22302519 0.03103939 0.08571081 0.00236971 0.07071574 0.14001608
 0.01364055]
Val results
mean absolute error 657.487884
-------------------------------
New job directory is ../../doordash/prediction/cache/train_16/46
--- training dataset contains 143743 elements ---
--- validation dataset contains 35936 elements ---
Fitting...
Validating...
[0.04121161 0.09067779 0.10492278 0.07535404 0.04642889 0.07234792
 0.21944901 0.02931051 0.07578059 0.00240162 0.06172772 0.16710496
 0.01328256]
Val results
mean absolute error 653.907299
-------------------------------
New job directory is ../../doordash/prediction/cache/train_16/47
--- training dataset contains 143744 elements ---
--- validation dataset contains 35935 elements ---
Fitting...
Validating...
[0.05441069 0.09890146 0.10896757 0.07973491 0.04222213 0.07254557
 0.18991956 0.03171623 0.078924   0.00238813 0.0614948  0.16490858
 0.01386638]
Val results
mean absolute error 660.997362
-------------------------------
New job directory is ../../doordash/prediction/cache/train_16/48
Kfold metrics
Kfold average mae: 662.690798 
-------------------------------
New job directory is ../../doordash/prediction/cache/train_16/49
new job
parameters.n_estimators = 200
parameters.min_samples_split = 12
parameters.max_features = 12
Reading prev_orders_market_id...
Time passed: 0.12914013862609863 secs
Reading prev_orders_store_id...
Time passed: 0.1204378604888916 secs
['market_id', 'store_id', 'subtotal', 'total_onshift_dashers', 'total_busy_dashers', 'total_outstanding_orders', 'estimated_store_to_consumer_driving_duration', 'created_at_week_day', 'created_at_hour', 'created_at_month', 'created_at_day_of_month', 'prev_orders_market_id', 'prev_orders_store_id']
--- training dataset contains 143743 elements ---
--- validation dataset contains 35936 elements ---
Fitting...
Validating...
[0.05212952 0.06880448 0.14333815 0.08539935 0.04375386 0.07936122
 0.16409394 0.03948981 0.04209802 0.00159074 0.06678458 0.19501649
 0.01813984]
Val results
mean absolute error 675.504505
-------------------------------
New job directory is ../../doordash/prediction/cache/train_16/50
--- training dataset contains 143743 elements ---
--- validation dataset contains 35936 elements ---
Fitting...
Validating...
[0.04490048 0.07413294 0.09478907 0.07368557 0.04731027 0.06682958
 0.2806542  0.03049981 0.05097941 0.00119702 0.06110616 0.16008811
 0.01382739]
Val results
mean absolute error 661.750368
-------------------------------
New job directory is ../../doordash/prediction/cache/train_16/51
--- training dataset contains 143743 elements ---
--- validation dataset contains 35936 elements ---
Fitting...
Validating...
[0.05015016 0.07930546 0.1166148  0.07090137 0.03952357 0.06394757
 0.25896118 0.0300029  0.0560255  0.00117607 0.0596365  0.16126661
 0.01248829]
Val results
mean absolute error 662.802698
-------------------------------
New job directory is ../../doordash/prediction/cache/train_16/52
--- training dataset contains 143743 elements ---
--- validation dataset contains 35936 elements ---
Fitting...
Validating...
[0.02237772 0.07488356 0.0927178  0.08203641 0.04979924 0.0738284
 0.29526216 0.03299505 0.05281328 0.00139635 0.07206903 0.13495095
 0.01487005]
Val results
mean absolute error 665.818691
-------------------------------
New job directory is ../../doordash/prediction/cache/train_16/53
--- training dataset contains 143744 elements ---
--- validation dataset contains 35935 elements ---
Fitting...
Validating...
[0.0357529  0.06161732 0.10080207 0.07484966 0.04027083 0.05847022
 0.24592841 0.02810206 0.08771266 0.00115292 0.04801131 0.20490105
 0.01242861]
Val results
mean absolute error 664.902295
-------------------------------
New job directory is ../../doordash/prediction/cache/train_16/54
Kfold metrics
Kfold average mae: 666.155711 
-------------------------------
New job directory is ../../doordash/prediction/cache/train_16/55
new job
parameters.n_estimators = 300
parameters.min_samples_split = 4
parameters.max_features = 4
Reading prev_orders_market_id...
Time passed: 0.14374518394470215 secs
Reading prev_orders_store_id...
Time passed: 0.12087774276733398 secs
['market_id', 'store_id', 'subtotal', 'total_onshift_dashers', 'total_busy_dashers', 'total_outstanding_orders', 'estimated_store_to_consumer_driving_duration', 'created_at_week_day', 'created_at_hour', 'created_at_month', 'created_at_day_of_month', 'prev_orders_market_id', 'prev_orders_store_id']
--- training dataset contains 143743 elements ---
--- validation dataset contains 35936 elements ---
Fitting...
Validating...
[0.05129236 0.11138222 0.11668091 0.07261667 0.07148774 0.08554861
 0.14909294 0.03289901 0.08055805 0.00742639 0.07036981 0.13450373
 0.01614157]
Val results
mean absolute error 660.181084
-------------------------------
New job directory is ../../doordash/prediction/cache/train_16/56
--- training dataset contains 143743 elements ---
--- validation dataset contains 35936 elements ---
Fitting...
