2022-08-15 14:44:19.854102: W tensorflow/stream_executor/platform/default/dso_loader.cc:64] Could not load dynamic library 'libcudart.so.11.0'; dlerror: libcudart.so.11.0: cannot open shared object file: No such file or directory
2022-08-15 14:44:19.854163: I tensorflow/stream_executor/cuda/cudart_stub.cc:29] Ignore above cudart dlerror if you do not have a GPU set up on your machine.
-- Collecting Variables... --
Tensorflow Version: 2.7.0
2022-08-15 14:44:22.453991: W tensorflow/stream_executor/platform/default/dso_loader.cc:64] Could not load dynamic library 'libcuda.so.1'; dlerror: libcuda.so.1: cannot open shared object file: No such file or directory
2022-08-15 14:44:22.454030: W tensorflow/stream_executor/cuda/cuda_driver.cc:269] failed call to cuInit: UNKNOWN ERROR (303)
2022-08-15 14:44:22.454051: I tensorflow/stream_executor/cuda/cuda_diagnostics.cc:156] kernel driver does not appear to be running on this host (instance-1): /proc/driver/nvidia/version does not exist
Num GPUs Available:  0
PID: 8578
Description: trees with absolute error criterion
File dir is ../../doordash/prediction/cache/train_17
--- All variables have been collected. --
-------------------------------
New job directory is ../../doordash/prediction/cache/train_17/1
Reading prev_orders_market_id...
Time passed: 0.13906311988830566 secs
Reading prev_orders_store_id...
Time passed: 0.13022112846374512 secs
--- training dataset contains 143743 elements ---
--- validation dataset contains 35936 elements ---
Fitting...
