2022-08-15 16:08:23.604234: W tensorflow/stream_executor/platform/default/dso_loader.cc:64] Could not load dynamic library 'libcudart.so.11.0'; dlerror: libcudart.so.11.0: cannot open shared object file: No such file or directory
2022-08-15 16:08:23.604298: I tensorflow/stream_executor/cuda/cudart_stub.cc:29] Ignore above cudart dlerror if you do not have a GPU set up on your machine.
-- Collecting Variables... --
Tensorflow Version: 2.7.0
2022-08-15 16:08:26.663506: W tensorflow/stream_executor/platform/default/dso_loader.cc:64] Could not load dynamic library 'libcuda.so.1'; dlerror: libcuda.so.1: cannot open shared object file: No such file or directory
2022-08-15 16:08:26.663546: W tensorflow/stream_executor/cuda/cuda_driver.cc:269] failed call to cuInit: UNKNOWN ERROR (303)
2022-08-15 16:08:26.663570: I tensorflow/stream_executor/cuda/cuda_diagnostics.cc:156] kernel driver does not appear to be running on this host (instance-1): /proc/driver/nvidia/version does not exist
Num GPUs Available:  0
PID: 15996
Description: adding/omitting parameters
File dir is ../../doordash/prediction/cache/train_19
--- All variables have been collected. --
-------------------------------
New job directory is ../../doordash/prediction/cache/train_19/1
Augmenting...
4 features have been added: ['created_at_week_day', 'created_at_hour', 'created_at_month', 'created_at_day_of_month']
--- training dataset contains 143743 elements ---
--- validation dataset contains 35936 elements ---
Fitting...
Validating...
[0.0455592  0.13070826 0.15990199 0.09252606 0.07445812 0.10698704
 0.17754138 0.04151139 0.09500714 0.00757451 0.06822491]
Val results
mean absolute error 658.053661
Kfold metrics
Kfold average mae: 658.053661 
-------------------------------
New job directory is ../../doordash/prediction/cache/train_19/2
Augmenting...
Reading prev_orders_market_id...
Time passed: 0.13123083114624023 secs
5 features have been added: ['created_at_week_day', 'created_at_hour', 'created_at_month', 'created_at_day_of_month', 'prev_orders_market_id']
--- training dataset contains 143743 elements ---
--- validation dataset contains 35936 elements ---
Fitting...
Validating...
[0.03202282 0.08861385 0.12729524 0.09624091 0.0683922  0.10261672
 0.15446319 0.04375525 0.06109765 0.00628228 0.07641767 0.14280223]
Val results
mean absolute error 672.555586
Kfold metrics
Kfold average mae: 672.555586 
-------------------------------
New job directory is ../../doordash/prediction/cache/train_19/3
Augmenting...
Reading prev_orders_store_id...
Time passed: 0.18249154090881348 secs
5 features have been added: ['created_at_week_day', 'created_at_hour', 'created_at_month', 'created_at_day_of_month', 'prev_orders_store_id']
--- training dataset contains 143743 elements ---
--- validation dataset contains 35936 elements ---
Fitting...
Validating...
[0.04461647 0.14343798 0.13090109 0.09401799 0.08294954 0.10978798
 0.17885911 0.04159445 0.07643128 0.00649046 0.07351513 0.01739853]
Val results
mean absolute error 656.623539
Kfold metrics
Kfold average mae: 656.623539 
-------------------------------
New job directory is ../../doordash/prediction/cache/train_19/4
