2022-08-15 16:48:20.552357: W tensorflow/stream_executor/platform/default/dso_loader.cc:64] Could not load dynamic library 'libcudart.so.11.0'; dlerror: libcudart.so.11.0: cannot open shared object file: No such file or directory
2022-08-15 16:48:20.552411: I tensorflow/stream_executor/cuda/cudart_stub.cc:29] Ignore above cudart dlerror if you do not have a GPU set up on your machine.
-- Collecting Variables... --
Tensorflow Version: 2.7.0
2022-08-15 16:48:23.141387: W tensorflow/stream_executor/platform/default/dso_loader.cc:64] Could not load dynamic library 'libcuda.so.1'; dlerror: libcuda.so.1: cannot open shared object file: No such file or directory
2022-08-15 16:48:23.141446: W tensorflow/stream_executor/cuda/cuda_driver.cc:269] failed call to cuInit: UNKNOWN ERROR (303)
2022-08-15 16:48:23.141480: I tensorflow/stream_executor/cuda/cuda_diagnostics.cc:156] kernel driver does not appear to be running on this host (instance-1): /proc/driver/nvidia/version does not exist
Num GPUs Available:  0
PID: 19208
Description: testing params
File dir is ../../doordash/prediction/cache/train_20
--- All variables have been collected. --
-------------------------------
New job directory is ../../doordash/prediction/cache/train_20/1
new job
parameters.n_estimators = 300
parameters.min_samples_split = 12
parameters.max_features = 4
Augmenting...
Reading prev_orders_market_id...
Time passed: 0.16356325149536133 secs
Reading prev_orders_store_id...
Time passed: 0.15231800079345703 secs
6 features have been added: ['created_at_week_day', 'created_at_hour', 'created_at_month', 'created_at_day_of_month', 'prev_orders_market_id', 'prev_orders_store_id']
--- training dataset contains 143743 elements ---
--- validation dataset contains 35936 elements ---
Fitting...
Validating...
['market_id', 'store_id', 'subtotal', 'total_onshift_dashers', 'total_busy_dashers', 'total_outstanding_orders', 'estimated_store_to_consumer_driving_duration', 'created_at_week_day', 'created_at_hour', 'created_at_month', 'created_at_day_of_month', 'prev_orders_market_id', 'prev_orders_store_id']
[0.03834744 0.0975597  0.09766374 0.08812384 0.05589608 0.09287351
 0.1630176  0.03861314 0.10069483 0.005264   0.07992769 0.12471844
 0.01729998]
top values:
[ 20089.7496457   23429.01126629  44922.81608353  53815.62864766
 328194.26426973]
Val results
mean absolute error 664.396868
Kfold metrics
Kfold average mae: 664.396868
-------------------------------
New job directory is ../../doordash/prediction/cache/train_20/2
new job
parameters.n_estimators = 300
parameters.min_samples_split = 12
parameters.max_features = 12
Augmenting...
Reading prev_orders_market_id...
Time passed: 0.13376736640930176 secs
Reading prev_orders_store_id...
Time passed: 0.12517070770263672 secs
6 features have been added: ['created_at_week_day', 'created_at_hour', 'created_at_month', 'created_at_day_of_month', 'prev_orders_market_id', 'prev_orders_store_id']
--- training dataset contains 143743 elements ---
--- validation dataset contains 35936 elements ---
Fitting...
Validating...
['market_id', 'store_id', 'subtotal', 'total_onshift_dashers', 'total_busy_dashers', 'total_outstanding_orders', 'estimated_store_to_consumer_driving_duration', 'created_at_week_day', 'created_at_hour', 'created_at_month', 'created_at_day_of_month', 'prev_orders_market_id', 'prev_orders_store_id']
[0.04670455 0.07903082 0.10841073 0.0707793  0.03825106 0.07148457
 0.22672603 0.02940886 0.05807708 0.00120914 0.07131476 0.18553912
 0.01306395]
top values:
[15689.55378757 17942.83424561 19639.84672849 24534.65929485
 35561.40587411]
Val results
mean absolute error 661.782006
Kfold metrics
Kfold average mae: 661.782006
-------------------------------
New job directory is ../../doordash/prediction/cache/train_20/3
new job
parameters.n_estimators = 300
parameters.min_samples_split = 16
parameters.max_features = 4
Augmenting...
Reading prev_orders_market_id...
Time passed: 0.13003206253051758 secs
Reading prev_orders_store_id...
Time passed: 0.12188363075256348 secs
6 features have been added: ['created_at_week_day', 'created_at_hour', 'created_at_month', 'created_at_day_of_month', 'prev_orders_market_id', 'prev_orders_store_id']
--- training dataset contains 143743 elements ---
--- validation dataset contains 35936 elements ---
Fitting...
Validating...
['market_id', 'store_id', 'subtotal', 'total_onshift_dashers', 'total_busy_dashers', 'total_outstanding_orders', 'estimated_store_to_consumer_driving_duration', 'created_at_week_day', 'created_at_hour', 'created_at_month', 'created_at_day_of_month', 'prev_orders_market_id', 'prev_orders_store_id']
[0.05665829 0.08293065 0.11467021 0.08228105 0.05712883 0.07763554
 0.17606742 0.03236243 0.08229384 0.00520543 0.06502176 0.15309033
 0.01465422]
top values:
[19357.03187408 19636.09322156 20387.05974158 28894.06198889
 44871.98543645]
Val results
mean absolute error 654.000022
Kfold metrics
Kfold average mae: 654.000022
-------------------------------
New job directory is ../../doordash/prediction/cache/train_20/4
new job
parameters.n_estimators = 300
parameters.min_samples_split = 16
parameters.max_features = 12
Augmenting...
Reading prev_orders_market_id...
Time passed: 0.1350727081298828 secs
Reading prev_orders_store_id...
Time passed: 0.13516545295715332 secs
6 features have been added: ['created_at_week_day', 'created_at_hour', 'created_at_month', 'created_at_day_of_month', 'prev_orders_market_id', 'prev_orders_store_id']
--- training dataset contains 143743 elements ---
--- validation dataset contains 35936 elements ---
Fitting...
Validating...
['market_id', 'store_id', 'subtotal', 'total_onshift_dashers', 'total_busy_dashers', 'total_outstanding_orders', 'estimated_store_to_consumer_driving_duration', 'created_at_week_day', 'created_at_hour', 'created_at_month', 'created_at_day_of_month', 'prev_orders_market_id', 'prev_orders_store_id']
[0.03070205 0.08335346 0.12899397 0.101969   0.04705024 0.09184992
 0.15449698 0.04619126 0.0470346  0.00172474 0.07964197 0.16737731
 0.01961448]
top values:
[ 14760.83860849  16925.62830708  24528.85248722 328110.87583559
 370066.23309699]
Val results
mean absolute error 678.005226
Kfold metrics
Kfold average mae: 678.005226
-------------------------------
New job directory is ../../doordash/prediction/cache/train_20/5
new job
parameters.n_estimators = 350
parameters.min_samples_split = 12
parameters.max_features = 4
Augmenting...
Reading prev_orders_market_id...
Time passed: 0.13230395317077637 secs
Reading prev_orders_store_id...
Time passed: 0.12337970733642578 secs
6 features have been added: ['created_at_week_day', 'created_at_hour', 'created_at_month', 'created_at_day_of_month', 'prev_orders_market_id', 'prev_orders_store_id']
--- training dataset contains 143743 elements ---
--- validation dataset contains 35936 elements ---
Fitting...
Validating...
['market_id', 'store_id', 'subtotal', 'total_onshift_dashers', 'total_busy_dashers', 'total_outstanding_orders', 'estimated_store_to_consumer_driving_duration', 'created_at_week_day', 'created_at_hour', 'created_at_month', 'created_at_day_of_month', 'prev_orders_market_id', 'prev_orders_store_id']
[0.05560552 0.06885963 0.12953347 0.09179471 0.06610727 0.0981772
 0.15116043 0.04245375 0.05512967 0.00531642 0.06447764 0.15360281
 0.01778148]
top values:
[ 13814.66397703  14728.8988534   19019.59517574  28911.75155733
 369748.33023994]
Val results
mean absolute error 663.744954
Kfold metrics
Kfold average mae: 663.744954
-------------------------------
New job directory is ../../doordash/prediction/cache/train_20/6
new job
parameters.n_estimators = 350
parameters.min_samples_split = 12
parameters.max_features = 12
Augmenting...
Reading prev_orders_market_id...
Time passed: 0.12849092483520508 secs
Reading prev_orders_store_id...
Time passed: 0.12192702293395996 secs
6 features have been added: ['created_at_week_day', 'created_at_hour', 'created_at_month', 'created_at_day_of_month', 'prev_orders_market_id', 'prev_orders_store_id']
--- training dataset contains 143743 elements ---
--- validation dataset contains 35936 elements ---
Fitting...
Validating...
['market_id', 'store_id', 'subtotal', 'total_onshift_dashers', 'total_busy_dashers', 'total_outstanding_orders', 'estimated_store_to_consumer_driving_duration', 'created_at_week_day', 'created_at_hour', 'created_at_month', 'created_at_day_of_month', 'prev_orders_market_id', 'prev_orders_store_id']
[0.03974139 0.06891544 0.09155464 0.08443367 0.04501249 0.06688022
 0.28172988 0.02872505 0.05921447 0.00117876 0.05451335 0.16497683
 0.0131238 ]
top values:
[35571.66243445 36789.48787858 42182.46451516 50981.44100768
 53666.64858882]
     Val results
mean absolute error 666.219446
Kfold metrics
Kfold average mae: 666.219446 
-------------------------------
New job directory is ../../doordash/prediction/cache/train_20/7
new job
parameters.n_estimators = 350
parameters.min_samples_split = 16
parameters.max_features = 4
Augmenting...
Reading prev_orders_market_id...
Time passed: 0.13193678855895996 secs
Reading prev_orders_store_id...
Time passed: 0.12128114700317383 secs
6 features have been added: ['created_at_week_day', 'created_at_hour', 'created_at_month', 'created_at_day_of_month', 'prev_orders_market_id', 'prev_orders_store_id']
--- training dataset contains 143743 elements ---
--- validation dataset contains 35936 elements ---
Fitting...
Validating...
['market_id', 'store_id', 'subtotal', 'total_onshift_dashers', 'total_busy_dashers', 'total_outstanding_orders', 'estimated_store_to_consumer_driving_duration', 'created_at_week_day', 'created_at_hour', 'created_at_month', 'created_at_day_of_month', 'prev_orders_market_id', 'prev_orders_store_id']
[0.05352286 0.08938927 0.11051594 0.09030372 0.06402354 0.08140807
 0.16532148 0.03449973 0.07344023 0.00498037 0.06522626 0.15371121
 0.01365731]
top values:
[16977.85310689 17711.00950378 19076.14673345 28842.9091157
 35387.4106551 ]
Val results
mean absolute error 651.359192
Kfold metrics
Kfold average mae: 651.359192 
-------------------------------
New job directory is ../../doordash/prediction/cache/train_20/8
new job
parameters.n_estimators = 350
parameters.min_samples_split = 16
parameters.max_features = 12
Augmenting...
Reading prev_orders_market_id...
Time passed: 0.12992262840270996 secs
Reading prev_orders_store_id...
Time passed: 0.1255488395690918 secs
6 features have been added: ['created_at_week_day', 'created_at_hour', 'created_at_month', 'created_at_day_of_month', 'prev_orders_market_id', 'prev_orders_store_id']
--- training dataset contains 143743 elements ---
--- validation dataset contains 35936 elements ---
Fitting...
Validating...
['market_id', 'store_id', 'subtotal', 'total_onshift_dashers', 'total_busy_dashers', 'total_outstanding_orders', 'estimated_store_to_consumer_driving_duration', 'created_at_week_day', 'created_at_hour', 'created_at_month', 'created_at_day_of_month', 'prev_orders_market_id', 'prev_orders_store_id']
[0.04105915 0.07132747 0.10011023 0.07188406 0.04401225 0.06404643
 0.26157436 0.03472867 0.06897078 0.00113032 0.06245797 0.16557815
 0.01312016]
top values:
[20246.86831095 25150.17752601 29502.22751361 35555.53565561
 51078.21538139]
Val results
mean absolute error 661.872632
Kfold metrics
Kfold average mae: 661.872632 
-------------------------------
New job directory is ../../doordash/prediction/cache/train_20/9
