2022-08-15 17:25:54.437913: W tensorflow/stream_executor/platform/default/dso_loader.cc:64] Could not load dynamic library 'libcudart.so.11.0'; dlerror: libcudart.so.11.0: cannot open shared object file: No such file or directory
2022-08-15 17:25:54.437974: I tensorflow/stream_executor/cuda/cudart_stub.cc:29] Ignore above cudart dlerror if you do not have a GPU set up on your machine.
-- Collecting Variables... --
Tensorflow Version: 2.7.0
2022-08-15 17:25:57.011536: W tensorflow/stream_executor/platform/default/dso_loader.cc:64] Could not load dynamic library 'libcuda.so.1'; dlerror: libcuda.so.1: cannot open shared object file: No such file or directory
2022-08-15 17:25:57.011577: W tensorflow/stream_executor/cuda/cuda_driver.cc:269] failed call to cuInit: UNKNOWN ERROR (303)
2022-08-15 17:25:57.011596: I tensorflow/stream_executor/cuda/cuda_diagnostics.cc:156] kernel driver does not appear to be running on this host (instance-1): /proc/driver/nvidia/version does not exist
Num GPUs Available:  0
PID: 29105
Description: forest without outliers
File dir is ../../doordash/prediction/cache/train_21
--- All variables have been collected. --
-------------------------------
New job directory is ../../doordash/prediction/cache/train_21/1
Augmenting...
Reading prev_orders_market_id...
Time passed: 0.1341392993927002 secs
Reading prev_orders_store_id...
Time passed: 0.12697410583496094 secs
6 features have been added: ['created_at_week_day', 'created_at_hour', 'created_at_month', 'created_at_day_of_month', 'prev_orders_market_id', 'prev_orders_store_id']
--- training dataset contains 143743 elements ---
--- validation dataset contains 35936 elements ---
Fitting...
Validating...
['market_id', 'store_id', 'subtotal', 'total_onshift_dashers', 'total_busy_dashers', 'total_outstanding_orders', 'estimated_store_to_consumer_driving_duration', 'created_at_week_day', 'created_at_hour', 'created_at_month', 'created_at_day_of_month', 'prev_orders_market_id', 'prev_orders_store_id']
[0.03620327 0.10763985 0.10100315 0.07912176 0.06104454 0.08500338
 0.14895162 0.03688794 0.1017443  0.00565585 0.08503067 0.13483639
 0.01687726]
Val results
mean absolute error 664.731796
Kfold metrics
Kfold average mae: 664.731796 
-------------------------------
New job directory is ../../doordash/prediction/cache/train_21/2
