2022-08-15 18:48:04.351805: W tensorflow/stream_executor/platform/default/dso_loader.cc:64] Could not load dynamic library 'libcudart.so.11.0'; dlerror: libcudart.so.11.0: cannot open shared object file: No such file or directory
2022-08-15 18:48:04.351890: I tensorflow/stream_executor/cuda/cudart_stub.cc:29] Ignore above cudart dlerror if you do not have a GPU set up on your machine.
-- Collecting Variables... --
Tensorflow Version: 2.7.0
2022-08-15 18:48:06.901342: W tensorflow/stream_executor/platform/default/dso_loader.cc:64] Could not load dynamic library 'libcuda.so.1'; dlerror: libcuda.so.1: cannot open shared object file: No such file or directory
2022-08-15 18:48:06.901385: W tensorflow/stream_executor/cuda/cuda_driver.cc:269] failed call to cuInit: UNKNOWN ERROR (303)
2022-08-15 18:48:06.901406: I tensorflow/stream_executor/cuda/cuda_diagnostics.cc:156] kernel driver does not appear to be running on this host (instance-1): /proc/driver/nvidia/version does not exist
Num GPUs Available:  0
PID: 32006
Description: new params
File dir is ../../doordash/prediction/cache/train_22
--- All variables have been collected. --
-------------------------------
New job directory is ../../doordash/prediction/cache/train_22/1
Augmenting...
Reading prev_orders_market_id...
Time passed: 0.13604974746704102 secs
Reading prev_orders_store_id...
Time passed: 0.13173556327819824 secs
6 features have been added: ['created_at_week_day', 'created_at_hour', 'created_at_month', 'created_at_day_of_month', 'prev_orders_market_id', 'prev_orders_store_id']
--- training dataset contains 143743 elements ---
--- validation dataset contains 35936 elements ---
Fitting...
Validating...
['market_id', 'store_id', 'subtotal', 'total_onshift_dashers', 'total_busy_dashers', 'total_outstanding_orders', 'estimated_store_to_consumer_driving_duration', 'created_at_week_day', 'created_at_hour', 'created_at_month', 'created_at_day_of_month', 'prev_orders_market_id', 'prev_orders_store_id']
[0.03145068 0.08839133 0.12370659 0.09372832 0.07935617 0.10938055
 0.14289557 0.04094681 0.06523851 0.00741121 0.06294356 0.12470199
 0.02984871]
top values:
[ 21965.27833333  23453.03333333  45148.98        53805.69333333
 328108.82833333]
Val results
mean absolute error 656.994290
Kfold metrics
Kfold average mae: 656.994290 
-------------------------------
New job directory is ../../doordash/prediction/cache/train_22/2
