2022-08-16 02:50:37.313406: W tensorflow/stream_executor/platform/default/dso_loader.cc:64] Could not load dynamic library 'libcudart.so.11.0'; dlerror: libcudart.so.11.0: cannot open shared object file: No such file or directory
2022-08-16 02:50:37.313475: I tensorflow/stream_executor/cuda/cudart_stub.cc:29] Ignore above cudart dlerror if you do not have a GPU set up on your machine.
-- Collecting Variables... --
Tensorflow Version: 2.7.0
2022-08-16 02:50:39.834224: W tensorflow/stream_executor/platform/default/dso_loader.cc:64] Could not load dynamic library 'libcuda.so.1'; dlerror: libcuda.so.1: cannot open shared object file: No such file or directory
2022-08-16 02:50:39.834278: W tensorflow/stream_executor/cuda/cuda_driver.cc:269] failed call to cuInit: UNKNOWN ERROR (303)
2022-08-16 02:50:39.834298: I tensorflow/stream_executor/cuda/cuda_diagnostics.cc:156] kernel driver does not appear to be running on this host (instance-1): /proc/driver/nvidia/version does not exist
Num GPUs Available:  0
PID: 6447
Description: all features with cnn now
File dir is ../../doordash/prediction/cache/train_26
--- All variables have been collected. --
-------------------------------
New job directory is ../../doordash/prediction/cache/train_26/1
2022-08-16 02:50:39.843750: I tensorflow/core/platform/cpu_feature_guard.cc:151] This TensorFlow binary is optimized with oneAPI Deep Neural Network Library (oneDNN) to use the following CPU instructions in performance-critical operations:  AVX2 AVX512F FMA
To enable them in other operations, rebuild TensorFlow with the appropriate compiler flags.
Augmenting...
Reading prev_orders_count_by_market_id...
Time passed: 0.04268193244934082 secs
Reading prev_orders_avg_by_market_id...
Time passed: 0.04752922058105469 secs
Reading prev_orders_count_by_store_id...
Time passed: 0.037209272384643555 secs
Reading prev_orders_avg_by_store_id...
Time passed: 0.028605937957763672 secs
8 features have been added: ['created_at_week_day', 'created_at_hour', 'created_at_month', 'created_at_day_of_month', 'prev_orders_count_by_market_id', 'prev_orders_avg_by_market_id', 'prev_orders_count_by_store_id', 'prev_orders_avg_by_store_id']
--- training dataset contains 143743 elements ---
--- validation dataset contains 35936 elements ---
Model: "sequential"
_________________________________________________________________
 Layer (type)                Output Shape              Param #   
=================================================================
 dense (Dense)               (None, 1, 256)            4096      
                                                                 
 dropout (Dropout)           (None, 1, 256)            0         
                                                                 
 dense_1 (Dense)             (None, 1, 128)            32896     
                                                                 
 dropout_1 (Dropout)         (None, 1, 128)            0         
                                                                 
 dense_2 (Dense)             (None, 1, 64)             8256      
                                                                 
 dropout_2 (Dropout)         (None, 1, 64)             0         
                                                                 
 flatten (Flatten)           (None, 64)                0         
                                                                 
 dense_3 (Dense)             (None, 1)                 65        
                                                                 
=================================================================
Total params: 45,313
Trainable params: 45,313
Non-trainable params: 0
_________________________________________________________________

Epoch 1/200

Training mean_absolute_error: 1165.1190185546875
Validation loss: 804.1422119140625
Validation mean_absolute_error: 804.1422119140625
Time taken for epoch: 29.62s

Epoch 2/200

Training mean_absolute_error: 905.2340698242188
Validation loss: 799.8878173828125
Validation mean_absolute_error: 799.8878173828125
Time taken for epoch: 28.90s

Epoch 3/200

Training mean_absolute_error: 900.7537841796875
Validation loss: 794.4110717773438
Validation mean_absolute_error: 794.4110717773438
Time taken for epoch: 28.92s

Epoch 4/200

Training mean_absolute_error: 897.298095703125
Validation loss: 793.5191650390625
Validation mean_absolute_error: 793.5191650390625
Time taken for epoch: 28.85s

Epoch 5/200

Training mean_absolute_error: 896.1598510742188
Validation loss: 793.0985107421875
Validation mean_absolute_error: 793.0985107421875
Time taken for epoch: 28.96s

Epoch 6/200

Training mean_absolute_error: 895.4908447265625
Validation loss: 792.3003540039062
Validation mean_absolute_error: 792.3003540039062
Time taken for epoch: 28.89s

Epoch 7/200

Training mean_absolute_error: 896.377197265625
Validation loss: 789.627197265625
Validation mean_absolute_error: 789.627197265625
Time taken for epoch: 28.93s

Epoch 8/200

Training mean_absolute_error: 893.5075073242188
Validation loss: 787.84716796875
Validation mean_absolute_error: 787.84716796875
Time taken for epoch: 28.83s

Epoch 9/200

Training mean_absolute_error: 891.5372314453125
Validation loss: 784.6859130859375
Validation mean_absolute_error: 784.6859130859375
Time taken for epoch: 28.77s

Epoch 10/200

Training mean_absolute_error: 891.1494140625
Validation loss: 779.008056640625
Validation mean_absolute_error: 779.008056640625
Time taken for epoch: 29.52s

Epoch 11/200

Training mean_absolute_error: 890.3767700195312
Validation loss: 782.4105224609375
Validation mean_absolute_error: 782.4105224609375
Time taken for epoch: 28.96s
The validation tracker metric at 779.008056640625 hasn't increased  in 1 epochs

Epoch 12/200

Training mean_absolute_error: 886.1804809570312
Validation loss: 781.1829833984375
Validation mean_absolute_error: 781.1829833984375
Time taken for epoch: 30.17s
The validation tracker metric at 779.008056640625 hasn't increased  in 2 epochs

Epoch 13/200

Training mean_absolute_error: 885.5631103515625
Validation loss: 776.1522216796875
Validation mean_absolute_error: 776.1522216796875
Time taken for epoch: 30.28s

Epoch 14/200

Training mean_absolute_error: 883.58984375
Validation loss: 770.0389404296875
Validation mean_absolute_error: 770.0389404296875
Time taken for epoch: 29.47s

Epoch 15/200

Training mean_absolute_error: 884.7252807617188
Validation loss: 767.9302368164062
Validation mean_absolute_error: 767.9302368164062
Time taken for epoch: 28.96s

Epoch 16/200

Training mean_absolute_error: 883.18701171875
Validation loss: 775.9634399414062
Validation mean_absolute_error: 775.9634399414062
Time taken for epoch: 29.09s
The validation tracker metric at 767.9302368164062 hasn't increased  in 1 epochs

Epoch 17/200

Training mean_absolute_error: 882.5006103515625
Validation loss: 766.2517700195312
Validation mean_absolute_error: 766.2517700195312
Time taken for epoch: 28.86s

Epoch 18/200

Training mean_absolute_error: 879.2194213867188
Validation loss: 769.6649780273438
Validation mean_absolute_error: 769.6649780273438
Time taken for epoch: 30.50s
The validation tracker metric at 766.2517700195312 hasn't increased  in 1 epochs

Epoch 19/200

Training mean_absolute_error: 878.92138671875
Validation loss: 766.1143188476562
Validation mean_absolute_error: 766.1143188476562
Time taken for epoch: 29.24s

Epoch 20/200

Training mean_absolute_error: 877.7845458984375
Validation loss: 763.4883422851562
Validation mean_absolute_error: 763.4883422851562
Time taken for epoch: 29.25s

Epoch 21/200

Training mean_absolute_error: 877.3963012695312
Validation loss: 765.0679321289062
Validation mean_absolute_error: 765.0679321289062
Time taken for epoch: 28.92s
The validation tracker metric at 763.4883422851562 hasn't increased  in 1 epochs

Epoch 22/200

Training mean_absolute_error: 876.2819213867188
Validation loss: 760.4078369140625
Validation mean_absolute_error: 760.4078369140625
Time taken for epoch: 29.14s

Epoch 23/200

Training mean_absolute_error: 875.8286743164062
Validation loss: 760.7969970703125
Validation mean_absolute_error: 760.7969970703125
Time taken for epoch: 29.03s
The validation tracker metric at 760.4078369140625 hasn't increased  in 1 epochs

Epoch 24/200

Training mean_absolute_error: 872.6581420898438
Validation loss: 761.2279663085938
Validation mean_absolute_error: 761.2279663085938
Time taken for epoch: 29.06s
The validation tracker metric at 760.4078369140625 hasn't increased  in 2 epochs

Epoch 25/200

Training mean_absolute_error: 871.286376953125
Validation loss: 761.0615234375
Validation mean_absolute_error: 761.0615234375
Time taken for epoch: 28.82s
The validation tracker metric at 760.4078369140625 hasn't increased  in 3 epochs

Epoch 26/200

Training mean_absolute_error: 871.0639038085938
Validation loss: 760.4656372070312
Validation mean_absolute_error: 760.4656372070312
Time taken for epoch: 28.93s
The validation tracker metric at 760.4078369140625 hasn't increased  in 4 epochs

Epoch 27/200

Training mean_absolute_error: 872.2117309570312
Validation loss: 762.5115356445312
Validation mean_absolute_error: 762.5115356445312
Time taken for epoch: 28.95s
The validation tracker metric at 760.4078369140625 hasn't increased  in 5 epochs

Epoch 28/200

Training mean_absolute_error: 870.9859619140625
Validation loss: 755.0955200195312
Validation mean_absolute_error: 755.0955200195312
Time taken for epoch: 29.00s

Epoch 29/200

Training mean_absolute_error: 872.331298828125
Validation loss: 757.9647216796875
Validation mean_absolute_error: 757.9647216796875
Time taken for epoch: 28.88s
The validation tracker metric at 755.0955200195312 hasn't increased  in 1 epochs

Epoch 30/200

Training mean_absolute_error: 868.8469848632812
Validation loss: 762.2228393554688
Validation mean_absolute_error: 762.2228393554688
Time taken for epoch: 28.98s
The validation tracker metric at 755.0955200195312 hasn't increased  in 2 epochs

Epoch 31/200

Training mean_absolute_error: 870.262939453125
Validation loss: 757.3673095703125
Validation mean_absolute_error: 757.3673095703125
Time taken for epoch: 28.89s
The validation tracker metric at 755.0955200195312 hasn't increased  in 3 epochs

Epoch 32/200

Training mean_absolute_error: 871.6966552734375
Validation loss: 759.2291870117188
Validation mean_absolute_error: 759.2291870117188
Time taken for epoch: 28.99s
The validation tracker metric at 755.0955200195312 hasn't increased  in 4 epochs

Epoch 33/200

Training mean_absolute_error: 869.4573974609375
Validation loss: 759.1296997070312
Validation mean_absolute_error: 759.1296997070312
Time taken for epoch: 28.86s
The validation tracker metric at 755.0955200195312 hasn't increased  in 5 epochs

Epoch 34/200

Training mean_absolute_error: 868.1398315429688
Validation loss: 757.0852661132812
Validation mean_absolute_error: 757.0852661132812
Time taken for epoch: 31.17s
The validation tracker metric at 755.0955200195312 hasn't increased  in 6 epochs
Lr has been adjusted to 0.000750000006519258

Epoch 35/200

Training mean_absolute_error: 865.5697631835938
Validation loss: 755.4326171875
Validation mean_absolute_error: 755.4326171875
Time taken for epoch: 30.59s
The validation tracker metric at 755.0955200195312 hasn't increased  in 7 epochs

Epoch 36/200

Training mean_absolute_error: 862.99365234375
Validation loss: 751.2884521484375
Validation mean_absolute_error: 751.2884521484375
Time taken for epoch: 30.42s

Epoch 37/200

Training mean_absolute_error: 860.9232788085938
Validation loss: 750.362060546875
Validation mean_absolute_error: 750.362060546875
Time taken for epoch: 30.18s

Epoch 38/200

Training mean_absolute_error: 863.6360473632812
Validation loss: 751.881591796875
Validation mean_absolute_error: 751.881591796875
Time taken for epoch: 30.33s
The validation tracker metric at 750.362060546875 hasn't increased  in 1 epochs

Epoch 39/200

Training mean_absolute_error: 861.0640869140625
Validation loss: 748.3349609375
Validation mean_absolute_error: 748.3349609375
Time taken for epoch: 30.17s

Epoch 40/200

Training mean_absolute_error: 862.8916625976562
Validation loss: 749.7325439453125
Validation mean_absolute_error: 749.7325439453125
Time taken for epoch: 30.72s
The validation tracker metric at 748.3349609375 hasn't increased  in 1 epochs

Epoch 41/200

Training mean_absolute_error: 859.179931640625
Validation loss: 748.6347045898438
Validation mean_absolute_error: 748.6347045898438
Time taken for epoch: 31.02s
The validation tracker metric at 748.3349609375 hasn't increased  in 2 epochs

Epoch 42/200

Training mean_absolute_error: 859.2910766601562
Validation loss: 745.5733032226562
Validation mean_absolute_error: 745.5733032226562
Time taken for epoch: 29.59s

Epoch 43/200

Training mean_absolute_error: 861.7565307617188
Validation loss: 753.4336547851562
Validation mean_absolute_error: 753.4336547851562
Time taken for epoch: 29.44s
The validation tracker metric at 745.5733032226562 hasn't increased  in 1 epochs

Epoch 44/200

Training mean_absolute_error: 860.7573852539062
Validation loss: 747.5271606445312
Validation mean_absolute_error: 747.5271606445312
Time taken for epoch: 29.08s
The validation tracker metric at 745.5733032226562 hasn't increased  in 2 epochs

Epoch 45/200

Training mean_absolute_error: 858.86474609375
Validation loss: 747.623779296875
Validation mean_absolute_error: 747.623779296875
Time taken for epoch: 28.89s
The validation tracker metric at 745.5733032226562 hasn't increased  in 3 epochs

Epoch 46/200

Training mean_absolute_error: 859.2939453125
Validation loss: 746.8975219726562
Validation mean_absolute_error: 746.8975219726562
Time taken for epoch: 28.99s
The validation tracker metric at 745.5733032226562 hasn't increased  in 4 epochs

Epoch 47/200

Training mean_absolute_error: 859.2014770507812
Validation loss: 748.8887329101562
Validation mean_absolute_error: 748.8887329101562
Time taken for epoch: 28.87s
The validation tracker metric at 745.5733032226562 hasn't increased  in 5 epochs

Epoch 48/200

Training mean_absolute_error: 856.0568237304688
Validation loss: 745.7030029296875
Validation mean_absolute_error: 745.7030029296875
Time taken for epoch: 28.96s
The validation tracker metric at 745.5733032226562 hasn't increased  in 6 epochs
Lr has been adjusted to 0.0005624999757856131

Epoch 49/200

Training mean_absolute_error: 853.7473754882812
Validation loss: 739.572021484375
Validation mean_absolute_error: 739.572021484375
Time taken for epoch: 28.85s

Epoch 50/200

Training mean_absolute_error: 851.8600463867188
Validation loss: 741.3302612304688
Validation mean_absolute_error: 741.3302612304688
Time taken for epoch: 28.92s
The validation tracker metric at 739.572021484375 hasn't increased  in 1 epochs

Epoch 51/200

Training mean_absolute_error: 851.526123046875
Validation loss: 743.884521484375
Validation mean_absolute_error: 743.884521484375
Time taken for epoch: 28.96s
The validation tracker metric at 739.572021484375 hasn't increased  in 2 epochs

Epoch 52/200

Training mean_absolute_error: 853.0472412109375
Validation loss: 742.22265625
Validation mean_absolute_error: 742.22265625
Time taken for epoch: 28.87s
The validation tracker metric at 739.572021484375 hasn't increased  in 3 epochs

Epoch 53/200

Training mean_absolute_error: 852.134033203125
Validation loss: 744.63818359375
Validation mean_absolute_error: 744.63818359375
Time taken for epoch: 43.77s
The validation tracker metric at 739.572021484375 hasn't increased  in 4 epochs

Epoch 54/200

Training mean_absolute_error: 850.982177734375
Validation loss: 742.6165771484375
Validation mean_absolute_error: 742.6165771484375
Time taken for epoch: 28.95s
The validation tracker metric at 739.572021484375 hasn't increased  in 5 epochs

Epoch 55/200

Training mean_absolute_error: 850.9718017578125
Validation loss: 739.492919921875
Validation mean_absolute_error: 739.492919921875
Time taken for epoch: 28.89s

Epoch 56/200

Training mean_absolute_error: 849.1080932617188
Validation loss: 740.166259765625
Validation mean_absolute_error: 740.166259765625
Time taken for epoch: 28.99s
The validation tracker metric at 739.492919921875 hasn't increased  in 1 epochs

Epoch 57/200

Training mean_absolute_error: 850.9434814453125
Validation loss: 741.852783203125
Validation mean_absolute_error: 741.852783203125
Time taken for epoch: 28.84s
The validation tracker metric at 739.492919921875 hasn't increased  in 2 epochs

Epoch 58/200

Training mean_absolute_error: 850.10302734375
Validation loss: 740.0879516601562
Validation mean_absolute_error: 740.0879516601562
Time taken for epoch: 28.97s
The validation tracker metric at 739.492919921875 hasn't increased  in 3 epochs

Epoch 59/200

Training mean_absolute_error: 846.3001708984375
Validation loss: 738.8760375976562
Validation mean_absolute_error: 738.8760375976562
Time taken for epoch: 28.91s

Epoch 60/200

Training mean_absolute_error: 848.09228515625
Validation loss: 741.991943359375
Validation mean_absolute_error: 741.991943359375
Time taken for epoch: 29.04s
The validation tracker metric at 738.8760375976562 hasn't increased  in 1 epochs

Epoch 61/200

Training mean_absolute_error: 848.9786987304688
Validation loss: 737.8312377929688
Validation mean_absolute_error: 737.8312377929688
Time taken for epoch: 30.41s

Epoch 62/200

Training mean_absolute_error: 848.3914184570312
Validation loss: 741.2379150390625
Validation mean_absolute_error: 741.2379150390625
Time taken for epoch: 30.92s
The validation tracker metric at 737.8312377929688 hasn't increased  in 1 epochs

Epoch 63/200

Training mean_absolute_error: 849.23095703125
Validation loss: 737.283447265625
Validation mean_absolute_error: 737.283447265625
Time taken for epoch: 30.86s

Epoch 64/200

Training mean_absolute_error: 847.3990478515625
Validation loss: 736.8362426757812
Validation mean_absolute_error: 736.8362426757812
Time taken for epoch: 30.67s

Epoch 65/200

Training mean_absolute_error: 847.5471801757812
Validation loss: 739.2827758789062
Validation mean_absolute_error: 739.2827758789062
Time taken for epoch: 30.59s
The validation tracker metric at 736.8362426757812 hasn't increased  in 1 epochs

Epoch 66/200

Training mean_absolute_error: 844.8412475585938
Validation loss: 733.2096557617188
Validation mean_absolute_error: 733.2096557617188
Time taken for epoch: 30.67s

Epoch 67/200

Training mean_absolute_error: 846.4591064453125
Validation loss: 734.2687377929688
Validation mean_absolute_error: 734.2687377929688
Time taken for epoch: 30.44s
The validation tracker metric at 733.2096557617188 hasn't increased  in 1 epochs

Epoch 68/200

Training mean_absolute_error: 846.460205078125
Validation loss: 735.6222534179688
Validation mean_absolute_error: 735.6222534179688
Time taken for epoch: 30.80s
The validation tracker metric at 733.2096557617188 hasn't increased  in 2 epochs

Epoch 69/200

Training mean_absolute_error: 842.778076171875
Validation loss: 734.931396484375
Validation mean_absolute_error: 734.931396484375
Time taken for epoch: 30.56s
The validation tracker metric at 733.2096557617188 hasn't increased  in 3 epochs

Epoch 70/200

Training mean_absolute_error: 843.7914428710938
Validation loss: 735.84130859375
Validation mean_absolute_error: 735.84130859375
Time taken for epoch: 30.48s
The validation tracker metric at 733.2096557617188 hasn't increased  in 4 epochs

Epoch 71/200

Training mean_absolute_error: 844.7090454101562
Validation loss: 741.6190795898438
Validation mean_absolute_error: 741.6190795898438
Time taken for epoch: 30.53s
The validation tracker metric at 733.2096557617188 hasn't increased  in 5 epochs

Epoch 72/200

Training mean_absolute_error: 845.4986572265625
Validation loss: 733.2310180664062
Validation mean_absolute_error: 733.2310180664062
Time taken for epoch: 30.50s
The validation tracker metric at 733.2096557617188 hasn't increased  in 6 epochs
Lr has been adjusted to 0.0004218749818392098

Epoch 73/200

Training mean_absolute_error: 840.8417358398438
Validation loss: 734.0503540039062
Validation mean_absolute_error: 734.0503540039062
Time taken for epoch: 30.42s
The validation tracker metric at 733.2096557617188 hasn't increased  in 7 epochs

Epoch 74/200

Training mean_absolute_error: 845.0948486328125
Validation loss: 734.4127807617188
Validation mean_absolute_error: 734.4127807617188
Time taken for epoch: 30.48s
The validation tracker metric at 733.2096557617188 hasn't increased  in 8 epochs

Epoch 75/200

Training mean_absolute_error: 840.4517822265625
Validation loss: 732.88916015625
Validation mean_absolute_error: 732.88916015625
Time taken for epoch: 30.67s

Epoch 76/200

Training mean_absolute_error: 838.4918212890625
Validation loss: 732.5540771484375
Validation mean_absolute_error: 732.5540771484375
Time taken for epoch: 30.74s

Epoch 77/200

Training mean_absolute_error: 840.02099609375
Validation loss: 733.1297607421875
Validation mean_absolute_error: 733.1297607421875
Time taken for epoch: 30.37s
The validation tracker metric at 732.5540771484375 hasn't increased  in 1 epochs

Epoch 78/200

Training mean_absolute_error: 839.4862670898438
Validation loss: 733.9306030273438
Validation mean_absolute_error: 733.9306030273438
Time taken for epoch: 30.54s
The validation tracker metric at 732.5540771484375 hasn't increased  in 2 epochs

Epoch 79/200

Training mean_absolute_error: 841.058349609375
Validation loss: 731.3286743164062
Validation mean_absolute_error: 731.3286743164062
Time taken for epoch: 30.62s

Epoch 80/200

Training mean_absolute_error: 839.3059692382812
Validation loss: 733.8021850585938
Validation mean_absolute_error: 733.8021850585938
Time taken for epoch: 30.58s
The validation tracker metric at 731.3286743164062 hasn't increased  in 1 epochs

Epoch 81/200

Training mean_absolute_error: 839.7205810546875
Validation loss: 732.3952026367188
Validation mean_absolute_error: 732.3952026367188
Time taken for epoch: 30.36s
The validation tracker metric at 731.3286743164062 hasn't increased  in 2 epochs

Epoch 82/200

Training mean_absolute_error: 838.1239624023438
Validation loss: 732.2041625976562
Validation mean_absolute_error: 732.2041625976562
Time taken for epoch: 30.58s
The validation tracker metric at 731.3286743164062 hasn't increased  in 3 epochs

Epoch 83/200

Training mean_absolute_error: 840.9597778320312
Validation loss: 730.6044311523438
Validation mean_absolute_error: 730.6044311523438
Time taken for epoch: 30.47s

Epoch 84/200

Training mean_absolute_error: 838.4801025390625
Validation loss: 731.18701171875
Validation mean_absolute_error: 731.18701171875
Time taken for epoch: 30.80s
The validation tracker metric at 730.6044311523438 hasn't increased  in 1 epochs

Epoch 85/200

Training mean_absolute_error: 838.1381225585938
Validation loss: 730.80126953125
Validation mean_absolute_error: 730.80126953125
Time taken for epoch: 30.53s
The validation tracker metric at 730.6044311523438 hasn't increased  in 2 epochs

Epoch 86/200

Training mean_absolute_error: 840.9308471679688
Validation loss: 730.7715454101562
Validation mean_absolute_error: 730.7715454101562
Time taken for epoch: 30.37s
The validation tracker metric at 730.6044311523438 hasn't increased  in 3 epochs

Epoch 87/200

Training mean_absolute_error: 837.8478393554688
Validation loss: 729.6901245117188
Validation mean_absolute_error: 729.6901245117188
Time taken for epoch: 30.40s

Epoch 88/200

Training mean_absolute_error: 837.004638671875
Validation loss: 730.1183471679688
Validation mean_absolute_error: 730.1183471679688
Time taken for epoch: 30.54s
The validation tracker metric at 729.6901245117188 hasn't increased  in 1 epochs

Epoch 89/200

Training mean_absolute_error: 837.8384399414062
Validation loss: 730.3606567382812
Validation mean_absolute_error: 730.3606567382812
Time taken for epoch: 30.39s
The validation tracker metric at 729.6901245117188 hasn't increased  in 2 epochs

Epoch 90/200

Training mean_absolute_error: 835.9049682617188
Validation loss: 729.728515625
Validation mean_absolute_error: 729.728515625
Time taken for epoch: 30.60s
The validation tracker metric at 729.6901245117188 hasn't increased  in 3 epochs

Epoch 91/200

Training mean_absolute_error: 837.0609130859375
Validation loss: 731.5735473632812
Validation mean_absolute_error: 731.5735473632812
Time taken for epoch: 30.57s
The validation tracker metric at 729.6901245117188 hasn't increased  in 4 epochs

Epoch 92/200

Training mean_absolute_error: 838.3975219726562
Validation loss: 729.8626708984375
Validation mean_absolute_error: 729.8626708984375
Time taken for epoch: 30.48s
The validation tracker metric at 729.6901245117188 hasn't increased  in 5 epochs

Epoch 93/200

Training mean_absolute_error: 832.9276733398438
Validation loss: 731.7271118164062
Validation mean_absolute_error: 731.7271118164062
Time taken for epoch: 30.65s
The validation tracker metric at 729.6901245117188 hasn't increased  in 6 epochs
Lr has been adjusted to 0.0003164062509313226

Epoch 94/200

Training mean_absolute_error: 833.4933471679688
Validation loss: 729.568115234375
Validation mean_absolute_error: 729.568115234375
Time taken for epoch: 30.56s

Epoch 95/200

Training mean_absolute_error: 834.1685180664062
Validation loss: 729.267333984375
Validation mean_absolute_error: 729.267333984375
Time taken for epoch: 30.44s

Epoch 96/200

Training mean_absolute_error: 831.98095703125
Validation loss: 728.85693359375
Validation mean_absolute_error: 728.85693359375
Time taken for epoch: 30.40s

Epoch 97/200

Training mean_absolute_error: 833.7010498046875
Validation loss: 728.887451171875
Validation mean_absolute_error: 728.887451171875
Time taken for epoch: 30.31s
The validation tracker metric at 728.85693359375 hasn't increased  in 1 epochs

Epoch 98/200

Training mean_absolute_error: 831.0708618164062
Validation loss: 726.7461547851562
Validation mean_absolute_error: 726.7461547851562
Time taken for epoch: 30.47s

Epoch 99/200

Training mean_absolute_error: 831.3197021484375
Validation loss: 727.19970703125
Validation mean_absolute_error: 727.19970703125
Time taken for epoch: 30.35s
The validation tracker metric at 726.7461547851562 hasn't increased  in 1 epochs

Epoch 100/200

Training mean_absolute_error: 832.3145141601562
Validation loss: 726.1432495117188
Validation mean_absolute_error: 726.1432495117188
Time taken for epoch: 30.32s

Epoch 101/200

Training mean_absolute_error: 833.1234130859375
Validation loss: 728.644775390625
Validation mean_absolute_error: 728.644775390625
Time taken for epoch: 30.27s
The validation tracker metric at 726.1432495117188 hasn't increased  in 1 epochs

Epoch 102/200

Training mean_absolute_error: 831.821533203125
Validation loss: 726.2332763671875
Validation mean_absolute_error: 726.2332763671875
Time taken for epoch: 30.47s
The validation tracker metric at 726.1432495117188 hasn't increased  in 2 epochs

Epoch 103/200

Training mean_absolute_error: 830.08203125
Validation loss: 726.5029296875
Validation mean_absolute_error: 726.5029296875
Time taken for epoch: 30.41s
The validation tracker metric at 726.1432495117188 hasn't increased  in 3 epochs

Epoch 104/200

Training mean_absolute_error: 832.5077514648438
Validation loss: 729.3754272460938
Validation mean_absolute_error: 729.3754272460938
Time taken for epoch: 30.50s
The validation tracker metric at 726.1432495117188 hasn't increased  in 4 epochs

Epoch 105/200

Training mean_absolute_error: 829.6109008789062
Validation loss: 727.337158203125
Validation mean_absolute_error: 727.337158203125
Time taken for epoch: 30.31s
The validation tracker metric at 726.1432495117188 hasn't increased  in 5 epochs

Epoch 106/200

Training mean_absolute_error: 831.2429809570312
Validation loss: 727.5486450195312
Validation mean_absolute_error: 727.5486450195312
Time taken for epoch: 30.59s
The validation tracker metric at 726.1432495117188 hasn't increased  in 6 epochs
Lr has been adjusted to 0.00023730468819849193

Epoch 107/200

Training mean_absolute_error: 828.9107666015625
Validation loss: 724.6486206054688
Validation mean_absolute_error: 724.6486206054688
Time taken for epoch: 30.79s

Epoch 108/200

Training mean_absolute_error: 826.3827514648438
Validation loss: 725.0197143554688
Validation mean_absolute_error: 725.0197143554688
Time taken for epoch: 30.59s
The validation tracker metric at 724.6486206054688 hasn't increased  in 1 epochs

Epoch 109/200

Training mean_absolute_error: 827.4931030273438
Validation loss: 723.8119506835938
Validation mean_absolute_error: 723.8119506835938
Time taken for epoch: 31.23s

Epoch 110/200

Training mean_absolute_error: 829.5115966796875
Validation loss: 725.1705932617188
Validation mean_absolute_error: 725.1705932617188
Time taken for epoch: 31.32s
The validation tracker metric at 723.8119506835938 hasn't increased  in 1 epochs

Epoch 111/200

Training mean_absolute_error: 829.9068603515625
Validation loss: 726.181640625
Validation mean_absolute_error: 726.181640625
Time taken for epoch: 31.16s
The validation tracker metric at 723.8119506835938 hasn't increased  in 2 epochs

Epoch 112/200

Training mean_absolute_error: 827.3518676757812
Validation loss: 726.0087280273438
Validation mean_absolute_error: 726.0087280273438
Time taken for epoch: 30.39s
The validation tracker metric at 723.8119506835938 hasn't increased  in 3 epochs

Epoch 113/200

Training mean_absolute_error: 826.6102294921875
Validation loss: 725.073486328125
Validation mean_absolute_error: 725.073486328125
Time taken for epoch: 32.79s
The validation tracker metric at 723.8119506835938 hasn't increased  in 4 epochs

Epoch 114/200

Training mean_absolute_error: 826.2186279296875
Validation loss: 725.3912353515625
Validation mean_absolute_error: 725.3912353515625
Time taken for epoch: 30.53s
The validation tracker metric at 723.8119506835938 hasn't increased  in 5 epochs

Epoch 115/200

Training mean_absolute_error: 829.179931640625
Validation loss: 724.6453247070312
Validation mean_absolute_error: 724.6453247070312
Time taken for epoch: 30.76s
The validation tracker metric at 723.8119506835938 hasn't increased  in 6 epochs
Lr has been adjusted to 0.00017797850887291133

Epoch 116/200

Training mean_absolute_error: 824.2555541992188
Validation loss: 724.7301635742188
Validation mean_absolute_error: 724.7301635742188
Time taken for epoch: 30.61s
The validation tracker metric at 723.8119506835938 hasn't increased  in 7 epochs

Epoch 117/200

Training mean_absolute_error: 824.3035278320312
Validation loss: 723.6647338867188
Validation mean_absolute_error: 723.6647338867188
Time taken for epoch: 30.72s

Epoch 118/200

Training mean_absolute_error: 823.8507690429688
Validation loss: 723.56787109375
Validation mean_absolute_error: 723.56787109375
Time taken for epoch: 30.97s

Epoch 119/200

Training mean_absolute_error: 823.551025390625
Validation loss: 723.2094116210938
Validation mean_absolute_error: 723.2094116210938
Time taken for epoch: 30.64s

Epoch 120/200

Training mean_absolute_error: 823.1490478515625
Validation loss: 722.41943359375
Validation mean_absolute_error: 722.41943359375
Time taken for epoch: 32.52s

Epoch 121/200

Training mean_absolute_error: 823.6875
Validation loss: 723.4732055664062
Validation mean_absolute_error: 723.4732055664062
Time taken for epoch: 31.11s
The validation tracker metric at 722.41943359375 hasn't increased  in 1 epochs

Epoch 122/200

Training mean_absolute_error: 824.4510498046875
Validation loss: 723.9779663085938
Validation mean_absolute_error: 723.9779663085938
Time taken for epoch: 30.72s
The validation tracker metric at 722.41943359375 hasn't increased  in 2 epochs

Epoch 123/200

Training mean_absolute_error: 824.8536376953125
Validation loss: 722.9927978515625
Validation mean_absolute_error: 722.9927978515625
Time taken for epoch: 31.90s
The validation tracker metric at 722.41943359375 hasn't increased  in 3 epochs

Epoch 124/200

Training mean_absolute_error: 824.8475341796875
Validation loss: 724.8131713867188
Validation mean_absolute_error: 724.8131713867188
Time taken for epoch: 29.95s
The validation tracker metric at 722.41943359375 hasn't increased  in 4 epochs

Epoch 125/200

Training mean_absolute_error: 826.9683837890625
Validation loss: 724.7141723632812
Validation mean_absolute_error: 724.7141723632812
Time taken for epoch: 29.03s
The validation tracker metric at 722.41943359375 hasn't increased  in 5 epochs

Epoch 126/200

Training mean_absolute_error: 825.6983032226562
Validation loss: 723.2109985351562
Validation mean_absolute_error: 723.2109985351562
Time taken for epoch: 28.96s
The validation tracker metric at 722.41943359375 hasn't increased  in 6 epochs
Lr has been adjusted to 0.00013348387437872589

Epoch 127/200

Training mean_absolute_error: 823.3568115234375
Validation loss: 723.5321044921875
Validation mean_absolute_error: 723.5321044921875
Time taken for epoch: 29.12s
The validation tracker metric at 722.41943359375 hasn't increased  in 7 epochs

Epoch 128/200

Training mean_absolute_error: 821.252197265625
Validation loss: 722.556396484375
Validation mean_absolute_error: 722.556396484375
Time taken for epoch: 30.96s
The validation tracker metric at 722.41943359375 hasn't increased  in 8 epochs

Epoch 129/200

Training mean_absolute_error: 820.4710083007812
Validation loss: 723.3008422851562
Validation mean_absolute_error: 723.3008422851562
Time taken for epoch: 30.94s
The validation tracker metric at 722.41943359375 hasn't increased  in 9 epochs

Epoch 130/200

Training mean_absolute_error: 821.9348754882812
Validation loss: 722.286376953125
Validation mean_absolute_error: 722.286376953125
Time taken for epoch: 30.55s

Epoch 131/200

Training mean_absolute_error: 820.9508056640625
Validation loss: 722.6952514648438
Validation mean_absolute_error: 722.6952514648438
Time taken for epoch: 30.75s
The validation tracker metric at 722.286376953125 hasn't increased  in 1 epochs

Epoch 132/200

Training mean_absolute_error: 822.303466796875
Validation loss: 722.370361328125
Validation mean_absolute_error: 722.370361328125
Time taken for epoch: 30.78s
The validation tracker metric at 722.286376953125 hasn't increased  in 2 epochs

Epoch 133/200

Training mean_absolute_error: 822.496826171875
Validation loss: 724.1853637695312
Validation mean_absolute_error: 724.1853637695312
Time taken for epoch: 30.66s
The validation tracker metric at 722.286376953125 hasn't increased  in 3 epochs

Epoch 134/200

Training mean_absolute_error: 822.83544921875
Validation loss: 722.2150268554688
Validation mean_absolute_error: 722.2150268554688
Time taken for epoch: 30.67s

Epoch 135/200

Training mean_absolute_error: 821.6069946289062
Validation loss: 721.329833984375
Validation mean_absolute_error: 721.329833984375
Time taken for epoch: 30.44s

Epoch 136/200

Training mean_absolute_error: 821.036376953125
Validation loss: 721.9234008789062
Validation mean_absolute_error: 721.9234008789062
Time taken for epoch: 30.27s
The validation tracker metric at 721.329833984375 hasn't increased  in 1 epochs

Epoch 137/200

Training mean_absolute_error: 821.4633178710938
Validation loss: 722.996337890625
Validation mean_absolute_error: 722.996337890625
Time taken for epoch: 30.45s
The validation tracker metric at 721.329833984375 hasn't increased  in 2 epochs

Epoch 138/200

Training mean_absolute_error: 821.738037109375
Validation loss: 720.5721435546875
Validation mean_absolute_error: 720.5721435546875
Time taken for epoch: 30.29s

Epoch 139/200

Training mean_absolute_error: 819.3787841796875
Validation loss: 722.6632080078125
Validation mean_absolute_error: 722.6632080078125
Time taken for epoch: 30.44s
The validation tracker metric at 720.5721435546875 hasn't increased  in 1 epochs

Epoch 140/200

Training mean_absolute_error: 819.8413696289062
Validation loss: 722.8451538085938
Validation mean_absolute_error: 722.8451538085938
Time taken for epoch: 30.30s
The validation tracker metric at 720.5721435546875 hasn't increased  in 2 epochs

Epoch 141/200

Training mean_absolute_error: 819.9299926757812
Validation loss: 721.2390747070312
Validation mean_absolute_error: 721.2390747070312
Time taken for epoch: 30.26s
The validation tracker metric at 720.5721435546875 hasn't increased  in 3 epochs

Epoch 142/200

Training mean_absolute_error: 819.3056640625
Validation loss: 721.6554565429688
Validation mean_absolute_error: 721.6554565429688
Time taken for epoch: 30.37s
The validation tracker metric at 720.5721435546875 hasn't increased  in 4 epochs

Epoch 143/200

Training mean_absolute_error: 821.2267456054688
Validation loss: 721.4046020507812
Validation mean_absolute_error: 721.4046020507812
Time taken for epoch: 30.43s
The validation tracker metric at 720.5721435546875 hasn't increased  in 5 epochs

Epoch 144/200

Training mean_absolute_error: 821.0180053710938
Validation loss: 721.7066040039062
Validation mean_absolute_error: 721.7066040039062
Time taken for epoch: 30.29s
The validation tracker metric at 720.5721435546875 hasn't increased  in 6 epochs
Lr has been adjusted to 0.00010011290578404441

Epoch 145/200

Training mean_absolute_error: 818.3235473632812
Validation loss: 721.5294799804688
Validation mean_absolute_error: 721.5294799804688
Time taken for epoch: 30.27s
The validation tracker metric at 720.5721435546875 hasn't increased  in 7 epochs

Epoch 146/200

Training mean_absolute_error: 819.89208984375
Validation loss: 721.2139892578125
Validation mean_absolute_error: 721.2139892578125
Time taken for epoch: 30.23s
The validation tracker metric at 720.5721435546875 hasn't increased  in 8 epochs

Epoch 147/200

Training mean_absolute_error: 818.326904296875
Validation loss: 721.7999877929688
Validation mean_absolute_error: 721.7999877929688
Time taken for epoch: 30.49s
The validation tracker metric at 720.5721435546875 hasn't increased  in 9 epochs

Epoch 148/200

Training mean_absolute_error: 817.9893188476562
Validation loss: 722.0343017578125
Validation mean_absolute_error: 722.0343017578125
Time taken for epoch: 30.40s
The validation tracker metric at 720.5721435546875 hasn't increased  in 10 epochs

Epoch 149/200

Training mean_absolute_error: 819.0464477539062
Validation loss: 721.1668090820312
Validation mean_absolute_error: 721.1668090820312
Time taken for epoch: 30.51s
The validation tracker metric at 720.5721435546875 hasn't increased  in 11 epochs

Epoch 150/200

Training mean_absolute_error: 819.2706298828125
Validation loss: 722.2267456054688
Validation mean_absolute_error: 722.2267456054688
Time taken for epoch: 30.42s
The validation tracker metric at 720.5721435546875 hasn't increased  in 12 epochs
Lr has been adjusted to 7.508468115702271e-05

Epoch 151/200

Training mean_absolute_error: 817.734619140625
Validation loss: 720.54296875
Validation mean_absolute_error: 720.54296875
Time taken for epoch: 30.52s

Epoch 152/200

Training mean_absolute_error: 819.4310302734375
Validation loss: 719.8389892578125
Validation mean_absolute_error: 719.8389892578125
Time taken for epoch: 30.41s

Epoch 153/200

Training mean_absolute_error: 818.9216918945312
Validation loss: 721.7694091796875
Validation mean_absolute_error: 721.7694091796875
Time taken for epoch: 30.29s
The validation tracker metric at 719.8389892578125 hasn't increased  in 1 epochs

Epoch 154/200

Training mean_absolute_error: 817.3767700195312
Validation loss: 721.9961547851562
Validation mean_absolute_error: 721.9961547851562
Time taken for epoch: 30.19s
The validation tracker metric at 719.8389892578125 hasn't increased  in 2 epochs

Epoch 155/200

Training mean_absolute_error: 817.1194458007812
Validation loss: 720.5671997070312
Validation mean_absolute_error: 720.5671997070312
Time taken for epoch: 30.41s
The validation tracker metric at 719.8389892578125 hasn't increased  in 3 epochs

Epoch 156/200

Training mean_absolute_error: 817.9037475585938
Validation loss: 721.1530151367188
Validation mean_absolute_error: 721.1530151367188
Time taken for epoch: 30.46s
The validation tracker metric at 719.8389892578125 hasn't increased  in 4 epochs

Epoch 157/200

Training mean_absolute_error: 816.5398559570312
Validation loss: 720.8107299804688
Validation mean_absolute_error: 720.8107299804688
Time taken for epoch: 30.47s
The validation tracker metric at 719.8389892578125 hasn't increased  in 5 epochs

Epoch 158/200

Training mean_absolute_error: 816.8187255859375
Validation loss: 719.8366088867188
Validation mean_absolute_error: 719.8366088867188
Time taken for epoch: 30.33s

Epoch 159/200

Training mean_absolute_error: 819.5717163085938
Validation loss: 720.4467163085938
Validation mean_absolute_error: 720.4467163085938
Time taken for epoch: 30.68s
The validation tracker metric at 719.8366088867188 hasn't increased  in 1 epochs

Epoch 160/200

Training mean_absolute_error: 817.262939453125
Validation loss: 720.7207641601562
Validation mean_absolute_error: 720.7207641601562
Time taken for epoch: 31.03s
The validation tracker metric at 719.8366088867188 hasn't increased  in 2 epochs

Epoch 161/200

Training mean_absolute_error: 816.0054931640625
Validation loss: 719.305419921875
Validation mean_absolute_error: 719.305419921875
Time taken for epoch: 31.07s

Epoch 162/200

Training mean_absolute_error: 814.6708984375
Validation loss: 718.6566772460938
Validation mean_absolute_error: 718.6566772460938
Time taken for epoch: 30.61s

Epoch 163/200

Training mean_absolute_error: 818.6716918945312
Validation loss: 719.939697265625
Validation mean_absolute_error: 719.939697265625
Time taken for epoch: 30.50s
The validation tracker metric at 718.6566772460938 hasn't increased  in 1 epochs

Epoch 164/200

Training mean_absolute_error: 815.6842041015625
Validation loss: 719.8683471679688
Validation mean_absolute_error: 719.8683471679688
Time taken for epoch: 30.82s
The validation tracker metric at 718.6566772460938 hasn't increased  in 2 epochs

Epoch 165/200

Training mean_absolute_error: 815.7045288085938
Validation loss: 720.239990234375
Validation mean_absolute_error: 720.239990234375
Time taken for epoch: 30.46s
The validation tracker metric at 718.6566772460938 hasn't increased  in 3 epochs

Epoch 166/200

Training mean_absolute_error: 818.1591186523438
Validation loss: 720.981689453125
Validation mean_absolute_error: 720.981689453125
Time taken for epoch: 30.43s
The validation tracker metric at 718.6566772460938 hasn't increased  in 4 epochs

Epoch 167/200

Training mean_absolute_error: 818.0189208984375
Validation loss: 720.42578125
Validation mean_absolute_error: 720.42578125
Time taken for epoch: 30.50s
The validation tracker metric at 718.6566772460938 hasn't increased  in 5 epochs

Epoch 168/200

Training mean_absolute_error: 819.7750854492188
Validation loss: 719.3895874023438
Validation mean_absolute_error: 719.3895874023438
Time taken for epoch: 30.47s
The validation tracker metric at 718.6566772460938 hasn't increased  in 6 epochs
Lr has been adjusted to 5.6313510867767036e-05

Epoch 169/200

Training mean_absolute_error: 815.66357421875
Validation loss: 719.322265625
Validation mean_absolute_error: 719.322265625
Time taken for epoch: 30.33s
The validation tracker metric at 718.6566772460938 hasn't increased  in 7 epochs

Epoch 170/200

Training mean_absolute_error: 816.888671875
Validation loss: 719.7607421875
Validation mean_absolute_error: 719.7607421875
Time taken for epoch: 30.42s
The validation tracker metric at 718.6566772460938 hasn't increased  in 8 epochs

Epoch 171/200

Training mean_absolute_error: 816.1178588867188
Validation loss: 719.5458984375
Validation mean_absolute_error: 719.5458984375
Time taken for epoch: 30.41s
The validation tracker metric at 718.6566772460938 hasn't increased  in 9 epochs

Epoch 172/200

Training mean_absolute_error: 815.58642578125
Validation loss: 719.8799438476562
Validation mean_absolute_error: 719.8799438476562
Time taken for epoch: 30.63s
The validation tracker metric at 718.6566772460938 hasn't increased  in 10 epochs

Epoch 173/200

Training mean_absolute_error: 816.7498779296875
Validation loss: 720.3048095703125
Validation mean_absolute_error: 720.3048095703125
Time taken for epoch: 30.34s
The validation tracker metric at 718.6566772460938 hasn't increased  in 11 epochs

Epoch 174/200

Training mean_absolute_error: 815.6038208007812
Validation loss: 719.1806030273438
Validation mean_absolute_error: 719.1806030273438
Time taken for epoch: 30.59s
The validation tracker metric at 718.6566772460938 hasn't increased  in 12 epochs
Lr has been adjusted to 4.223513315082528e-05

Epoch 175/200

Training mean_absolute_error: 816.2897338867188
Validation loss: 719.8583984375
Validation mean_absolute_error: 719.8583984375
Time taken for epoch: 30.39s
The validation tracker metric at 718.6566772460938 hasn't increased  in 13 epochs

Epoch 176/200

Training mean_absolute_error: 817.9075317382812
Validation loss: 719.6624145507812
Validation mean_absolute_error: 719.6624145507812
Time taken for epoch: 30.47s
The validation tracker metric at 718.6566772460938 hasn't increased  in 14 epochs

Epoch 177/200

Training mean_absolute_error: 815.8240966796875
Validation loss: 719.5687255859375
Validation mean_absolute_error: 719.5687255859375
Time taken for epoch: 30.68s
The validation tracker metric at 718.6566772460938 hasn't increased  in 15 epochs

Epoch 178/200

Training mean_absolute_error: 814.2039794921875
Validation loss: 720.153564453125
Validation mean_absolute_error: 720.153564453125
Time taken for epoch: 30.37s
The validation tracker metric at 718.6566772460938 hasn't increased  in 16 epochs

Epoch 179/200

Training mean_absolute_error: 815.299560546875
Validation loss: 718.6181030273438
Validation mean_absolute_error: 718.6181030273438
Time taken for epoch: 30.35s

Epoch 180/200

Training mean_absolute_error: 815.739990234375
Validation loss: 719.3325805664062
Validation mean_absolute_error: 719.3325805664062
Time taken for epoch: 30.54s
The validation tracker metric at 718.6181030273438 hasn't increased  in 1 epochs

Epoch 181/200

Training mean_absolute_error: 815.3630981445312
Validation loss: 719.6979370117188
Validation mean_absolute_error: 719.6979370117188
Time taken for epoch: 30.37s
The validation tracker metric at 718.6181030273438 hasn't increased  in 2 epochs

Epoch 182/200

Training mean_absolute_error: 815.714599609375
Validation loss: 718.5508422851562
Validation mean_absolute_error: 718.5508422851562
Time taken for epoch: 30.50s

Epoch 183/200

Training mean_absolute_error: 816.1015625
Validation loss: 719.680419921875
Validation mean_absolute_error: 719.680419921875
Time taken for epoch: 30.23s
The validation tracker metric at 718.5508422851562 hasn't increased  in 1 epochs

Epoch 184/200

Training mean_absolute_error: 814.4933471679688
Validation loss: 719.0621337890625
Validation mean_absolute_error: 719.0621337890625
Time taken for epoch: 30.48s
The validation tracker metric at 718.5508422851562 hasn't increased  in 2 epochs

Epoch 185/200

Training mean_absolute_error: 815.1447143554688
Validation loss: 718.4353637695312
Validation mean_absolute_error: 718.4353637695312
Time taken for epoch: 30.39s

Epoch 186/200

Training mean_absolute_error: 816.4298706054688
Validation loss: 719.51806640625
Validation mean_absolute_error: 719.51806640625
Time taken for epoch: 30.37s
The validation tracker metric at 718.4353637695312 hasn't increased  in 1 epochs

Epoch 187/200

Training mean_absolute_error: 815.2780151367188
Validation loss: 719.6336059570312
Validation mean_absolute_error: 719.6336059570312
Time taken for epoch: 30.21s
The validation tracker metric at 718.4353637695312 hasn't increased  in 2 epochs

Epoch 188/200

Training mean_absolute_error: 813.2313842773438
Validation loss: 719.0028076171875
Validation mean_absolute_error: 719.0028076171875
Time taken for epoch: 30.35s
The validation tracker metric at 718.4353637695312 hasn't increased  in 3 epochs

Epoch 189/200

Training mean_absolute_error: 814.7689208984375
Validation loss: 718.4856567382812
Validation mean_absolute_error: 718.4856567382812
Time taken for epoch: 30.31s
The validation tracker metric at 718.4353637695312 hasn't increased  in 4 epochs

Epoch 190/200

Training mean_absolute_error: 814.1218872070312
Validation loss: 717.5975341796875
Validation mean_absolute_error: 717.5975341796875
Time taken for epoch: 30.40s

Epoch 191/200

Training mean_absolute_error: 815.1638793945312
Validation loss: 719.4712524414062
Validation mean_absolute_error: 719.4712524414062
Time taken for epoch: 30.36s
The validation tracker metric at 717.5975341796875 hasn't increased  in 1 epochs

Epoch 192/200

Training mean_absolute_error: 816.4442749023438
Validation loss: 718.7070922851562
Validation mean_absolute_error: 718.7070922851562
Time taken for epoch: 30.32s
The validation tracker metric at 717.5975341796875 hasn't increased  in 2 epochs

Epoch 193/200

Training mean_absolute_error: 815.6971435546875
Validation loss: 718.4263305664062
Validation mean_absolute_error: 718.4263305664062
Time taken for epoch: 30.58s
The validation tracker metric at 717.5975341796875 hasn't increased  in 3 epochs

Epoch 194/200

Training mean_absolute_error: 814.4655151367188
Validation loss: 718.5820922851562
Validation mean_absolute_error: 718.5820922851562
Time taken for epoch: 30.65s
The validation tracker metric at 717.5975341796875 hasn't increased  in 4 epochs

Epoch 195/200

Training mean_absolute_error: 816.6229858398438
Validation loss: 718.3051147460938
Validation mean_absolute_error: 718.3051147460938
Time taken for epoch: 30.28s
The validation tracker metric at 717.5975341796875 hasn't increased  in 5 epochs

Epoch 196/200

Training mean_absolute_error: 814.5013427734375
Validation loss: 718.9721069335938
Validation mean_absolute_error: 718.9721069335938
Time taken for epoch: 30.52s
The validation tracker metric at 717.5975341796875 hasn't increased  in 6 epochs
Lr has been adjusted to 3.167635077261366e-05

Epoch 197/200

Training mean_absolute_error: 814.5910034179688
Validation loss: 718.3052368164062
Validation mean_absolute_error: 718.3052368164062
Time taken for epoch: 30.30s
The validation tracker metric at 717.5975341796875 hasn't increased  in 7 epochs

Epoch 198/200

Training mean_absolute_error: 815.180908203125
Validation loss: 717.8345947265625
Validation mean_absolute_error: 717.8345947265625
Time taken for epoch: 32.16s
The validation tracker metric at 717.5975341796875 hasn't increased  in 8 epochs

Epoch 199/200

Training mean_absolute_error: 814.2760620117188
Validation loss: 717.8440551757812
Validation mean_absolute_error: 717.8440551757812
Time taken for epoch: 31.24s
The validation tracker metric at 717.5975341796875 hasn't increased  in 9 epochs

Epoch 200/200

Training mean_absolute_error: 814.5328979492188
Validation loss: 717.9003295898438
Validation mean_absolute_error: 717.9003295898438
Time taken for epoch: 32.15s
The validation tracker metric at 717.5975341796875 hasn't increased  in 10 epochs
--- Best performance found at epoch 189 --
Best value of tracked metric: 717.5975341796875
Best mean_absolute_error: 717.5975341796875
Kfold metrics
Kfold average mae: 717.597534 
-------------------------------
New job directory is ../../doordash/prediction/cache/train_26/2
