2022-08-15 02:37:14.970156: W tensorflow/stream_executor/platform/default/dso_loader.cc:64] Could not load dynamic library 'libcudart.so.11.0'; dlerror: libcudart.so.11.0: cannot open shared object file: No such file or directory
2022-08-15 02:37:14.970215: I tensorflow/stream_executor/cuda/cudart_stub.cc:29] Ignore above cudart dlerror if you do not have a GPU set up on your machine.
-- Collecting Variables... --
Tensorflow Version: 2.7.0
2022-08-15 02:37:17.508559: W tensorflow/stream_executor/platform/default/dso_loader.cc:64] Could not load dynamic library 'libcuda.so.1'; dlerror: libcuda.so.1: cannot open shared object file: No such file or directory
2022-08-15 02:37:17.508600: W tensorflow/stream_executor/cuda/cuda_driver.cc:269] failed call to cuInit: UNKNOWN ERROR (303)
2022-08-15 02:37:17.508621: I tensorflow/stream_executor/cuda/cuda_diagnostics.cc:156] kernel driver does not appear to be running on this host (instance-1): /proc/driver/nvidia/version does not exist
Num GPUs Available:  0
PID: 9000
Description: more channels
File dir is ../../doordash/prediction/cache/train_3
--- All variables have been collected. --
-------------------------------
New job directory is ../../doordash/prediction/cache/train_3/1
2022-08-15 02:37:17.517403: I tensorflow/core/platform/cpu_feature_guard.cc:151] This TensorFlow binary is optimized with oneAPI Deep Neural Network Library (oneDNN) to use the following CPU instructions in performance-critical operations:  AVX2 AVX512F FMA
To enable them in other operations, rebuild TensorFlow with the appropriate compiler flags.
Reading prev_orders_market_id...
Time passed: 0.14319205284118652 secs
Reading prev_orders_store_id...
Time passed: 0.14438152313232422 secs
--- training dataset contains 143743 elements ---
--- validation dataset contains 35936 elements ---
Model: "sequential"
_________________________________________________________________
 Layer (type)                Output Shape              Param #   
=================================================================
 dense (Dense)               (None, 1, 64)             896       
                                                                 
 dropout (Dropout)           (None, 1, 64)             0         
                                                                 
 dense_1 (Dense)             (None, 1, 128)            8320      
                                                                 
 dropout_1 (Dropout)         (None, 1, 128)            0         
                                                                 
 dense_2 (Dense)             (None, 1, 256)            33024     
                                                                 
 dropout_2 (Dropout)         (None, 1, 256)            0         
                                                                 
 flatten (Flatten)           (None, 256)               0         
                                                                 
 dense_3 (Dense)             (None, 1)                 257       
                                                                 
=================================================================
Total params: 42,497
Trainable params: 42,497
Non-trainable params: 0
_________________________________________________________________

Epoch 1/15

Training mean_absolute_error: nan
Validation loss: nan
Validation mean_absolute_error: nan
Time taken for epoch: 28.72s
The validation tracker metric at inf hasn't increased  in 1 epochs

Epoch 2/15

Training mean_absolute_error: nan
Validation loss: nan
Validation mean_absolute_error: nan
Time taken for epoch: 28.16s
The validation tracker metric at inf hasn't increased  in 2 epochs

Epoch 3/15
