2022-08-17 05:05:03.994588: W tensorflow/stream_executor/platform/default/dso_loader.cc:64] Could not load dynamic library 'libcudart.so.11.0'; dlerror: libcudart.so.11.0: cannot open shared object file: No such file or directory
2022-08-17 05:05:03.994729: I tensorflow/stream_executor/cuda/cudart_stub.cc:29] Ignore above cudart dlerror if you do not have a GPU set up on your machine.
-- Collecting Variables... --
Tensorflow Version: 2.7.0
2022-08-17 05:05:08.365719: W tensorflow/stream_executor/platform/default/dso_loader.cc:64] Could not load dynamic library 'libcuda.so.1'; dlerror: libcuda.so.1: cannot open shared object file: No such file or directory
2022-08-17 05:05:08.365825: W tensorflow/stream_executor/cuda/cuda_driver.cc:269] failed call to cuInit: UNKNOWN ERROR (303)
2022-08-17 05:05:08.365858: I tensorflow/stream_executor/cuda/cuda_diagnostics.cc:156] kernel driver does not appear to be running on this host (instance-1): /proc/driver/nvidia/version does not exist
Num GPUs Available:  0
PID: 14475
Description: cnn with 3,1 kernel drop 0.25 and smaller bsize
File dir is ../../doordash/prediction/cache/train_41
--- All variables have been collected. --
-------------------------------
New job directory is ../../doordash/prediction/cache/train_41/1
Augmenting...
Reading prev_orders_count_by_market_id...
Time passed: 0.08836698532104492 secs
Reading prev_orders_avg_by_market_id...
Time passed: 0.08053898811340332 secs
Reading prev_orders_count_by_store_id...
Time passed: 0.06721925735473633 secs
Reading prev_orders_avg_by_store_id...
Time passed: 0.0628211498260498 secs
8 features have been added: ['created_at_week_day', 'created_at_hour', 'created_at_month', 'created_at_day_of_month', 'prev_orders_count_by_market_id', 'prev_orders_avg_by_market_id', 'prev_orders_count_by_store_id', 'prev_orders_avg_by_store_id']
/home/alirachidi/anaconda3/envs/classification/lib/python3.7/site-packages/pandas/util/_decorators.py:311: SettingWithCopyWarning: 
A value is trying to be set on a copy of a slice from a DataFrame

See the caveats in the documentation: https://pandas.pydata.org/pandas-docs/stable/user_guide/indexing.html#returning-a-view-versus-a-copy
  return func(*args, **kwargs)
2022-08-17 05:13:04.603570: I tensorflow/core/platform/cpu_feature_guard.cc:151] This TensorFlow binary is optimized with oneAPI Deep Neural Network Library (oneDNN) to use the following CPU instructions in performance-critical operations:  AVX2 AVX512F FMA
To enable them in other operations, rebuild TensorFlow with the appropriate compiler flags.
--- training dataset contains 143646 elements ---
--- validation dataset contains 35909 elements ---
Model: "sequential"
_________________________________________________________________
 Layer (type)                Output Shape              Param #   
=================================================================
 conv2d (Conv2D)             (None, 3, 15, 32)         128       
                                                                 
 conv2d_1 (Conv2D)           (None, 3, 15, 64)         6208      
                                                                 
 batch_normalization (BatchN  (None, 3, 15, 64)        256       
 ormalization)                                                   
                                                                 
 dropout (Dropout)           (None, 3, 15, 64)         0         
                                                                 
 reshape (Reshape)           (None, 3, 960)            0         
                                                                 
 bidirectional (Bidirectiona  (None, 3, 64)            254208    
 l)                                                              
                                                                 
 dropout_1 (Dropout)         (None, 3, 64)             0         
                                                                 
 dense (Dense)               (None, 3, 100)            6500      
                                                                 
 dropout_2 (Dropout)         (None, 3, 100)            0         
                                                                 
 flatten (Flatten)           (None, 300)               0         
                                                                 
 dense_1 (Dense)             (None, 1)                 301       
                                                                 
=================================================================
Total params: 267,601
Trainable params: 267,473
Non-trainable params: 128
_________________________________________________________________

Epoch 1/200

Training mean_absolute_error: 1100.179443359375
Validation loss: 675.17529296875
Validation mean_absolute_error: 675.17529296875
Time taken for epoch: 113.40s

Epoch 2/200

Training mean_absolute_error: 730.6029052734375
Validation loss: 664.2615356445312
Validation mean_absolute_error: 664.2615356445312
Time taken for epoch: 162.42s

Epoch 3/200

Training mean_absolute_error: 725.1775512695312
Validation loss: 662.9745483398438
Validation mean_absolute_error: 662.9745483398438
Time taken for epoch: 162.46s

Epoch 4/200

Training mean_absolute_error: 725.4738159179688
Validation loss: 653.91845703125
Validation mean_absolute_error: 653.91845703125
Time taken for epoch: 128.37s

Epoch 5/200

Training mean_absolute_error: 723.0436401367188
Validation loss: 649.7290649414062
Validation mean_absolute_error: 649.7290649414062
Time taken for epoch: 114.61s

Epoch 6/200

Training mean_absolute_error: 722.7159423828125
Validation loss: 667.0632934570312
Validation mean_absolute_error: 667.0632934570312
Time taken for epoch: 118.60s
The validation tracker metric at 649.7290649414062 hasn't increased  in 1 epochs

Epoch 7/200

Training mean_absolute_error: 721.70361328125
Validation loss: 648.4043579101562
Validation mean_absolute_error: 648.4043579101562
Time taken for epoch: 118.85s

Epoch 8/200

Training mean_absolute_error: 716.45703125
Validation loss: 657.7471313476562
Validation mean_absolute_error: 657.7471313476562
Time taken for epoch: 154.09s
The validation tracker metric at 648.4043579101562 hasn't increased  in 1 epochs

Epoch 9/200

Training mean_absolute_error: 712.62548828125
Validation loss: 656.3128051757812
Validation mean_absolute_error: 656.3128051757812
Time taken for epoch: 162.42s
The validation tracker metric at 648.4043579101562 hasn't increased  in 2 epochs

Epoch 10/200

Training mean_absolute_error: 707.1481323242188
Validation loss: 652.8394165039062
Validation mean_absolute_error: 652.8394165039062
Time taken for epoch: 129.13s
The validation tracker metric at 648.4043579101562 hasn't increased  in 3 epochs

Epoch 11/200

Training mean_absolute_error: 701.72314453125
Validation loss: 643.1460571289062
Validation mean_absolute_error: 643.1460571289062
Time taken for epoch: 162.42s

Epoch 12/200

Training mean_absolute_error: 700.4207763671875
Validation loss: 650.1300659179688
Validation mean_absolute_error: 650.1300659179688
Time taken for epoch: 162.43s
The validation tracker metric at 643.1460571289062 hasn't increased  in 1 epochs

Epoch 13/200

Training mean_absolute_error: 696.1661987304688
Validation loss: 639.22900390625
Validation mean_absolute_error: 639.22900390625
Time taken for epoch: 114.23s

Epoch 14/200

Training mean_absolute_error: 696.03271484375
Validation loss: 637.0686645507812
Validation mean_absolute_error: 637.0686645507812
Time taken for epoch: 119.65s

Epoch 15/200

Training mean_absolute_error: 693.638916015625
Validation loss: 644.2872924804688
Validation mean_absolute_error: 644.2872924804688
Time taken for epoch: 129.80s
The validation tracker metric at 637.0686645507812 hasn't increased  in 1 epochs

Epoch 16/200

Training mean_absolute_error: 692.9759521484375
Validation loss: 635.04345703125
Validation mean_absolute_error: 635.04345703125
Time taken for epoch: 124.42s

Epoch 17/200

Training mean_absolute_error: 690.6446533203125
Validation loss: 634.6661987304688
Validation mean_absolute_error: 634.6661987304688
Time taken for epoch: 109.43s

Epoch 18/200

Training mean_absolute_error: 689.6820068359375
Validation loss: 629.7298583984375
Validation mean_absolute_error: 629.7298583984375
Time taken for epoch: 128.27s

Epoch 19/200

Training mean_absolute_error: 688.170166015625
Validation loss: 637.6065673828125
Validation mean_absolute_error: 637.6065673828125
Time taken for epoch: 152.88s
The validation tracker metric at 629.7298583984375 hasn't increased  in 1 epochs

Epoch 20/200

Training mean_absolute_error: 686.2138061523438
Validation loss: 631.3998413085938
Validation mean_absolute_error: 631.3998413085938
Time taken for epoch: 153.39s
The validation tracker metric at 629.7298583984375 hasn't increased  in 2 epochs

Epoch 21/200

Training mean_absolute_error: 685.1212158203125
Validation loss: 643.4324340820312
Validation mean_absolute_error: 643.4324340820312
Time taken for epoch: 120.54s
The validation tracker metric at 629.7298583984375 hasn't increased  in 3 epochs

Epoch 22/200

Training mean_absolute_error: 682.66845703125
Validation loss: 657.9668579101562
Validation mean_absolute_error: 657.9668579101562
Time taken for epoch: 126.85s
The validation tracker metric at 629.7298583984375 hasn't increased  in 4 epochs

Epoch 23/200

Training mean_absolute_error: 681.8510131835938
Validation loss: 623.2728271484375
Validation mean_absolute_error: 623.2728271484375
Time taken for epoch: 112.24s

Epoch 24/200

Training mean_absolute_error: 683.5619506835938
Validation loss: 627.2807006835938
Validation mean_absolute_error: 627.2807006835938
Time taken for epoch: 154.27s
The validation tracker metric at 623.2728271484375 hasn't increased  in 1 epochs

Epoch 25/200

Training mean_absolute_error: 681.0703735351562
Validation loss: 622.2584228515625
Validation mean_absolute_error: 622.2584228515625
Time taken for epoch: 129.12s

Epoch 26/200

Training mean_absolute_error: 679.7748413085938
Validation loss: 625.6655883789062
Validation mean_absolute_error: 625.6655883789062
Time taken for epoch: 162.43s
The validation tracker metric at 622.2584228515625 hasn't increased  in 1 epochs

Epoch 27/200

Training mean_absolute_error: 677.3530883789062
Validation loss: 618.4560546875
Validation mean_absolute_error: 618.4560546875
Time taken for epoch: 162.44s

Epoch 28/200

Training mean_absolute_error: 676.7439575195312
Validation loss: 633.7724609375
Validation mean_absolute_error: 633.7724609375
Time taken for epoch: 130.74s
The validation tracker metric at 618.4560546875 hasn't increased  in 1 epochs

Epoch 29/200

Training mean_absolute_error: 675.1505737304688
Validation loss: 661.14697265625
Validation mean_absolute_error: 661.14697265625
Time taken for epoch: 154.18s
The validation tracker metric at 618.4560546875 hasn't increased  in 2 epochs

Epoch 30/200

Training mean_absolute_error: 673.8064575195312
Validation loss: 616.8421020507812
Validation mean_absolute_error: 616.8421020507812
Time taken for epoch: 162.44s

Epoch 31/200

Training mean_absolute_error: 673.138916015625
Validation loss: 619.1603393554688
Validation mean_absolute_error: 619.1603393554688
Time taken for epoch: 133.28s
The validation tracker metric at 616.8421020507812 hasn't increased  in 1 epochs

Epoch 32/200

Training mean_absolute_error: 671.8876953125
Validation loss: 614.5040893554688
Validation mean_absolute_error: 614.5040893554688
Time taken for epoch: 155.65s

Epoch 33/200

Training mean_absolute_error: 670.06005859375
Validation loss: 614.5081176757812
Validation mean_absolute_error: 614.5081176757812
Time taken for epoch: 154.58s
The validation tracker metric at 614.5040893554688 hasn't increased  in 1 epochs

Epoch 34/200

Training mean_absolute_error: 668.6273193359375
Validation loss: 612.191650390625
Validation mean_absolute_error: 612.191650390625
Time taken for epoch: 162.42s

Epoch 35/200

Training mean_absolute_error: 667.8840942382812
Validation loss: 615.6344604492188
Validation mean_absolute_error: 615.6344604492188
Time taken for epoch: 158.94s
The validation tracker metric at 612.191650390625 hasn't increased  in 1 epochs

Epoch 36/200

Training mean_absolute_error: 666.9244384765625
Validation loss: 612.3197021484375
Validation mean_absolute_error: 612.3197021484375
Time taken for epoch: 154.00s
The validation tracker metric at 612.191650390625 hasn't increased  in 2 epochs

Epoch 37/200

Training mean_absolute_error: 664.7098999023438
Validation loss: 608.1810913085938
Validation mean_absolute_error: 608.1810913085938
Time taken for epoch: 162.44s

Epoch 38/200

Training mean_absolute_error: 664.6741943359375
Validation loss: 610.8778076171875
Validation mean_absolute_error: 610.8778076171875
Time taken for epoch: 144.42s
The validation tracker metric at 608.1810913085938 hasn't increased  in 1 epochs

Epoch 39/200

Training mean_absolute_error: 663.5230102539062
Validation loss: 607.2669067382812
Validation mean_absolute_error: 607.2669067382812
Time taken for epoch: 155.14s

Epoch 40/200

Training mean_absolute_error: 663.4703979492188
Validation loss: 613.5738525390625
Validation mean_absolute_error: 613.5738525390625
Time taken for epoch: 162.43s
The validation tracker metric at 607.2669067382812 hasn't increased  in 1 epochs

Epoch 41/200

Training mean_absolute_error: 661.6093139648438
Validation loss: 615.7130126953125
Validation mean_absolute_error: 615.7130126953125
Time taken for epoch: 162.44s
The validation tracker metric at 607.2669067382812 hasn't increased  in 2 epochs

Epoch 42/200

Training mean_absolute_error: 661.805419921875
Validation loss: 609.716064453125
Validation mean_absolute_error: 609.716064453125
Time taken for epoch: 162.43s
The validation tracker metric at 607.2669067382812 hasn't increased  in 3 epochs

Epoch 43/200

Training mean_absolute_error: 661.6026000976562
Validation loss: 609.960693359375
Validation mean_absolute_error: 609.960693359375
Time taken for epoch: 144.31s
The validation tracker metric at 607.2669067382812 hasn't increased  in 4 epochs

Epoch 44/200

Training mean_absolute_error: 659.487060546875
Validation loss: 606.072021484375
Validation mean_absolute_error: 606.072021484375
Time taken for epoch: 154.45s

Epoch 45/200

Training mean_absolute_error: 660.27099609375
Validation loss: 608.0309448242188
Validation mean_absolute_error: 608.0309448242188
Time taken for epoch: 143.09s
The validation tracker metric at 606.072021484375 hasn't increased  in 1 epochs

Epoch 46/200

Training mean_absolute_error: 659.23876953125
Validation loss: 607.923583984375
Validation mean_absolute_error: 607.923583984375
Time taken for epoch: 162.42s
The validation tracker metric at 606.072021484375 hasn't increased  in 2 epochs

Epoch 47/200

Training mean_absolute_error: 658.4537353515625
Validation loss: 609.2169799804688
Validation mean_absolute_error: 609.2169799804688
Time taken for epoch: 139.95s
The validation tracker metric at 606.072021484375 hasn't increased  in 3 epochs

Epoch 48/200

Training mean_absolute_error: 656.9185791015625
Validation loss: 604.0587768554688
Validation mean_absolute_error: 604.0587768554688
Time taken for epoch: 147.80s

Epoch 49/200

Training mean_absolute_error: 657.3533935546875
Validation loss: 603.9609985351562
Validation mean_absolute_error: 603.9609985351562
Time taken for epoch: 162.45s

Epoch 50/200

Training mean_absolute_error: 657.1456909179688
Validation loss: 614.76953125
Validation mean_absolute_error: 614.76953125
Time taken for epoch: 148.18s
The validation tracker metric at 603.9609985351562 hasn't increased  in 1 epochs

Epoch 51/200

Training mean_absolute_error: 655.7316284179688
Validation loss: 608.34375
Validation mean_absolute_error: 608.34375
Time taken for epoch: 154.73s
The validation tracker metric at 603.9609985351562 hasn't increased  in 2 epochs

Epoch 52/200

Training mean_absolute_error: 655.0919799804688
Validation loss: 606.7451782226562
Validation mean_absolute_error: 606.7451782226562
Time taken for epoch: 158.22s
The validation tracker metric at 603.9609985351562 hasn't increased  in 3 epochs

Epoch 53/200

Training mean_absolute_error: 655.0136108398438
Validation loss: 614.193115234375
Validation mean_absolute_error: 614.193115234375
Time taken for epoch: 162.45s
The validation tracker metric at 603.9609985351562 hasn't increased  in 4 epochs

Epoch 54/200

Training mean_absolute_error: 653.9886474609375
Validation loss: 604.0980834960938
Validation mean_absolute_error: 604.0980834960938
Time taken for epoch: 151.61s
The validation tracker metric at 603.9609985351562 hasn't increased  in 5 epochs

Epoch 55/200

Training mean_absolute_error: 654.1102294921875
Validation loss: 614.274658203125
Validation mean_absolute_error: 614.274658203125
Time taken for epoch: 162.45s
The validation tracker metric at 603.9609985351562 hasn't increased  in 6 epochs
Lr has been adjusted to 0.000750000006519258

Epoch 56/200

Training mean_absolute_error: 651.59033203125
Validation loss: 600.6614379882812
Validation mean_absolute_error: 600.6614379882812
Time taken for epoch: 150.40s

Epoch 57/200

Training mean_absolute_error: 650.614501953125
Validation loss: 604.0377197265625
Validation mean_absolute_error: 604.0377197265625
Time taken for epoch: 157.49s
The validation tracker metric at 600.6614379882812 hasn't increased  in 1 epochs

Epoch 58/200

Training mean_absolute_error: 650.2092895507812
Validation loss: 605.9782104492188
Validation mean_absolute_error: 605.9782104492188
Time taken for epoch: 162.44s
The validation tracker metric at 600.6614379882812 hasn't increased  in 2 epochs

Epoch 59/200

Training mean_absolute_error: 650.5703125
Validation loss: 599.9700927734375
Validation mean_absolute_error: 599.9700927734375
Time taken for epoch: 162.44s

Epoch 60/200

Training mean_absolute_error: 649.6256103515625
Validation loss: 605.334716796875
Validation mean_absolute_error: 605.334716796875
Time taken for epoch: 162.44s
The validation tracker metric at 599.9700927734375 hasn't increased  in 1 epochs

Epoch 61/200

Training mean_absolute_error: 649.72314453125
Validation loss: 605.4229125976562
Validation mean_absolute_error: 605.4229125976562
Time taken for epoch: 143.11s
The validation tracker metric at 599.9700927734375 hasn't increased  in 2 epochs

Epoch 62/200

Training mean_absolute_error: 649.050048828125
Validation loss: 609.7611694335938
Validation mean_absolute_error: 609.7611694335938
Time taken for epoch: 157.57s
The validation tracker metric at 599.9700927734375 hasn't increased  in 3 epochs

Epoch 63/200

Training mean_absolute_error: 648.636474609375
Validation loss: 602.3134765625
Validation mean_absolute_error: 602.3134765625
Time taken for epoch: 162.44s
The validation tracker metric at 599.9700927734375 hasn't increased  in 4 epochs

Epoch 64/200

Training mean_absolute_error: 648.7391967773438
Validation loss: 608.4973754882812
Validation mean_absolute_error: 608.4973754882812
Time taken for epoch: 155.63s
The validation tracker metric at 599.9700927734375 hasn't increased  in 5 epochs

Epoch 65/200

Training mean_absolute_error: 649.0863647460938
Validation loss: 613.038330078125
Validation mean_absolute_error: 613.038330078125
Time taken for epoch: 162.45s
The validation tracker metric at 599.9700927734375 hasn't increased  in 6 epochs
Lr has been adjusted to 0.0005624999757856131

Epoch 66/200

Training mean_absolute_error: 646.108642578125
Validation loss: 605.3300170898438
Validation mean_absolute_error: 605.3300170898438
Time taken for epoch: 158.78s
The validation tracker metric at 599.9700927734375 hasn't increased  in 7 epochs

Epoch 67/200

Training mean_absolute_error: 645.330078125
Validation loss: 599.153564453125
Validation mean_absolute_error: 599.153564453125
Time taken for epoch: 162.42s

Epoch 68/200

Training mean_absolute_error: 644.5807495117188
Validation loss: 601.800537109375
Validation mean_absolute_error: 601.800537109375
Time taken for epoch: 156.05s
The validation tracker metric at 599.153564453125 hasn't increased  in 1 epochs

Epoch 69/200

Training mean_absolute_error: 645.056884765625
Validation loss: 602.9690551757812
Validation mean_absolute_error: 602.9690551757812
Time taken for epoch: 153.56s
The validation tracker metric at 599.153564453125 hasn't increased  in 2 epochs

Epoch 70/200

Training mean_absolute_error: 644.483642578125
Validation loss: 605.3395385742188
Validation mean_absolute_error: 605.3395385742188
Time taken for epoch: 162.45s
The validation tracker metric at 599.153564453125 hasn't increased  in 3 epochs

Epoch 71/200

Training mean_absolute_error: 643.356201171875
Validation loss: 620.4033813476562
Validation mean_absolute_error: 620.4033813476562
Time taken for epoch: 162.45s
The validation tracker metric at 599.153564453125 hasn't increased  in 4 epochs

Epoch 72/200

Training mean_absolute_error: 643.4308471679688
Validation loss: 634.5862426757812
Validation mean_absolute_error: 634.5862426757812
Time taken for epoch: 150.83s
The validation tracker metric at 599.153564453125 hasn't increased  in 5 epochs

Epoch 73/200

Training mean_absolute_error: 643.896484375
Validation loss: 603.6560668945312
Validation mean_absolute_error: 603.6560668945312
Time taken for epoch: 142.07s
The validation tracker metric at 599.153564453125 hasn't increased  in 6 epochs
Lr has been adjusted to 0.0004218749818392098

Epoch 74/200

Training mean_absolute_error: 641.6392211914062
Validation loss: 610.1939086914062
Validation mean_absolute_error: 610.1939086914062
Time taken for epoch: 155.21s
The validation tracker metric at 599.153564453125 hasn't increased  in 7 epochs

Epoch 75/200

Training mean_absolute_error: 641.8075561523438
Validation loss: 600.9262084960938
Validation mean_absolute_error: 600.9262084960938
Time taken for epoch: 162.42s
The validation tracker metric at 599.153564453125 hasn't increased  in 8 epochs

Epoch 76/200

Training mean_absolute_error: 640.3928833007812
Validation loss: 601.448486328125
Validation mean_absolute_error: 601.448486328125
Time taken for epoch: 162.45s
The validation tracker metric at 599.153564453125 hasn't increased  in 9 epochs

Epoch 77/200

Training mean_absolute_error: 641.20654296875
Validation loss: 604.4373779296875
Validation mean_absolute_error: 604.4373779296875
Time taken for epoch: 155.93s
The validation tracker metric at 599.153564453125 hasn't increased  in 10 epochs

Epoch 78/200

Training mean_absolute_error: 640.9581909179688
Validation loss: 611.471923828125
Validation mean_absolute_error: 611.471923828125
Time taken for epoch: 155.92s
The validation tracker metric at 599.153564453125 hasn't increased  in 11 epochs

Epoch 79/200

Training mean_absolute_error: 641.0159301757812
Validation loss: 604.4285888671875
Validation mean_absolute_error: 604.4285888671875
Time taken for epoch: 153.74s
The validation tracker metric at 599.153564453125 hasn't increased  in 12 epochs
Lr has been adjusted to 0.0003164062509313226

Epoch 80/200

Training mean_absolute_error: 639.6094970703125
Validation loss: 607.8806762695312
Validation mean_absolute_error: 607.8806762695312
Time taken for epoch: 162.44s
The validation tracker metric at 599.153564453125 hasn't increased  in 13 epochs

Epoch 81/200

Training mean_absolute_error: 639.6707763671875
Validation loss: 603.3309326171875
Validation mean_absolute_error: 603.3309326171875
Time taken for epoch: 156.05s
The validation tracker metric at 599.153564453125 hasn't increased  in 14 epochs

Epoch 82/200

Training mean_absolute_error: 638.3181762695312
Validation loss: 609.317138671875
Validation mean_absolute_error: 609.317138671875
Time taken for epoch: 162.43s
The validation tracker metric at 599.153564453125 hasn't increased  in 15 epochs

Epoch 83/200

Training mean_absolute_error: 637.1478881835938
Validation loss: 605.484130859375
Validation mean_absolute_error: 605.484130859375
Time taken for epoch: 146.44s
The validation tracker metric at 599.153564453125 hasn't increased  in 16 epochs

Epoch 84/200

Training mean_absolute_error: 637.6932983398438
Validation loss: 604.6995849609375
Validation mean_absolute_error: 604.6995849609375
Time taken for epoch: 156.85s
The validation tracker metric at 599.153564453125 hasn't increased  in 17 epochs

Epoch 85/200

Training mean_absolute_error: 637.3344116210938
Validation loss: 604.1985473632812
Validation mean_absolute_error: 604.1985473632812
Time taken for epoch: 143.88s
The validation tracker metric at 599.153564453125 hasn't increased  in 18 epochs
Lr has been adjusted to 0.00023730468819849193

Epoch 86/200

Training mean_absolute_error: 637.4808959960938
Validation loss: 602.3867797851562
Validation mean_absolute_error: 602.3867797851562
Time taken for epoch: 147.39s
The validation tracker metric at 599.153564453125 hasn't increased  in 19 epochs

Epoch 87/200

Training mean_absolute_error: 637.0001220703125
Validation loss: 601.0853271484375
Validation mean_absolute_error: 601.0853271484375
Time taken for epoch: 146.60s
Training stopped due to unimproved results over 20 epochs
--- Best performance found at epoch 66 --
Best value of tracked metric: 599.153564453125
Best mean_absolute_error: 599.153564453125
-------------------------------
New job directory is ../../doordash/prediction/cache/train_41/2
--- training dataset contains 143646 elements ---
--- validation dataset contains 35909 elements ---
Model: "sequential_1"
_________________________________________________________________
 Layer (type)                Output Shape              Param #   
=================================================================
 conv2d_2 (Conv2D)           (None, 3, 15, 32)         128       
                                                                 
 conv2d_3 (Conv2D)           (None, 3, 15, 64)         6208      
                                                                 
 batch_normalization_1 (Batc  (None, 3, 15, 64)        256       
 hNormalization)                                                 
                                                                 
 dropout_3 (Dropout)         (None, 3, 15, 64)         0         
                                                                 
 reshape_1 (Reshape)         (None, 3, 960)            0         
                                                                 
 bidirectional_1 (Bidirectio  (None, 3, 64)            254208    
 nal)                                                            
                                                                 
 dropout_4 (Dropout)         (None, 3, 64)             0         
                                                                 
 dense_2 (Dense)             (None, 3, 100)            6500      
                                                                 
 dropout_5 (Dropout)         (None, 3, 100)            0         
                                                                 
 flatten_1 (Flatten)         (None, 300)               0         
                                                                 
 dense_3 (Dense)             (None, 1)                 301       
                                                                 
=================================================================
Total params: 267,601
Trainable params: 267,473
Non-trainable params: 128
_________________________________________________________________

Epoch 1/200

Training mean_absolute_error: 1110.5220947265625
Validation loss: 707.7327270507812
Validation mean_absolute_error: 707.7327270507812
Time taken for epoch: 130.35s

Epoch 2/200

Training mean_absolute_error: 730.8474731445312
Validation loss: 706.7877197265625
Validation mean_absolute_error: 706.7877197265625
Time taken for epoch: 149.45s

Epoch 3/200

Training mean_absolute_error: 726.5591430664062
Validation loss: 707.2322387695312
Validation mean_absolute_error: 707.2322387695312
Time taken for epoch: 155.73s
The validation tracker metric at 706.7877197265625 hasn't increased  in 1 epochs

Epoch 4/200

Training mean_absolute_error: 717.0770874023438
Validation loss: 701.0551147460938
Validation mean_absolute_error: 701.0551147460938
Time taken for epoch: 154.89s

Epoch 5/200

Training mean_absolute_error: 713.2949829101562
Validation loss: 697.2830200195312
Validation mean_absolute_error: 697.2830200195312
Time taken for epoch: 162.44s

Epoch 6/200

Training mean_absolute_error: 707.9850463867188
Validation loss: 740.480712890625
Validation mean_absolute_error: 740.480712890625
Time taken for epoch: 156.84s
The validation tracker metric at 697.2830200195312 hasn't increased  in 1 epochs

Epoch 7/200

Training mean_absolute_error: 704.514892578125
Validation loss: 767.7850952148438
Validation mean_absolute_error: 767.7850952148438
Time taken for epoch: 162.42s
The validation tracker metric at 697.2830200195312 hasn't increased  in 2 epochs

Epoch 8/200

Training mean_absolute_error: 702.0294799804688
Validation loss: 802.8728637695312
Validation mean_absolute_error: 802.8728637695312
Time taken for epoch: 154.11s
The validation tracker metric at 697.2830200195312 hasn't increased  in 3 epochs

Epoch 9/200

Training mean_absolute_error: 699.4068603515625
Validation loss: 821.2840576171875
Validation mean_absolute_error: 821.2840576171875
Time taken for epoch: 142.90s
The validation tracker metric at 697.2830200195312 hasn't increased  in 4 epochs

Epoch 10/200

Training mean_absolute_error: 694.5087280273438
Validation loss: 833.7647094726562
Validation mean_absolute_error: 833.7647094726562
Time taken for epoch: 142.86s
The validation tracker metric at 697.2830200195312 hasn't increased  in 5 epochs

Epoch 11/200

Training mean_absolute_error: 691.9881591796875
Validation loss: 843.7974853515625
Validation mean_absolute_error: 843.7974853515625
Time taken for epoch: 153.31s
The validation tracker metric at 697.2830200195312 hasn't increased  in 6 epochs
Lr has been adjusted to 0.000750000006519258

Epoch 12/200

Training mean_absolute_error: 688.595703125
Validation loss: 847.6824951171875
Validation mean_absolute_error: 847.6824951171875
Time taken for epoch: 158.21s
The validation tracker metric at 697.2830200195312 hasn't increased  in 7 epochs

Epoch 13/200

Training mean_absolute_error: 686.045166015625
Validation loss: 878.7553100585938
Validation mean_absolute_error: 878.7553100585938
Time taken for epoch: 139.30s
The validation tracker metric at 697.2830200195312 hasn't increased  in 8 epochs

Epoch 14/200

Training mean_absolute_error: 688.410888671875
Validation loss: 917.11181640625
Validation mean_absolute_error: 917.11181640625
Time taken for epoch: 143.06s
The validation tracker metric at 697.2830200195312 hasn't increased  in 9 epochs

Epoch 15/200

Training mean_absolute_error: 687.5108032226562
Validation loss: 887.8740234375
Validation mean_absolute_error: 887.8740234375
Time taken for epoch: 162.44s
The validation tracker metric at 697.2830200195312 hasn't increased  in 10 epochs

Epoch 16/200

Training mean_absolute_error: 680.1240234375
Validation loss: 829.8834838867188
Validation mean_absolute_error: 829.8834838867188
Time taken for epoch: 162.47s
The validation tracker metric at 697.2830200195312 hasn't increased  in 11 epochs

Epoch 17/200

Training mean_absolute_error: 675.6260986328125
Validation loss: 844.75830078125
Validation mean_absolute_error: 844.75830078125
Time taken for epoch: 153.30s
The validation tracker metric at 697.2830200195312 hasn't increased  in 12 epochs
Lr has been adjusted to 0.0005624999757856131

Epoch 18/200

Training mean_absolute_error: 672.32275390625
Validation loss: 840.651611328125
Validation mean_absolute_error: 840.651611328125
Time taken for epoch: 162.43s
The validation tracker metric at 697.2830200195312 hasn't increased  in 13 epochs

Epoch 19/200

Training mean_absolute_error: 671.2138061523438
Validation loss: 850.7985229492188
Validation mean_absolute_error: 850.7985229492188
Time taken for epoch: 162.46s
The validation tracker metric at 697.2830200195312 hasn't increased  in 14 epochs

Epoch 20/200

Training mean_absolute_error: 668.1981201171875
Validation loss: 823.2271118164062
Validation mean_absolute_error: 823.2271118164062
Time taken for epoch: 162.47s
The validation tracker metric at 697.2830200195312 hasn't increased  in 15 epochs

Epoch 21/200

Training mean_absolute_error: 665.6857299804688
Validation loss: 835.1381225585938
Validation mean_absolute_error: 835.1381225585938
Time taken for epoch: 162.46s
The validation tracker metric at 697.2830200195312 hasn't increased  in 16 epochs

Epoch 22/200

Training mean_absolute_error: 664.4697875976562
Validation loss: 812.6693115234375
Validation mean_absolute_error: 812.6693115234375
Time taken for epoch: 152.07s
The validation tracker metric at 697.2830200195312 hasn't increased  in 17 epochs

Epoch 23/200

Training mean_absolute_error: 662.41845703125
Validation loss: 820.7327880859375
Validation mean_absolute_error: 820.7327880859375
Time taken for epoch: 137.52s
The validation tracker metric at 697.2830200195312 hasn't increased  in 18 epochs
Lr has been adjusted to 0.0004218749818392098

Epoch 24/200

Training mean_absolute_error: 659.2794799804688
Validation loss: 846.9954833984375
Validation mean_absolute_error: 846.9954833984375
Time taken for epoch: 155.36s
The validation tracker metric at 697.2830200195312 hasn't increased  in 19 epochs

Epoch 25/200

Training mean_absolute_error: 657.33740234375
Validation loss: 795.925048828125
Validation mean_absolute_error: 795.925048828125
Time taken for epoch: 145.92s
Training stopped due to unimproved results over 20 epochs
--- Best performance found at epoch 4 --
Best value of tracked metric: 697.2830200195312
Best mean_absolute_error: 697.2830200195312
-------------------------------
New job directory is ../../doordash/prediction/cache/train_41/3
--- training dataset contains 143646 elements ---
--- validation dataset contains 35909 elements ---
Model: "sequential_2"
_________________________________________________________________
 Layer (type)                Output Shape              Param #   
=================================================================
 conv2d_4 (Conv2D)           (None, 3, 15, 32)         128       
                                                                 
 conv2d_5 (Conv2D)           (None, 3, 15, 64)         6208      
                                                                 
 batch_normalization_2 (Batc  (None, 3, 15, 64)        256       
 hNormalization)                                                 
                                                                 
 dropout_6 (Dropout)         (None, 3, 15, 64)         0         
                                                                 
 reshape_2 (Reshape)         (None, 3, 960)            0         
                                                                 
 bidirectional_2 (Bidirectio  (None, 3, 64)            254208    
 nal)                                                            
                                                                 
 dropout_7 (Dropout)         (None, 3, 64)             0         
                                                                 
 dense_4 (Dense)             (None, 3, 100)            6500      
                                                                 
 dropout_8 (Dropout)         (None, 3, 100)            0         
                                                                 
 flatten_2 (Flatten)         (None, 300)               0         
                                                                 
 dense_5 (Dense)             (None, 1)                 301       
                                                                 
=================================================================
Total params: 267,601
Trainable params: 267,473
Non-trainable params: 128
_________________________________________________________________

Epoch 1/200

Training mean_absolute_error: 1070.5457763671875
Validation loss: 825.9779663085938
Validation mean_absolute_error: 825.9779663085938
Time taken for epoch: 148.29s

Epoch 2/200

Training mean_absolute_error: 697.148681640625
Validation loss: 822.5194091796875
Validation mean_absolute_error: 822.5194091796875
Time taken for epoch: 162.46s

Epoch 3/200

Training mean_absolute_error: 690.9605712890625
Validation loss: 807.84716796875
Validation mean_absolute_error: 807.84716796875
Time taken for epoch: 156.79s

Epoch 4/200

Training mean_absolute_error: 686.349365234375
Validation loss: 794.4752807617188
Validation mean_absolute_error: 794.4752807617188
Time taken for epoch: 147.66s

Epoch 5/200

Training mean_absolute_error: 681.3598022460938
Validation loss: 788.506103515625
Validation mean_absolute_error: 788.506103515625
Time taken for epoch: 136.61s

Epoch 6/200

Training mean_absolute_error: 677.8482666015625
Validation loss: 790.3441162109375
Validation mean_absolute_error: 790.3441162109375
Time taken for epoch: 156.94s
The validation tracker metric at 788.506103515625 hasn't increased  in 1 epochs

Epoch 7/200

Training mean_absolute_error: 674.3792724609375
Validation loss: 786.3455810546875
Validation mean_absolute_error: 786.3455810546875
Time taken for epoch: 162.44s

Epoch 8/200

Training mean_absolute_error: 672.7811889648438
Validation loss: 783.4784545898438
Validation mean_absolute_error: 783.4784545898438
Time taken for epoch: 162.43s

Epoch 9/200

Training mean_absolute_error: 670.0152587890625
Validation loss: 774.05419921875
Validation mean_absolute_error: 774.05419921875
Time taken for epoch: 149.99s

Epoch 10/200

Training mean_absolute_error: 665.6815185546875
Validation loss: 763.972412109375
Validation mean_absolute_error: 763.972412109375
Time taken for epoch: 156.42s

Epoch 11/200

Training mean_absolute_error: 662.3203735351562
Validation loss: 768.11767578125
Validation mean_absolute_error: 768.11767578125
Time taken for epoch: 162.44s
The validation tracker metric at 763.972412109375 hasn't increased  in 1 epochs

Epoch 12/200

Training mean_absolute_error: 661.0475463867188
Validation loss: 821.632568359375
Validation mean_absolute_error: 821.632568359375
Time taken for epoch: 162.45s
The validation tracker metric at 763.972412109375 hasn't increased  in 2 epochs

Epoch 13/200

Training mean_absolute_error: 663.0177612304688
Validation loss: 794.5432739257812
Validation mean_absolute_error: 794.5432739257812
Time taken for epoch: 148.23s
The validation tracker metric at 763.972412109375 hasn't increased  in 3 epochs

Epoch 14/200

Training mean_absolute_error: 657.1618041992188
Validation loss: 758.99365234375
Validation mean_absolute_error: 758.99365234375
Time taken for epoch: 162.45s

Epoch 15/200

Training mean_absolute_error: 653.2889404296875
Validation loss: 754.1710815429688
Validation mean_absolute_error: 754.1710815429688
Time taken for epoch: 162.45s

Epoch 16/200

Training mean_absolute_error: 657.73828125
Validation loss: 762.779541015625
Validation mean_absolute_error: 762.779541015625
Time taken for epoch: 162.44s
The validation tracker metric at 754.1710815429688 hasn't increased  in 1 epochs

Epoch 17/200

Training mean_absolute_error: 655.6614990234375
Validation loss: 752.9202880859375
Validation mean_absolute_error: 752.9202880859375
Time taken for epoch: 162.46s

Epoch 18/200

Training mean_absolute_error: 652.6098022460938
Validation loss: 751.50244140625
Validation mean_absolute_error: 751.50244140625
Time taken for epoch: 144.59s

Epoch 19/200

Training mean_absolute_error: 651.4528198242188
Validation loss: 752.4119262695312
Validation mean_absolute_error: 752.4119262695312
Time taken for epoch: 128.51s
The validation tracker metric at 751.50244140625 hasn't increased  in 1 epochs

Epoch 20/200

Training mean_absolute_error: 649.6832885742188
Validation loss: 746.2808837890625
Validation mean_absolute_error: 746.2808837890625
Time taken for epoch: 162.47s

Epoch 21/200

Training mean_absolute_error: 648.5468139648438
Validation loss: 755.3252563476562
Validation mean_absolute_error: 755.3252563476562
Time taken for epoch: 144.61s
The validation tracker metric at 746.2808837890625 hasn't increased  in 1 epochs

Epoch 22/200

Training mean_absolute_error: 646.790771484375
Validation loss: 745.9944458007812
Validation mean_absolute_error: 745.9944458007812
Time taken for epoch: 156.56s

Epoch 23/200

Training mean_absolute_error: 646.58447265625
Validation loss: 741.4747924804688
Validation mean_absolute_error: 741.4747924804688
Time taken for epoch: 162.43s

Epoch 24/200

Training mean_absolute_error: 645.427734375
Validation loss: 744.5048828125
Validation mean_absolute_error: 744.5048828125
Time taken for epoch: 138.27s
The validation tracker metric at 741.4747924804688 hasn't increased  in 1 epochs

Epoch 25/200

Training mean_absolute_error: 644.5091552734375
Validation loss: 747.449462890625
Validation mean_absolute_error: 747.449462890625
Time taken for epoch: 162.43s
The validation tracker metric at 741.4747924804688 hasn't increased  in 2 epochs

Epoch 26/200

Training mean_absolute_error: 644.5919189453125
Validation loss: 741.6516723632812
Validation mean_absolute_error: 741.6516723632812
Time taken for epoch: 152.15s
The validation tracker metric at 741.4747924804688 hasn't increased  in 3 epochs

Epoch 27/200

Training mean_absolute_error: 642.4580078125
Validation loss: 741.1328125
Validation mean_absolute_error: 741.1328125
Time taken for epoch: 140.00s

Epoch 28/200

Training mean_absolute_error: 644.1924438476562
Validation loss: 744.76416015625
Validation mean_absolute_error: 744.76416015625
Time taken for epoch: 156.05s
The validation tracker metric at 741.1328125 hasn't increased  in 1 epochs

Epoch 29/200

Training mean_absolute_error: 643.45849609375
Validation loss: 738.5137329101562
Validation mean_absolute_error: 738.5137329101562
Time taken for epoch: 162.44s

Epoch 30/200

Training mean_absolute_error: 640.284423828125
Validation loss: 742.804443359375
Validation mean_absolute_error: 742.804443359375
Time taken for epoch: 162.44s
The validation tracker metric at 738.5137329101562 hasn't increased  in 1 epochs

Epoch 31/200

Training mean_absolute_error: 640.8483276367188
Validation loss: 734.6682739257812
Validation mean_absolute_error: 734.6682739257812
Time taken for epoch: 150.52s

Epoch 32/200

Training mean_absolute_error: 639.1995239257812
Validation loss: 746.6890869140625
Validation mean_absolute_error: 746.6890869140625
Time taken for epoch: 162.42s
The validation tracker metric at 734.6682739257812 hasn't increased  in 1 epochs

Epoch 33/200

Training mean_absolute_error: 638.8640747070312
Validation loss: 738.9219970703125
Validation mean_absolute_error: 738.9219970703125
Time taken for epoch: 133.40s
The validation tracker metric at 734.6682739257812 hasn't increased  in 2 epochs

Epoch 34/200

Training mean_absolute_error: 638.9963989257812
Validation loss: 726.5946655273438
Validation mean_absolute_error: 726.5946655273438
Time taken for epoch: 156.94s

Epoch 35/200

Training mean_absolute_error: 640.4972534179688
Validation loss: 731.3228759765625
Validation mean_absolute_error: 731.3228759765625
Time taken for epoch: 155.82s
The validation tracker metric at 726.5946655273438 hasn't increased  in 1 epochs

Epoch 36/200

Training mean_absolute_error: 640.3140869140625
Validation loss: 734.0311889648438
Validation mean_absolute_error: 734.0311889648438
Time taken for epoch: 162.43s
The validation tracker metric at 726.5946655273438 hasn't increased  in 2 epochs

Epoch 37/200

Training mean_absolute_error: 640.5255737304688
Validation loss: 733.1043701171875
Validation mean_absolute_error: 733.1043701171875
Time taken for epoch: 146.60s
The validation tracker metric at 726.5946655273438 hasn't increased  in 3 epochs

Epoch 38/200

Training mean_absolute_error: 637.5050048828125
Validation loss: 731.322509765625
Validation mean_absolute_error: 731.322509765625
Time taken for epoch: 162.44s
The validation tracker metric at 726.5946655273438 hasn't increased  in 4 epochs

Epoch 39/200

Training mean_absolute_error: 636.784423828125
Validation loss: 726.3784790039062
Validation mean_absolute_error: 726.3784790039062
Time taken for epoch: 140.41s

Epoch 40/200

Training mean_absolute_error: 635.0606689453125
Validation loss: 732.9739990234375
Validation mean_absolute_error: 732.9739990234375
Time taken for epoch: 162.44s
The validation tracker metric at 726.3784790039062 hasn't increased  in 1 epochs

Epoch 41/200

Training mean_absolute_error: 634.12353515625
Validation loss: 730.02001953125
Validation mean_absolute_error: 730.02001953125
Time taken for epoch: 162.48s
The validation tracker metric at 726.3784790039062 hasn't increased  in 2 epochs

Epoch 42/200

Training mean_absolute_error: 634.6511840820312
Validation loss: 742.6778564453125
Validation mean_absolute_error: 742.6778564453125
Time taken for epoch: 143.36s
The validation tracker metric at 726.3784790039062 hasn't increased  in 3 epochs

Epoch 43/200

Training mean_absolute_error: 634.7228393554688
Validation loss: 725.6388549804688
Validation mean_absolute_error: 725.6388549804688
Time taken for epoch: 144.76s

Epoch 44/200

Training mean_absolute_error: 633.3450317382812
Validation loss: 723.9876708984375
Validation mean_absolute_error: 723.9876708984375
Time taken for epoch: 148.79s

Epoch 45/200

Training mean_absolute_error: 632.7010498046875
Validation loss: 727.9063110351562
Validation mean_absolute_error: 727.9063110351562
Time taken for epoch: 150.23s
The validation tracker metric at 723.9876708984375 hasn't increased  in 1 epochs

Epoch 46/200

Training mean_absolute_error: 631.5510864257812
Validation loss: 732.7593994140625
Validation mean_absolute_error: 732.7593994140625
Time taken for epoch: 143.60s
The validation tracker metric at 723.9876708984375 hasn't increased  in 2 epochs

Epoch 47/200

Training mean_absolute_error: 631.288818359375
Validation loss: 723.3589477539062
Validation mean_absolute_error: 723.3589477539062
Time taken for epoch: 162.43s

Epoch 48/200

Training mean_absolute_error: 631.8633422851562
Validation loss: 721.2960205078125
Validation mean_absolute_error: 721.2960205078125
Time taken for epoch: 154.85s

Epoch 49/200

Training mean_absolute_error: 630.57080078125
Validation loss: 729.91455078125
Validation mean_absolute_error: 729.91455078125
Time taken for epoch: 156.99s
The validation tracker metric at 721.2960205078125 hasn't increased  in 1 epochs

Epoch 50/200

Training mean_absolute_error: 630.939208984375
Validation loss: 724.2588500976562
Validation mean_absolute_error: 724.2588500976562
Time taken for epoch: 154.93s
The validation tracker metric at 721.2960205078125 hasn't increased  in 2 epochs

Epoch 51/200

Training mean_absolute_error: 630.8107299804688
Validation loss: 728.8978271484375
Validation mean_absolute_error: 728.8978271484375
Time taken for epoch: 148.89s
The validation tracker metric at 721.2960205078125 hasn't increased  in 3 epochs

Epoch 52/200

Training mean_absolute_error: 629.9795532226562
Validation loss: 729.6821899414062
Validation mean_absolute_error: 729.6821899414062
Time taken for epoch: 162.44s
The validation tracker metric at 721.2960205078125 hasn't increased  in 4 epochs

Epoch 53/200

Training mean_absolute_error: 629.7332763671875
Validation loss: 730.0180053710938
Validation mean_absolute_error: 730.0180053710938
Time taken for epoch: 150.04s
The validation tracker metric at 721.2960205078125 hasn't increased  in 5 epochs

Epoch 54/200

Training mean_absolute_error: 629.2709350585938
Validation loss: 725.7152709960938
Validation mean_absolute_error: 725.7152709960938
Time taken for epoch: 162.43s
The validation tracker metric at 721.2960205078125 hasn't increased  in 6 epochs
Lr has been adjusted to 0.000750000006519258

Epoch 55/200

Training mean_absolute_error: 626.7847900390625
Validation loss: 725.4622802734375
Validation mean_absolute_error: 725.4622802734375
Time taken for epoch: 162.49s
The validation tracker metric at 721.2960205078125 hasn't increased  in 7 epochs

Epoch 56/200

Training mean_absolute_error: 626.7838745117188
Validation loss: 732.8203735351562
Validation mean_absolute_error: 732.8203735351562
Time taken for epoch: 150.44s
The validation tracker metric at 721.2960205078125 hasn't increased  in 8 epochs

Epoch 57/200

Training mean_absolute_error: 625.0421752929688
Validation loss: 723.6314697265625
Validation mean_absolute_error: 723.6314697265625
Time taken for epoch: 155.28s
The validation tracker metric at 721.2960205078125 hasn't increased  in 9 epochs

Epoch 58/200

Training mean_absolute_error: 625.2890014648438
Validation loss: 723.097412109375
Validation mean_absolute_error: 723.097412109375
Time taken for epoch: 148.59s
The validation tracker metric at 721.2960205078125 hasn't increased  in 10 epochs

Epoch 59/200

Training mean_absolute_error: 623.9417114257812
Validation loss: 719.8511962890625
Validation mean_absolute_error: 719.8511962890625
Time taken for epoch: 145.20s

Epoch 60/200

Training mean_absolute_error: 624.2055053710938
Validation loss: 721.8099365234375
Validation mean_absolute_error: 721.8099365234375
Time taken for epoch: 141.66s
The validation tracker metric at 719.8511962890625 hasn't increased  in 1 epochs

Epoch 61/200

Training mean_absolute_error: 627.8603515625
Validation loss: 752.0983276367188
Validation mean_absolute_error: 752.0983276367188
Time taken for epoch: 154.55s
The validation tracker metric at 719.8511962890625 hasn't increased  in 2 epochs

Epoch 62/200

Training mean_absolute_error: 624.0478515625
Validation loss: 722.5904541015625
Validation mean_absolute_error: 722.5904541015625
Time taken for epoch: 137.97s
The validation tracker metric at 719.8511962890625 hasn't increased  in 3 epochs

Epoch 63/200

Training mean_absolute_error: 623.5890502929688
Validation loss: 720.9078369140625
Validation mean_absolute_error: 720.9078369140625
Time taken for epoch: 162.43s
The validation tracker metric at 719.8511962890625 hasn't increased  in 4 epochs

Epoch 64/200

Training mean_absolute_error: 623.5661010742188
Validation loss: 720.6864624023438
Validation mean_absolute_error: 720.6864624023438
Time taken for epoch: 162.44s
The validation tracker metric at 719.8511962890625 hasn't increased  in 5 epochs

Epoch 65/200

Training mean_absolute_error: 623.2648315429688
Validation loss: 722.488037109375
Validation mean_absolute_error: 722.488037109375
Time taken for epoch: 155.74s
The validation tracker metric at 719.8511962890625 hasn't increased  in 6 epochs
Lr has been adjusted to 0.0005624999757856131

Epoch 66/200

Training mean_absolute_error: 622.1082763671875
Validation loss: 722.94921875
Validation mean_absolute_error: 722.94921875
Time taken for epoch: 142.99s
The validation tracker metric at 719.8511962890625 hasn't increased  in 7 epochs

Epoch 67/200

Training mean_absolute_error: 621.0664672851562
Validation loss: 722.4334716796875
Validation mean_absolute_error: 722.4334716796875
Time taken for epoch: 156.01s
The validation tracker metric at 719.8511962890625 hasn't increased  in 8 epochs

Epoch 68/200

Training mean_absolute_error: 621.6509399414062
Validation loss: 725.5880126953125
Validation mean_absolute_error: 725.5880126953125
Time taken for epoch: 162.43s
The validation tracker metric at 719.8511962890625 hasn't increased  in 9 epochs

Epoch 69/200

Training mean_absolute_error: 621.1317138671875
Validation loss: 720.3331909179688
Validation mean_absolute_error: 720.3331909179688
Time taken for epoch: 156.04s
The validation tracker metric at 719.8511962890625 hasn't increased  in 10 epochs

Epoch 70/200

Training mean_absolute_error: 620.9713134765625
Validation loss: 717.7564086914062
Validation mean_absolute_error: 717.7564086914062
Time taken for epoch: 155.89s

Epoch 71/200

Training mean_absolute_error: 620.5899047851562
Validation loss: 721.267822265625
Validation mean_absolute_error: 721.267822265625
Time taken for epoch: 147.55s
The validation tracker metric at 717.7564086914062 hasn't increased  in 1 epochs

Epoch 72/200

Training mean_absolute_error: 620.1068115234375
Validation loss: 719.1123657226562
Validation mean_absolute_error: 719.1123657226562
Time taken for epoch: 162.43s
The validation tracker metric at 717.7564086914062 hasn't increased  in 2 epochs

Epoch 73/200

Training mean_absolute_error: 619.7930908203125
Validation loss: 718.3270874023438
Validation mean_absolute_error: 718.3270874023438
Time taken for epoch: 162.43s
The validation tracker metric at 717.7564086914062 hasn't increased  in 3 epochs

Epoch 74/200

Training mean_absolute_error: 619.3312377929688
Validation loss: 727.9653930664062
Validation mean_absolute_error: 727.9653930664062
Time taken for epoch: 162.44s
The validation tracker metric at 717.7564086914062 hasn't increased  in 4 epochs

Epoch 75/200

Training mean_absolute_error: 618.7783813476562
Validation loss: 726.9341430664062
Validation mean_absolute_error: 726.9341430664062
Time taken for epoch: 162.44s
The validation tracker metric at 717.7564086914062 hasn't increased  in 5 epochs

Epoch 76/200

Training mean_absolute_error: 619.3773803710938
Validation loss: 720.2535400390625
Validation mean_absolute_error: 720.2535400390625
Time taken for epoch: 156.65s
The validation tracker metric at 717.7564086914062 hasn't increased  in 6 epochs
Lr has been adjusted to 0.0004218749818392098

Epoch 77/200

Training mean_absolute_error: 617.8816528320312
Validation loss: 719.2993774414062
Validation mean_absolute_error: 719.2993774414062
Time taken for epoch: 162.44s
The validation tracker metric at 717.7564086914062 hasn't increased  in 7 epochs

Epoch 78/200

Training mean_absolute_error: 617.2924194335938
Validation loss: 717.7808837890625
Validation mean_absolute_error: 717.7808837890625
Time taken for epoch: 134.24s
The validation tracker metric at 717.7564086914062 hasn't increased  in 8 epochs

Epoch 79/200

Training mean_absolute_error: 616.9741821289062
Validation loss: 718.8119506835938
Validation mean_absolute_error: 718.8119506835938
Time taken for epoch: 139.08s
The validation tracker metric at 717.7564086914062 hasn't increased  in 9 epochs

Epoch 80/200

Training mean_absolute_error: 617.171630859375
Validation loss: 718.21875
Validation mean_absolute_error: 718.21875
Time taken for epoch: 130.17s
The validation tracker metric at 717.7564086914062 hasn't increased  in 10 epochs

Epoch 81/200

Training mean_absolute_error: 617.6487426757812
Validation loss: 708.72021484375
Validation mean_absolute_error: 708.72021484375
Time taken for epoch: 162.42s

Epoch 82/200

Training mean_absolute_error: 616.607666015625
Validation loss: 722.2072143554688
Validation mean_absolute_error: 722.2072143554688
Time taken for epoch: 136.33s
The validation tracker metric at 708.72021484375 hasn't increased  in 1 epochs

Epoch 83/200

Training mean_absolute_error: 616.8632202148438
Validation loss: 723.2614135742188
Validation mean_absolute_error: 723.2614135742188
Time taken for epoch: 162.43s
The validation tracker metric at 708.72021484375 hasn't increased  in 2 epochs

Epoch 84/200

Training mean_absolute_error: 615.75341796875
Validation loss: 719.1979370117188
Validation mean_absolute_error: 719.1979370117188
Time taken for epoch: 130.91s
The validation tracker metric at 708.72021484375 hasn't increased  in 3 epochs

Epoch 85/200

Training mean_absolute_error: 615.590576171875
Validation loss: 718.7107543945312
Validation mean_absolute_error: 718.7107543945312
Time taken for epoch: 108.08s
The validation tracker metric at 708.72021484375 hasn't increased  in 4 epochs

Epoch 86/200

Training mean_absolute_error: 616.2452392578125
Validation loss: 719.1622314453125
Validation mean_absolute_error: 719.1622314453125
Time taken for epoch: 114.18s
The validation tracker metric at 708.72021484375 hasn't increased  in 5 epochs

Epoch 87/200

Training mean_absolute_error: 615.5955810546875
Validation loss: 724.717529296875
Validation mean_absolute_error: 724.717529296875
Time taken for epoch: 152.29s
The validation tracker metric at 708.72021484375 hasn't increased  in 6 epochs
Lr has been adjusted to 0.0003164062509313226

Epoch 88/200

Training mean_absolute_error: 614.7604370117188
Validation loss: 721.3866577148438
Validation mean_absolute_error: 721.3866577148438
Time taken for epoch: 162.42s
The validation tracker metric at 708.72021484375 hasn't increased  in 7 epochs

Epoch 89/200

Training mean_absolute_error: 614.6516723632812
Validation loss: 716.2445068359375
Validation mean_absolute_error: 716.2445068359375
Time taken for epoch: 112.97s
The validation tracker metric at 708.72021484375 hasn't increased  in 8 epochs

Epoch 90/200

Training mean_absolute_error: 614.7765502929688
Validation loss: 719.2032470703125
Validation mean_absolute_error: 719.2032470703125
Time taken for epoch: 113.88s
The validation tracker metric at 708.72021484375 hasn't increased  in 9 epochs

Epoch 91/200

Training mean_absolute_error: 614.0855712890625
Validation loss: 718.4151000976562
Validation mean_absolute_error: 718.4151000976562
Time taken for epoch: 123.11s
The validation tracker metric at 708.72021484375 hasn't increased  in 10 epochs

Epoch 92/200

Training mean_absolute_error: 613.6195678710938
Validation loss: 718.853271484375
Validation mean_absolute_error: 718.853271484375
Time taken for epoch: 111.58s
The validation tracker metric at 708.72021484375 hasn't increased  in 11 epochs

Epoch 93/200

Training mean_absolute_error: 612.4627685546875
Validation loss: 719.8021850585938
Validation mean_absolute_error: 719.8021850585938
Time taken for epoch: 104.95s
The validation tracker metric at 708.72021484375 hasn't increased  in 12 epochs
Lr has been adjusted to 0.00023730468819849193

Epoch 94/200

Training mean_absolute_error: 613.49072265625
Validation loss: 716.5370483398438
Validation mean_absolute_error: 716.5370483398438
Time taken for epoch: 122.45s
The validation tracker metric at 708.72021484375 hasn't increased  in 13 epochs

Epoch 95/200

Training mean_absolute_error: 612.5718994140625
Validation loss: 715.5171508789062
Validation mean_absolute_error: 715.5171508789062
Time taken for epoch: 111.54s
The validation tracker metric at 708.72021484375 hasn't increased  in 14 epochs

Epoch 96/200

Training mean_absolute_error: 613.1952514648438
Validation loss: 718.7820434570312
Validation mean_absolute_error: 718.7820434570312
Time taken for epoch: 162.44s
The validation tracker metric at 708.72021484375 hasn't increased  in 15 epochs

Epoch 97/200

Training mean_absolute_error: 612.5249633789062
Validation loss: 720.3694458007812
Validation mean_absolute_error: 720.3694458007812
Time taken for epoch: 110.82s
The validation tracker metric at 708.72021484375 hasn't increased  in 16 epochs

Epoch 98/200

Training mean_absolute_error: 612.6434326171875
Validation loss: 721.3778076171875
Validation mean_absolute_error: 721.3778076171875
Time taken for epoch: 109.25s
The validation tracker metric at 708.72021484375 hasn't increased  in 17 epochs

Epoch 99/200

Training mean_absolute_error: 612.6268310546875
Validation loss: 718.7201538085938
Validation mean_absolute_error: 718.7201538085938
Time taken for epoch: 162.42s
The validation tracker metric at 708.72021484375 hasn't increased  in 18 epochs
Lr has been adjusted to 0.00017797850887291133

Epoch 100/200

Training mean_absolute_error: 611.6396484375
Validation loss: 720.1522827148438
Validation mean_absolute_error: 720.1522827148438
Time taken for epoch: 119.55s
The validation tracker metric at 708.72021484375 hasn't increased  in 19 epochs

Epoch 101/200

Training mean_absolute_error: 611.3330078125
Validation loss: 717.9368286132812
Validation mean_absolute_error: 717.9368286132812
Time taken for epoch: 111.96s
Training stopped due to unimproved results over 20 epochs
--- Best performance found at epoch 80 --
Best value of tracked metric: 708.72021484375
Best mean_absolute_error: 708.72021484375
-------------------------------
New job directory is ../../doordash/prediction/cache/train_41/4
--- training dataset contains 143646 elements ---
--- validation dataset contains 35909 elements ---
Model: "sequential_3"
_________________________________________________________________
 Layer (type)                Output Shape              Param #   
=================================================================
 conv2d_6 (Conv2D)           (None, 3, 15, 32)         128       
                                                                 
 conv2d_7 (Conv2D)           (None, 3, 15, 64)         6208      
                                                                 
 batch_normalization_3 (Batc  (None, 3, 15, 64)        256       
 hNormalization)                                                 
                                                                 
 dropout_9 (Dropout)         (None, 3, 15, 64)         0         
                                                                 
 reshape_3 (Reshape)         (None, 3, 960)            0         
                                                                 
 bidirectional_3 (Bidirectio  (None, 3, 64)            254208    
 nal)                                                            
                                                                 
 dropout_10 (Dropout)        (None, 3, 64)             0         
                                                                 
 dense_6 (Dense)             (None, 3, 100)            6500      
                                                                 
 dropout_11 (Dropout)        (None, 3, 100)            0         
                                                                 
 flatten_3 (Flatten)         (None, 300)               0         
                                                                 
 dense_7 (Dense)             (None, 1)                 301       
                                                                 
=================================================================
Total params: 267,601
Trainable params: 267,473
Non-trainable params: 128
_________________________________________________________________

Epoch 1/200

Training mean_absolute_error: 1131.0709228515625
Validation loss: 733.048095703125
Validation mean_absolute_error: 733.048095703125
Time taken for epoch: 153.24s

Epoch 2/200

Training mean_absolute_error: 731.6992797851562
Validation loss: 695.65966796875
Validation mean_absolute_error: 695.65966796875
Time taken for epoch: 120.50s

Epoch 3/200

Training mean_absolute_error: 727.3329467773438
Validation loss: 645.8582763671875
Validation mean_absolute_error: 645.8582763671875
Time taken for epoch: 153.37s

Epoch 4/200

Training mean_absolute_error: 724.242919921875
Validation loss: 664.6860961914062
Validation mean_absolute_error: 664.6860961914062
Time taken for epoch: 153.01s
The validation tracker metric at 645.8582763671875 hasn't increased  in 1 epochs

Epoch 5/200

Training mean_absolute_error: 721.3002319335938
Validation loss: 648.1879272460938
Validation mean_absolute_error: 648.1879272460938
Time taken for epoch: 153.48s
The validation tracker metric at 645.8582763671875 hasn't increased  in 2 epochs

Epoch 6/200

Training mean_absolute_error: 719.2122802734375
Validation loss: 671.184326171875
Validation mean_absolute_error: 671.184326171875
Time taken for epoch: 106.04s
The validation tracker metric at 645.8582763671875 hasn't increased  in 3 epochs

Epoch 7/200

Training mean_absolute_error: 718.1373291015625
Validation loss: 661.8070678710938
Validation mean_absolute_error: 661.8070678710938
Time taken for epoch: 111.76s
The validation tracker metric at 645.8582763671875 hasn't increased  in 4 epochs

Epoch 8/200

Training mean_absolute_error: 721.329345703125
Validation loss: 684.6196899414062
Validation mean_absolute_error: 684.6196899414062
Time taken for epoch: 101.00s
The validation tracker metric at 645.8582763671875 hasn't increased  in 5 epochs

Epoch 9/200

Training mean_absolute_error: 707.6337280273438
Validation loss: 639.6073608398438
Validation mean_absolute_error: 639.6073608398438
Time taken for epoch: 153.51s

Epoch 10/200

Training mean_absolute_error: 702.7388916015625
Validation loss: 640.1091918945312
Validation mean_absolute_error: 640.1091918945312
Time taken for epoch: 112.08s
The validation tracker metric at 639.6073608398438 hasn't increased  in 1 epochs

Epoch 11/200

Training mean_absolute_error: 701.1544189453125
Validation loss: 645.3646240234375
Validation mean_absolute_error: 645.3646240234375
Time taken for epoch: 112.69s
The validation tracker metric at 639.6073608398438 hasn't increased  in 2 epochs

Epoch 12/200

Training mean_absolute_error: 697.4761962890625
Validation loss: 640.5069580078125
Validation mean_absolute_error: 640.5069580078125
Time taken for epoch: 109.39s
The validation tracker metric at 639.6073608398438 hasn't increased  in 3 epochs

Epoch 13/200

Training mean_absolute_error: 694.36865234375
Validation loss: 634.012939453125
Validation mean_absolute_error: 634.012939453125
Time taken for epoch: 107.64s

Epoch 14/200

Training mean_absolute_error: 691.2432861328125
Validation loss: 641.4234619140625
Validation mean_absolute_error: 641.4234619140625
Time taken for epoch: 104.64s
The validation tracker metric at 634.012939453125 hasn't increased  in 1 epochs

Epoch 15/200

Training mean_absolute_error: 689.99560546875
Validation loss: 705.7346801757812
Validation mean_absolute_error: 705.7346801757812
Time taken for epoch: 112.47s
The validation tracker metric at 634.012939453125 hasn't increased  in 2 epochs

Epoch 16/200

Training mean_absolute_error: 685.904052734375
Validation loss: 628.887939453125
Validation mean_absolute_error: 628.887939453125
Time taken for epoch: 106.52s

Epoch 17/200

Training mean_absolute_error: 684.6297607421875
Validation loss: 645.2049560546875
Validation mean_absolute_error: 645.2049560546875
Time taken for epoch: 92.50s
The validation tracker metric at 628.887939453125 hasn't increased  in 1 epochs

Epoch 18/200

Training mean_absolute_error: 678.7323608398438
Validation loss: 624.9837036132812
Validation mean_absolute_error: 624.9837036132812
Time taken for epoch: 89.83s

Epoch 19/200

Training mean_absolute_error: 677.636962890625
Validation loss: 628.6812744140625
Validation mean_absolute_error: 628.6812744140625
Time taken for epoch: 92.57s
The validation tracker metric at 624.9837036132812 hasn't increased  in 1 epochs

Epoch 20/200

Training mean_absolute_error: 674.92138671875
Validation loss: 624.8401489257812
Validation mean_absolute_error: 624.8401489257812
Time taken for epoch: 90.78s

Epoch 21/200

Training mean_absolute_error: 673.5411376953125
Validation loss: 621.3994140625
Validation mean_absolute_error: 621.3994140625
Time taken for epoch: 91.71s

Epoch 22/200

Training mean_absolute_error: 671.7894897460938
Validation loss: 614.2498779296875
Validation mean_absolute_error: 614.2498779296875
Time taken for epoch: 89.99s

Epoch 23/200

Training mean_absolute_error: 669.913818359375
Validation loss: 609.8387451171875
Validation mean_absolute_error: 609.8387451171875
Time taken for epoch: 80.28s

Epoch 24/200

Training mean_absolute_error: 667.3173217773438
Validation loss: 630.221923828125
Validation mean_absolute_error: 630.221923828125
Time taken for epoch: 77.16s
The validation tracker metric at 609.8387451171875 hasn't increased  in 1 epochs

Epoch 25/200

Training mean_absolute_error: 670.2014770507812
Validation loss: 626.9132080078125
Validation mean_absolute_error: 626.9132080078125
Time taken for epoch: 77.12s
The validation tracker metric at 609.8387451171875 hasn't increased  in 2 epochs

Epoch 26/200

Training mean_absolute_error: 666.0249633789062
Validation loss: 616.7281494140625
Validation mean_absolute_error: 616.7281494140625
Time taken for epoch: 77.05s
The validation tracker metric at 609.8387451171875 hasn't increased  in 3 epochs

Epoch 27/200

Training mean_absolute_error: 665.0889892578125
Validation loss: 610.6159057617188
Validation mean_absolute_error: 610.6159057617188
Time taken for epoch: 72.64s
The validation tracker metric at 609.8387451171875 hasn't increased  in 4 epochs

Epoch 28/200

Training mean_absolute_error: 664.05859375
Validation loss: 613.9129638671875
Validation mean_absolute_error: 613.9129638671875
Time taken for epoch: 61.95s
The validation tracker metric at 609.8387451171875 hasn't increased  in 5 epochs

Epoch 29/200

Training mean_absolute_error: 663.665771484375
Validation loss: 606.4909057617188
Validation mean_absolute_error: 606.4909057617188
Time taken for epoch: 62.02s

Epoch 30/200

Training mean_absolute_error: 662.978759765625
Validation loss: 633.33349609375
Validation mean_absolute_error: 633.33349609375
Time taken for epoch: 61.99s
The validation tracker metric at 606.4909057617188 hasn't increased  in 1 epochs

Epoch 31/200

Training mean_absolute_error: 663.433349609375
Validation loss: 635.835693359375
Validation mean_absolute_error: 635.835693359375
Time taken for epoch: 61.73s
The validation tracker metric at 606.4909057617188 hasn't increased  in 2 epochs

Epoch 32/200

Training mean_absolute_error: 660.80322265625
Validation loss: 610.025390625
Validation mean_absolute_error: 610.025390625
Time taken for epoch: 61.91s
The validation tracker metric at 606.4909057617188 hasn't increased  in 3 epochs

Epoch 33/200

Training mean_absolute_error: 661.2509765625
Validation loss: 604.7697143554688
Validation mean_absolute_error: 604.7697143554688
Time taken for epoch: 62.05s

Epoch 34/200

Training mean_absolute_error: 659.387939453125
Validation loss: 612.6041259765625
Validation mean_absolute_error: 612.6041259765625
Time taken for epoch: 62.04s
The validation tracker metric at 604.7697143554688 hasn't increased  in 1 epochs

Epoch 35/200

Training mean_absolute_error: 657.8407592773438
Validation loss: 606.859375
Validation mean_absolute_error: 606.859375
Time taken for epoch: 61.95s
The validation tracker metric at 604.7697143554688 hasn't increased  in 2 epochs

Epoch 36/200

Training mean_absolute_error: 657.4977416992188
Validation loss: 610.763427734375
Validation mean_absolute_error: 610.763427734375
Time taken for epoch: 62.05s
The validation tracker metric at 604.7697143554688 hasn't increased  in 3 epochs

Epoch 37/200

Training mean_absolute_error: 656.6939086914062
Validation loss: 604.1942138671875
Validation mean_absolute_error: 604.1942138671875
Time taken for epoch: 62.18s

Epoch 38/200

Training mean_absolute_error: 656.6522827148438
Validation loss: 614.2041625976562
Validation mean_absolute_error: 614.2041625976562
Time taken for epoch: 62.18s
The validation tracker metric at 604.1942138671875 hasn't increased  in 1 epochs

Epoch 39/200

Training mean_absolute_error: 656.0651245117188
Validation loss: 608.8452758789062
Validation mean_absolute_error: 608.8452758789062
Time taken for epoch: 62.15s
The validation tracker metric at 604.1942138671875 hasn't increased  in 2 epochs

Epoch 40/200

Training mean_absolute_error: 655.4444580078125
Validation loss: 613.1829833984375
Validation mean_absolute_error: 613.1829833984375
Time taken for epoch: 62.19s
The validation tracker metric at 604.1942138671875 hasn't increased  in 3 epochs

Epoch 41/200

Training mean_absolute_error: 654.8997192382812
Validation loss: 618.592529296875
Validation mean_absolute_error: 618.592529296875
Time taken for epoch: 62.07s
The validation tracker metric at 604.1942138671875 hasn't increased  in 4 epochs

Epoch 42/200

Training mean_absolute_error: 654.4564208984375
Validation loss: 603.775390625
Validation mean_absolute_error: 603.775390625
Time taken for epoch: 62.06s

Epoch 43/200

Training mean_absolute_error: 653.5475463867188
Validation loss: 614.9654541015625
Validation mean_absolute_error: 614.9654541015625
Time taken for epoch: 62.08s
The validation tracker metric at 603.775390625 hasn't increased  in 1 epochs

Epoch 44/200

Training mean_absolute_error: 654.2705078125
Validation loss: 606.6097412109375
Validation mean_absolute_error: 606.6097412109375
Time taken for epoch: 62.11s
The validation tracker metric at 603.775390625 hasn't increased  in 2 epochs

Epoch 45/200

Training mean_absolute_error: 654.6244506835938
Validation loss: 624.7191772460938
Validation mean_absolute_error: 624.7191772460938
Time taken for epoch: 62.05s
The validation tracker metric at 603.775390625 hasn't increased  in 3 epochs

Epoch 46/200

Training mean_absolute_error: 651.906982421875
Validation loss: 614.0863647460938
Validation mean_absolute_error: 614.0863647460938
Time taken for epoch: 62.08s
The validation tracker metric at 603.775390625 hasn't increased  in 4 epochs

Epoch 47/200

Training mean_absolute_error: 651.43408203125
Validation loss: 605.2250366210938
Validation mean_absolute_error: 605.2250366210938
Time taken for epoch: 62.07s
The validation tracker metric at 603.775390625 hasn't increased  in 5 epochs

Epoch 48/200

Training mean_absolute_error: 651.49609375
Validation loss: 628.9197998046875
Validation mean_absolute_error: 628.9197998046875
Time taken for epoch: 62.07s
The validation tracker metric at 603.775390625 hasn't increased  in 6 epochs
Lr has been adjusted to 0.000750000006519258

Epoch 49/200

Training mean_absolute_error: 648.7276611328125
Validation loss: 611.2889404296875
Validation mean_absolute_error: 611.2889404296875
Time taken for epoch: 62.16s
The validation tracker metric at 603.775390625 hasn't increased  in 7 epochs

Epoch 50/200

Training mean_absolute_error: 648.9507446289062
Validation loss: 608.1722412109375
Validation mean_absolute_error: 608.1722412109375
Time taken for epoch: 62.00s
The validation tracker metric at 603.775390625 hasn't increased  in 8 epochs

Epoch 51/200

Training mean_absolute_error: 648.0036010742188
Validation loss: 608.28564453125
Validation mean_absolute_error: 608.28564453125
Time taken for epoch: 61.97s
The validation tracker metric at 603.775390625 hasn't increased  in 9 epochs

Epoch 52/200

Training mean_absolute_error: 647.009033203125
Validation loss: 612.7955322265625
Validation mean_absolute_error: 612.7955322265625
Time taken for epoch: 62.07s
The validation tracker metric at 603.775390625 hasn't increased  in 10 epochs

Epoch 53/200

Training mean_absolute_error: 646.9266967773438
Validation loss: 612.601318359375
Validation mean_absolute_error: 612.601318359375
Time taken for epoch: 61.97s
The validation tracker metric at 603.775390625 hasn't increased  in 11 epochs

Epoch 54/200

Training mean_absolute_error: 646.7505493164062
Validation loss: 612.9287719726562
Validation mean_absolute_error: 612.9287719726562
Time taken for epoch: 61.95s
The validation tracker metric at 603.775390625 hasn't increased  in 12 epochs
Lr has been adjusted to 0.0005624999757856131

Epoch 55/200

Training mean_absolute_error: 645.6245727539062
Validation loss: 607.691650390625
Validation mean_absolute_error: 607.691650390625
Time taken for epoch: 62.18s
The validation tracker metric at 603.775390625 hasn't increased  in 13 epochs

Epoch 56/200

Training mean_absolute_error: 643.5358276367188
Validation loss: 607.1051025390625
Validation mean_absolute_error: 607.1051025390625
Time taken for epoch: 61.91s
The validation tracker metric at 603.775390625 hasn't increased  in 14 epochs

Epoch 57/200

Training mean_absolute_error: 644.6748657226562
Validation loss: 609.779052734375
Validation mean_absolute_error: 609.779052734375
Time taken for epoch: 61.89s
The validation tracker metric at 603.775390625 hasn't increased  in 15 epochs

Epoch 58/200

Training mean_absolute_error: 643.9454345703125
Validation loss: 614.0013427734375
Validation mean_absolute_error: 614.0013427734375
Time taken for epoch: 61.80s
The validation tracker metric at 603.775390625 hasn't increased  in 16 epochs

Epoch 59/200

Training mean_absolute_error: 643.6032104492188
Validation loss: 613.0205688476562
Validation mean_absolute_error: 613.0205688476562
Time taken for epoch: 61.71s
The validation tracker metric at 603.775390625 hasn't increased  in 17 epochs

Epoch 60/200

Training mean_absolute_error: 643.3497924804688
Validation loss: 612.6847534179688
Validation mean_absolute_error: 612.6847534179688
Time taken for epoch: 61.64s
The validation tracker metric at 603.775390625 hasn't increased  in 18 epochs
Lr has been adjusted to 0.0004218749818392098

Epoch 61/200

Training mean_absolute_error: 642.2114868164062
Validation loss: 622.2407836914062
Validation mean_absolute_error: 622.2407836914062
Time taken for epoch: 61.67s
The validation tracker metric at 603.775390625 hasn't increased  in 19 epochs

Epoch 62/200

Training mean_absolute_error: 641.4194946289062
Validation loss: 619.143798828125
Validation mean_absolute_error: 619.143798828125
Time taken for epoch: 61.72s
Training stopped due to unimproved results over 20 epochs
--- Best performance found at epoch 41 --
Best value of tracked metric: 603.775390625
Best mean_absolute_error: 603.775390625
-------------------------------
New job directory is ../../doordash/prediction/cache/train_41/5
--- training dataset contains 143646 elements ---
--- validation dataset contains 35909 elements ---
Model: "sequential_4"
_________________________________________________________________
 Layer (type)                Output Shape              Param #   
=================================================================
 conv2d_8 (Conv2D)           (None, 3, 15, 32)         128       
                                                                 
 conv2d_9 (Conv2D)           (None, 3, 15, 64)         6208      
                                                                 
 batch_normalization_4 (Batc  (None, 3, 15, 64)        256       
 hNormalization)                                                 
                                                                 
 dropout_12 (Dropout)        (None, 3, 15, 64)         0         
                                                                 
 reshape_4 (Reshape)         (None, 3, 960)            0         
                                                                 
 bidirectional_4 (Bidirectio  (None, 3, 64)            254208    
 nal)                                                            
                                                                 
 dropout_13 (Dropout)        (None, 3, 64)             0         
                                                                 
 dense_8 (Dense)             (None, 3, 100)            6500      
                                                                 
 dropout_14 (Dropout)        (None, 3, 100)            0         
                                                                 
 flatten_4 (Flatten)         (None, 300)               0         
                                                                 
 dense_9 (Dense)             (None, 1)                 301       
                                                                 
=================================================================
Total params: 267,601
Trainable params: 267,473
Non-trainable params: 128
_________________________________________________________________

Epoch 1/200

Training mean_absolute_error: 1083.947509765625
Validation loss: 796.8301391601562
Validation mean_absolute_error: 796.8301391601562
Time taken for epoch: 61.79s

Epoch 2/200

Training mean_absolute_error: 714.4347534179688
Validation loss: 738.3228149414062
Validation mean_absolute_error: 738.3228149414062
Time taken for epoch: 61.40s

Epoch 3/200

Training mean_absolute_error: 709.9398803710938
Validation loss: 734.3746948242188
Validation mean_absolute_error: 734.3746948242188
Time taken for epoch: 61.14s

Epoch 4/200

Training mean_absolute_error: 709.1223754882812
Validation loss: 728.9996948242188
Validation mean_absolute_error: 728.9996948242188
Time taken for epoch: 61.32s

Epoch 5/200

Training mean_absolute_error: 705.9423217773438
Validation loss: 737.076904296875
Validation mean_absolute_error: 737.076904296875
Time taken for epoch: 60.84s
The validation tracker metric at 728.9996948242188 hasn't increased  in 1 epochs

Epoch 6/200

Training mean_absolute_error: 705.14208984375
Validation loss: 724.2748413085938
Validation mean_absolute_error: 724.2748413085938
Time taken for epoch: 61.38s

Epoch 7/200

Training mean_absolute_error: 703.4107055664062
Validation loss: 721.6195068359375
Validation mean_absolute_error: 721.6195068359375
Time taken for epoch: 61.72s

Epoch 8/200

Training mean_absolute_error: 704.7427368164062
Validation loss: 735.9522705078125
Validation mean_absolute_error: 735.9522705078125
Time taken for epoch: 62.05s
The validation tracker metric at 721.6195068359375 hasn't increased  in 1 epochs

Epoch 9/200

Training mean_absolute_error: 706.935302734375
Validation loss: 732.0726928710938
Validation mean_absolute_error: 732.0726928710938
Time taken for epoch: 61.81s
The validation tracker metric at 721.6195068359375 hasn't increased  in 2 epochs

Epoch 10/200

Training mean_absolute_error: 698.7692260742188
Validation loss: 722.5751953125
Validation mean_absolute_error: 722.5751953125
Time taken for epoch: 61.84s
The validation tracker metric at 721.6195068359375 hasn't increased  in 3 epochs

Epoch 11/200

Training mean_absolute_error: 692.7678833007812
Validation loss: 740.5940551757812
Validation mean_absolute_error: 740.5940551757812
Time taken for epoch: 61.87s
The validation tracker metric at 721.6195068359375 hasn't increased  in 4 epochs

Epoch 12/200

Training mean_absolute_error: 686.6118774414062
Validation loss: 727.3309326171875
Validation mean_absolute_error: 727.3309326171875
Time taken for epoch: 61.97s
The validation tracker metric at 721.6195068359375 hasn't increased  in 5 epochs

Epoch 13/200

Training mean_absolute_error: 682.9498901367188
Validation loss: 716.4214477539062
Validation mean_absolute_error: 716.4214477539062
Time taken for epoch: 61.82s

Epoch 14/200

Training mean_absolute_error: 679.947265625
Validation loss: 708.87646484375
Validation mean_absolute_error: 708.87646484375
Time taken for epoch: 61.85s

Epoch 15/200

Training mean_absolute_error: 677.3007202148438
Validation loss: 717.73779296875
Validation mean_absolute_error: 717.73779296875
Time taken for epoch: 61.88s
The validation tracker metric at 708.87646484375 hasn't increased  in 1 epochs

Epoch 16/200

Training mean_absolute_error: 674.896240234375
Validation loss: 734.5546875
Validation mean_absolute_error: 734.5546875
Time taken for epoch: 61.87s
The validation tracker metric at 708.87646484375 hasn't increased  in 2 epochs

Epoch 17/200

Training mean_absolute_error: 673.142333984375
Validation loss: 717.7601928710938
Validation mean_absolute_error: 717.7601928710938
Time taken for epoch: 62.93s
The validation tracker metric at 708.87646484375 hasn't increased  in 3 epochs

Epoch 18/200

Training mean_absolute_error: 671.2396850585938
Validation loss: 710.2647705078125
Validation mean_absolute_error: 710.2647705078125
Time taken for epoch: 62.59s
The validation tracker metric at 708.87646484375 hasn't increased  in 4 epochs

Epoch 19/200

Training mean_absolute_error: 668.3015747070312
Validation loss: 709.6471557617188
Validation mean_absolute_error: 709.6471557617188
Time taken for epoch: 62.26s
The validation tracker metric at 708.87646484375 hasn't increased  in 5 epochs

Epoch 20/200

Training mean_absolute_error: 664.736083984375
Validation loss: 697.8164672851562
Validation mean_absolute_error: 697.8164672851562
Time taken for epoch: 62.20s

Epoch 21/200

Training mean_absolute_error: 662.2017822265625
Validation loss: 691.0020141601562
Validation mean_absolute_error: 691.0020141601562
Time taken for epoch: 62.31s

Epoch 22/200

Training mean_absolute_error: 659.951416015625
Validation loss: 692.1734619140625
Validation mean_absolute_error: 692.1734619140625
Time taken for epoch: 62.44s
The validation tracker metric at 691.0020141601562 hasn't increased  in 1 epochs

Epoch 23/200

Training mean_absolute_error: 658.5721435546875
Validation loss: 690.7503051757812
Validation mean_absolute_error: 690.7503051757812
Time taken for epoch: 62.08s

Epoch 24/200

Training mean_absolute_error: 655.5491333007812
Validation loss: 699.0948486328125
Validation mean_absolute_error: 699.0948486328125
Time taken for epoch: 62.19s
The validation tracker metric at 690.7503051757812 hasn't increased  in 1 epochs

Epoch 25/200

Training mean_absolute_error: 654.2398071289062
Validation loss: 687.153076171875
Validation mean_absolute_error: 687.153076171875
Time taken for epoch: 62.30s

Epoch 26/200

Training mean_absolute_error: 651.9757080078125
Validation loss: 680.9286499023438
Validation mean_absolute_error: 680.9286499023438
Time taken for epoch: 62.39s

Epoch 27/200

Training mean_absolute_error: 651.3234252929688
Validation loss: 685.865234375
Validation mean_absolute_error: 685.865234375
Time taken for epoch: 62.28s
The validation tracker metric at 680.9286499023438 hasn't increased  in 1 epochs

Epoch 28/200

Training mean_absolute_error: 650.4307861328125
Validation loss: 684.944580078125
Validation mean_absolute_error: 684.944580078125
Time taken for epoch: 62.28s
The validation tracker metric at 680.9286499023438 hasn't increased  in 2 epochs

Epoch 29/200

Training mean_absolute_error: 648.4666137695312
Validation loss: 687.5439453125
Validation mean_absolute_error: 687.5439453125
Time taken for epoch: 62.13s
The validation tracker metric at 680.9286499023438 hasn't increased  in 3 epochs

Epoch 30/200

Training mean_absolute_error: 647.3118896484375
Validation loss: 694.8959350585938
Validation mean_absolute_error: 694.8959350585938
Time taken for epoch: 62.10s
The validation tracker metric at 680.9286499023438 hasn't increased  in 4 epochs

Epoch 31/200

Training mean_absolute_error: 646.4567260742188
Validation loss: 702.0838012695312
Validation mean_absolute_error: 702.0838012695312
Time taken for epoch: 62.31s
The validation tracker metric at 680.9286499023438 hasn't increased  in 5 epochs

Epoch 32/200

Training mean_absolute_error: 645.7365112304688
Validation loss: 709.04833984375
Validation mean_absolute_error: 709.04833984375
Time taken for epoch: 62.24s
The validation tracker metric at 680.9286499023438 hasn't increased  in 6 epochs
Lr has been adjusted to 0.000750000006519258

Epoch 33/200

Training mean_absolute_error: 643.3689575195312
Validation loss: 700.3016967773438
Validation mean_absolute_error: 700.3016967773438
Time taken for epoch: 62.46s
The validation tracker metric at 680.9286499023438 hasn't increased  in 7 epochs

Epoch 34/200

Training mean_absolute_error: 642.9481201171875
Validation loss: 686.3433837890625
Validation mean_absolute_error: 686.3433837890625
Time taken for epoch: 62.65s
The validation tracker metric at 680.9286499023438 hasn't increased  in 8 epochs

Epoch 35/200

Training mean_absolute_error: 643.1659545898438
Validation loss: 687.6007690429688
Validation mean_absolute_error: 687.6007690429688
Time taken for epoch: 63.27s
The validation tracker metric at 680.9286499023438 hasn't increased  in 9 epochs

Epoch 36/200

Training mean_absolute_error: 641.8326416015625
Validation loss: 694.0267944335938
Validation mean_absolute_error: 694.0267944335938
Time taken for epoch: 62.56s
The validation tracker metric at 680.9286499023438 hasn't increased  in 10 epochs

Epoch 37/200

Training mean_absolute_error: 642.309814453125
Validation loss: 680.309326171875
Validation mean_absolute_error: 680.309326171875
Time taken for epoch: 63.18s

Epoch 38/200

Training mean_absolute_error: 640.6016235351562
Validation loss: 699.4893798828125
Validation mean_absolute_error: 699.4893798828125
Time taken for epoch: 63.07s
The validation tracker metric at 680.309326171875 hasn't increased  in 1 epochs

Epoch 39/200

Training mean_absolute_error: 640.5374755859375
Validation loss: 709.5589599609375
Validation mean_absolute_error: 709.5589599609375
Time taken for epoch: 62.99s
The validation tracker metric at 680.309326171875 hasn't increased  in 2 epochs

Epoch 40/200

Training mean_absolute_error: 639.2465209960938
Validation loss: 700.7537841796875
Validation mean_absolute_error: 700.7537841796875
Time taken for epoch: 62.93s
The validation tracker metric at 680.309326171875 hasn't increased  in 3 epochs

Epoch 41/200

Training mean_absolute_error: 638.371826171875
Validation loss: 686.2310180664062
Validation mean_absolute_error: 686.2310180664062
Time taken for epoch: 63.19s
The validation tracker metric at 680.309326171875 hasn't increased  in 4 epochs

Epoch 42/200

Training mean_absolute_error: 639.9680786132812
Validation loss: 688.0046997070312
Validation mean_absolute_error: 688.0046997070312
Time taken for epoch: 65.22s
The validation tracker metric at 680.309326171875 hasn't increased  in 5 epochs

Epoch 43/200

Training mean_absolute_error: 639.2005004882812
Validation loss: 685.834716796875
Validation mean_absolute_error: 685.834716796875
Time taken for epoch: 63.48s
The validation tracker metric at 680.309326171875 hasn't increased  in 6 epochs
Lr has been adjusted to 0.0005624999757856131

Epoch 44/200

Training mean_absolute_error: 637.7548217773438
Validation loss: 694.0951538085938
Validation mean_absolute_error: 694.0951538085938
Time taken for epoch: 65.31s
The validation tracker metric at 680.309326171875 hasn't increased  in 7 epochs

Epoch 45/200

Training mean_absolute_error: 636.1256713867188
Validation loss: 689.8565063476562
Validation mean_absolute_error: 689.8565063476562
Time taken for epoch: 63.71s
The validation tracker metric at 680.309326171875 hasn't increased  in 8 epochs

Epoch 46/200

Training mean_absolute_error: 636.3980712890625
Validation loss: 691.8350219726562
Validation mean_absolute_error: 691.8350219726562
Time taken for epoch: 63.58s
The validation tracker metric at 680.309326171875 hasn't increased  in 9 epochs

Epoch 47/200

Training mean_absolute_error: 635.8366088867188
Validation loss: 685.89306640625
Validation mean_absolute_error: 685.89306640625
Time taken for epoch: 63.67s
The validation tracker metric at 680.309326171875 hasn't increased  in 10 epochs

Epoch 48/200

Training mean_absolute_error: 635.0818481445312
Validation loss: 685.023193359375
Validation mean_absolute_error: 685.023193359375
Time taken for epoch: 64.20s
The validation tracker metric at 680.309326171875 hasn't increased  in 11 epochs

Epoch 49/200

Training mean_absolute_error: 634.161376953125
Validation loss: 681.2593994140625
Validation mean_absolute_error: 681.2593994140625
Time taken for epoch: 63.59s
The validation tracker metric at 680.309326171875 hasn't increased  in 12 epochs
Lr has been adjusted to 0.0004218749818392098

Epoch 50/200

Training mean_absolute_error: 632.6752319335938
Validation loss: 682.3785400390625
Validation mean_absolute_error: 682.3785400390625
Time taken for epoch: 64.24s
The validation tracker metric at 680.309326171875 hasn't increased  in 13 epochs

Epoch 51/200

Training mean_absolute_error: 632.8408203125
Validation loss: 676.452880859375
Validation mean_absolute_error: 676.452880859375
Time taken for epoch: 63.86s

Epoch 52/200

Training mean_absolute_error: 633.4435424804688
Validation loss: 683.2603759765625
Validation mean_absolute_error: 683.2603759765625
Time taken for epoch: 63.99s
The validation tracker metric at 676.452880859375 hasn't increased  in 1 epochs

Epoch 53/200

Training mean_absolute_error: 633.7890625
Validation loss: 696.436767578125
Validation mean_absolute_error: 696.436767578125
Time taken for epoch: 63.87s
The validation tracker metric at 676.452880859375 hasn't increased  in 2 epochs

Epoch 54/200

Training mean_absolute_error: 632.008544921875
Validation loss: 694.4118041992188
Validation mean_absolute_error: 694.4118041992188
Time taken for epoch: 63.81s
The validation tracker metric at 676.452880859375 hasn't increased  in 3 epochs

Epoch 55/200

Training mean_absolute_error: 631.8299560546875
Validation loss: 684.9467163085938
Validation mean_absolute_error: 684.9467163085938
Time taken for epoch: 63.90s
The validation tracker metric at 676.452880859375 hasn't increased  in 4 epochs

Epoch 56/200

Training mean_absolute_error: 632.7273559570312
Validation loss: 681.828369140625
Validation mean_absolute_error: 681.828369140625
Time taken for epoch: 64.10s
The validation tracker metric at 676.452880859375 hasn't increased  in 5 epochs

Epoch 57/200

Training mean_absolute_error: 630.3982543945312
Validation loss: 686.9464111328125
Validation mean_absolute_error: 686.9464111328125
Time taken for epoch: 63.65s
The validation tracker metric at 676.452880859375 hasn't increased  in 6 epochs
Lr has been adjusted to 0.0003164062509313226

Epoch 58/200

Training mean_absolute_error: 630.7218017578125
Validation loss: 681.606689453125
Validation mean_absolute_error: 681.606689453125
Time taken for epoch: 63.53s
The validation tracker metric at 676.452880859375 hasn't increased  in 7 epochs

Epoch 59/200

Training mean_absolute_error: 630.3419799804688
Validation loss: 682.4727783203125
Validation mean_absolute_error: 682.4727783203125
Time taken for epoch: 63.62s
The validation tracker metric at 676.452880859375 hasn't increased  in 8 epochs

Epoch 60/200

Training mean_absolute_error: 629.8191528320312
Validation loss: 683.4077758789062
Validation mean_absolute_error: 683.4077758789062
Time taken for epoch: 63.74s
The validation tracker metric at 676.452880859375 hasn't increased  in 9 epochs

Epoch 61/200

Training mean_absolute_error: 629.4010009765625
Validation loss: 684.2252197265625
Validation mean_absolute_error: 684.2252197265625
Time taken for epoch: 63.64s
The validation tracker metric at 676.452880859375 hasn't increased  in 10 epochs

Epoch 62/200

Training mean_absolute_error: 628.91943359375
Validation loss: 678.7656860351562
Validation mean_absolute_error: 678.7656860351562
Time taken for epoch: 63.70s
The validation tracker metric at 676.452880859375 hasn't increased  in 11 epochs

Epoch 63/200

Training mean_absolute_error: 628.9459838867188
Validation loss: 683.1577758789062
Validation mean_absolute_error: 683.1577758789062
Time taken for epoch: 63.50s
The validation tracker metric at 676.452880859375 hasn't increased  in 12 epochs
Lr has been adjusted to 0.00023730468819849193

Epoch 64/200

Training mean_absolute_error: 628.43115234375
Validation loss: 695.6828002929688
Validation mean_absolute_error: 695.6828002929688
Time taken for epoch: 63.43s
The validation tracker metric at 676.452880859375 hasn't increased  in 13 epochs

Epoch 65/200

Training mean_absolute_error: 628.0948486328125
Validation loss: 686.080322265625
Validation mean_absolute_error: 686.080322265625
Time taken for epoch: 63.44s
The validation tracker metric at 676.452880859375 hasn't increased  in 14 epochs

Epoch 66/200

Training mean_absolute_error: 628.1536254882812
Validation loss: 690.342041015625
Validation mean_absolute_error: 690.342041015625
Time taken for epoch: 63.57s
The validation tracker metric at 676.452880859375 hasn't increased  in 15 epochs

Epoch 67/200

Training mean_absolute_error: 628.10400390625
Validation loss: 688.8577270507812
Validation mean_absolute_error: 688.8577270507812
Time taken for epoch: 63.50s
The validation tracker metric at 676.452880859375 hasn't increased  in 16 epochs

Epoch 68/200

Training mean_absolute_error: 628.0419311523438
Validation loss: 685.3622436523438
Validation mean_absolute_error: 685.3622436523438
Time taken for epoch: 63.52s
The validation tracker metric at 676.452880859375 hasn't increased  in 17 epochs

Epoch 69/200

Training mean_absolute_error: 626.8961181640625
Validation loss: 688.5938720703125
Validation mean_absolute_error: 688.5938720703125
Time taken for epoch: 63.49s
The validation tracker metric at 676.452880859375 hasn't increased  in 18 epochs
Lr has been adjusted to 0.00017797850887291133

Epoch 70/200

Training mean_absolute_error: 627.7350463867188
Validation loss: 693.4573974609375
Validation mean_absolute_error: 693.4573974609375
Time taken for epoch: 63.33s
The validation tracker metric at 676.452880859375 hasn't increased  in 19 epochs

Epoch 71/200

Training mean_absolute_error: 626.2288208007812
Validation loss: 684.2922973632812
Validation mean_absolute_error: 684.2922973632812
Time taken for epoch: 63.56s
Training stopped due to unimproved results over 20 epochs
--- Best performance found at epoch 50 --
Best value of tracked metric: 676.452880859375
Best mean_absolute_error: 676.452880859375
-------------------------------
New job directory is ../../doordash/prediction/cache/train_41/6
Kfold metrics
Kfold average mae: 657.077014 
-------------------------------
New job directory is ../../doordash/prediction/cache/train_41/7
