2022-08-15 02:51:23.417431: W tensorflow/stream_executor/platform/default/dso_loader.cc:64] Could not load dynamic library 'libcudart.so.11.0'; dlerror: libcudart.so.11.0: cannot open shared object file: No such file or directory
2022-08-15 02:51:23.417524: I tensorflow/stream_executor/cuda/cudart_stub.cc:29] Ignore above cudart dlerror if you do not have a GPU set up on your machine.
-- Collecting Variables... --
Tensorflow Version: 2.7.0
2022-08-15 02:51:26.157392: W tensorflow/stream_executor/platform/default/dso_loader.cc:64] Could not load dynamic library 'libcuda.so.1'; dlerror: libcuda.so.1: cannot open shared object file: No such file or directory
2022-08-15 02:51:26.157433: W tensorflow/stream_executor/cuda/cuda_driver.cc:269] failed call to cuInit: UNKNOWN ERROR (303)
2022-08-15 02:51:26.157448: I tensorflow/stream_executor/cuda/cuda_diagnostics.cc:156] kernel driver does not appear to be running on this host (instance-1): /proc/driver/nvidia/version does not exist
Num GPUs Available:  0
PID: 12608
Description: leaky relu 0.1
File dir is ../../doordash/prediction/cache/train_6
--- All variables have been collected. --
-------------------------------
New job directory is ../../doordash/prediction/cache/train_6/1
2022-08-15 02:51:26.166975: I tensorflow/core/platform/cpu_feature_guard.cc:151] This TensorFlow binary is optimized with oneAPI Deep Neural Network Library (oneDNN) to use the following CPU instructions in performance-critical operations:  AVX2 AVX512F FMA
To enable them in other operations, rebuild TensorFlow with the appropriate compiler flags.
Reading prev_orders_market_id...
Time passed: 0.21211671829223633 secs
Reading prev_orders_store_id...
Time passed: 0.19483017921447754 secs
--- training dataset contains 143743 elements ---
--- validation dataset contains 35936 elements ---
Model: "sequential"
_________________________________________________________________
 Layer (type)                Output Shape              Param #   
=================================================================
 dense (Dense)               (None, 1, 16)             224       
                                                                 
 leaky_re_lu (LeakyReLU)     (None, 1, 16)             0         
                                                                 
 dropout (Dropout)           (None, 1, 16)             0         
                                                                 
 dense_1 (Dense)             (None, 1, 32)             544       
                                                                 
 leaky_re_lu_1 (LeakyReLU)   (None, 1, 32)             0         
                                                                 
 dropout_1 (Dropout)         (None, 1, 32)             0         
                                                                 
 dense_2 (Dense)             (None, 1, 64)             2112      
                                                                 
 leaky_re_lu_2 (LeakyReLU)   (None, 1, 64)             0         
                                                                 
 dropout_2 (Dropout)         (None, 1, 64)             0         
                                                                 
 flatten (Flatten)           (None, 64)                0         
                                                                 
 dense_3 (Dense)             (None, 1)                 65        
                                                                 
=================================================================
Total params: 2,945
Trainable params: 2,945
Non-trainable params: 0
_________________________________________________________________

Epoch 1/15

Training mean_absolute_error: nan
Validation loss: nan
Validation mean_absolute_error: nan
Time taken for epoch: 38.27s
The validation tracker metric at inf hasn't increased  in 1 epochs

Epoch 2/15

Training mean_absolute_error: nan
Validation loss: nan
Validation mean_absolute_error: nan
Time taken for epoch: 37.88s
The validation tracker metric at inf hasn't increased  in 2 epochs

Epoch 3/15

Training mean_absolute_error: nan
Validation loss: nan
Validation mean_absolute_error: nan
Time taken for epoch: 37.41s
The validation tracker metric at inf hasn't increased  in 3 epochs
Lr has been adjusted to 0.0004000000189989805

Epoch 4/15

Training mean_absolute_error: nan
Validation loss: nan
Validation mean_absolute_error: nan
Time taken for epoch: 34.19s
The validation tracker metric at inf hasn't increased  in 4 epochs

Epoch 5/15

Training mean_absolute_error: nan
Validation loss: nan
Validation mean_absolute_error: nan
Time taken for epoch: 35.20s
Training stopped due to unimproved results over 5 epochs
--- Best performance found at epoch 0 --
Best value of tracked metric: inf
Traceback (most recent call last):
  File "/home/alirachidi/anaconda3/envs/classification/lib/python3.7/runpy.py", line 193, in _run_module_as_main
    "__main__", mod_spec)
  File "/home/alirachidi/anaconda3/envs/classification/lib/python3.7/runpy.py", line 85, in _run_code
    exec(code, run_globals)
  File "/home/alirachidi/doordash/prediction/jobs/train_6.py", line 133, in <module>
    General_CNN)
  File "/home/alirachidi/doordash/prediction/jobs/train_6.py", line 91, in train_model
    val_dataset, writer)
  File "/home/alirachidi/doordash/prediction/modules/main/training.py", line 109, in train_function
    for k, v in best_metrics.items():
UnboundLocalError: local variable 'best_metrics' referenced before assignment
