2022-08-30 19:16:02.863782: W tensorflow/stream_executor/platform/default/dso_loader.cc:64] Could not load dynamic library 'libcudart.so.11.0'; dlerror: libcudart.so.11.0: cannot open shared object file: No such file or directory
2022-08-30 19:16:02.863874: I tensorflow/stream_executor/cuda/cudart_stub.cc:29] Ignore above cudart dlerror if you do not have a GPU set up on your machine.
-- Collecting Variables... --
Tensorflow Version: 2.7.0
2022-08-30 19:16:06.575769: W tensorflow/stream_executor/platform/default/dso_loader.cc:64] Could not load dynamic library 'libcuda.so.1'; dlerror: libcuda.so.1: cannot open shared object file: No such file or directory
2022-08-30 19:16:06.575813: W tensorflow/stream_executor/cuda/cuda_driver.cc:269] failed call to cuInit: UNKNOWN ERROR (303)
2022-08-30 19:16:06.575834: I tensorflow/stream_executor/cuda/cuda_diagnostics.cc:156] kernel driver does not appear to be running on this host (instance-1): /proc/driver/nvidia/version does not exist
Num GPUs Available:  0
PID: 17993
Description: _stacklength_3
File dir is /home/alirachidi/doordash/prediction/cache/train_77
--- All variables have been collected. --
--- Reading /home/alirachidi/doordash/data/historical_market_id_features_v4.csv...
--- Reading /home/alirachidi/doordash/data/historical_store_id_features_v4.csv...
--- 25 Decision features (stacking features could be added):
 ['market_id', 'store_id', 'subtotal', 'total_onshift_dashers', 'total_busy_dashers', 'total_outstanding_orders', 'estimated_store_to_consumer_driving_duration', 'week_day', 'weekend', 'day_of_month', 'month', 'hour', 'day_part', '1_hr_count_by_market_id', '1_hr_count_by_store_id', '1_hr_avg_subtotal_by_market_id', '1_hr_avg_subtotal_by_store_id', '24_hr_avg_time_by_market_id', '24_hr_avg_time_by_store_id', 'long_score_by_market_id', 'short_score_by_market_id', 'long_score_by_store_id', 'short_score_by_store_id', 'trip_to_customer_by_market_id', 'trip_to_customer_by_store_id']
--- Stacking for market_id done in 904.3558716773987 secs with final number of features: 26 ---
-------------------------------
New job directory is /home/alirachidi/doordash/prediction/cache/train_77/0
2022-08-30 19:31:12.409950: I tensorflow/core/platform/cpu_feature_guard.cc:151] This TensorFlow binary is optimized with oneAPI Deep Neural Network Library (oneDNN) to use the following CPU instructions in performance-critical operations:  AVX2 FMA
To enable them in other operations, rebuild TensorFlow with the appropriate compiler flags.
--- training dataset has shape: (143646, 3, 26) ---
--- validation dataset has shape: (35909, 3, 26) ---
Model: <class 'modules.models.RNN8.RNN8'>
Model: "sequential"
_________________________________________________________________
 Layer (type)                Output Shape              Param #   
=================================================================
 conv2d (Conv2D)             (None, 3, 26, 16)         160       
                                                                 
 conv2d_1 (Conv2D)           (None, 3, 26, 32)         4640      
                                                                 
 batch_normalization (BatchN  (None, 3, 26, 32)        128       
 ormalization)                                                   
                                                                 
 dropout (Dropout)           (None, 3, 26, 32)         0         
                                                                 
 reshape (Reshape)           (None, 3, 832)            0         
                                                                 
 bidirectional (Bidirectiona  (None, 3, 64)            221440    
 l)                                                              
                                                                 
 dropout_1 (Dropout)         (None, 3, 64)             0         
                                                                 
 dense (Dense)               (None, 3, 100)            6500      
                                                                 
 dropout_2 (Dropout)         (None, 3, 100)            0         
                                                                 
 flatten (Flatten)           (None, 300)               0         
                                                                 
 dense_1 (Dense)             (None, 1)                 301       
                                                                 
=================================================================
Total params: 233,169
Trainable params: 233,105
Non-trainable params: 64
_________________________________________________________________

Epoch 1/200
train loss: 12533108.0
train mean_absolute_error: 2172.810302734375
train lateness: 0.9065470695495605
train earliness: 0.0025611829478293657
validation loss: 1493872.0
validation mean_absolute_error: 890.9130859375
validation lateness: 0.4883817136287689
validation earliness: 0.0426342599093914
Time taken for epoch: 202.81s

Epoch 2/200
train loss: 1430987.125
train mean_absolute_error: 849.4929809570312
train lateness: 0.33596423268318176
train earliness: 0.18892459571361542
validation loss: 966446.1875
validation mean_absolute_error: 762.7565307617188
validation lateness: 0.2097107619047165
validation earliness: 0.32612961530685425
Time taken for epoch: 209.25s

Epoch 3/200
train loss: 1237897.625
train mean_absolute_error: 832.19287109375
train lateness: 0.23995406925678253
train earliness: 0.31264904141426086
validation loss: 978384.875
validation mean_absolute_error: 775.6632080078125
validation lateness: 0.19407859444618225
validation earliness: 0.3542782962322235
Time taken for epoch: 207.45s
The validation tracker metric at 762.7565307617188 hasn't increased  in 1 epochs

Epoch 4/200
train loss: 1192090.25
train mean_absolute_error: 809.2059326171875
train lateness: 0.2397448718547821
train earliness: 0.29617294669151306
validation loss: 1006781.875
validation mean_absolute_error: 722.3442993164062
validation lateness: 0.34009212255477905
validation earliness: 0.11502864956855774
Time taken for epoch: 196.17s

Epoch 5/200
train loss: 1036933.6875
train mean_absolute_error: 733.5095825195312
train lateness: 0.22726479172706604
train earliness: 0.25604888796806335
validation loss: 777845.6875
validation mean_absolute_error: 667.4891967773438
validation lateness: 0.1886781007051468
validation earliness: 0.2747156620025635
Time taken for epoch: 203.84s

Epoch 6/200
train loss: 1078425.625
train mean_absolute_error: 706.01806640625
train lateness: 0.21288149058818817
train earliness: 0.25357040762901306
validation loss: 899965.5625
validation mean_absolute_error: 650.733154296875
validation lateness: 0.28658032417297363
validation earliness: 0.12318281829357147
Time taken for epoch: 204.68s

Epoch 7/200
train loss: 1094518.625
train mean_absolute_error: 682.3737182617188
train lateness: 0.20634230971336365
train earliness: 0.24344414472579956
validation loss: 834494.1875
validation mean_absolute_error: 629.24462890625
validation lateness: 0.22325944900512695
validation earliness: 0.1890026181936264
Time taken for epoch: 208.44s

Epoch 8/200
train loss: 1074458.25
train mean_absolute_error: 676.1961059570312
train lateness: 0.2027997374534607
train earliness: 0.24354976415634155
validation loss: 806921.5
validation mean_absolute_error: 636.4972534179688
validation lateness: 0.17765145003795624
validation earliness: 0.2610712945461273
Time taken for epoch: 205.24s
The validation tracker metric at 629.24462890625 hasn't increased  in 1 epochs

Epoch 9/200
train loss: 1061543.5
train mean_absolute_error: 672.7322387695312
train lateness: 0.20096588134765625
train earliness: 0.24269889295101166
validation loss: 806545.6875
validation mean_absolute_error: 626.0016479492188
validation lateness: 0.20530058443546295
validation earliness: 0.21375615894794464
Time taken for epoch: 208.40s

Epoch 10/200
train loss: 1051977.625
train mean_absolute_error: 671.0372314453125
train lateness: 0.20034514367580414
train earliness: 0.24307601153850555
validation loss: 819730.4375
validation mean_absolute_error: 624.1137084960938
validation lateness: 0.21909406781196594
validation earliness: 0.1925947219133377
Time taken for epoch: 205.69s

Epoch 11/200
train loss: 1037810.6875
train mean_absolute_error: 668.2835693359375
train lateness: 0.1998825967311859
train earliness: 0.2419135421514511
validation loss: 801372.3125
validation mean_absolute_error: 625.2211303710938
validation lateness: 0.2034112513065338
validation earliness: 0.21245168149471283
Time taken for epoch: 218.24s
The validation tracker metric at 624.1137084960938 hasn't increased  in 1 epochs

Epoch 12/200
train loss: 1044187.5625
train mean_absolute_error: 666.2958374023438
train lateness: 0.19958338141441345
train earliness: 0.23927918076515198
validation loss: 829419.125
validation mean_absolute_error: 628.090087890625
validation lateness: 0.19484007358551025
validation earliness: 0.22715294361114502
Time taken for epoch: 239.75s
The validation tracker metric at 624.1137084960938 hasn't increased  in 2 epochs

Epoch 13/200
train loss: 1038020.8125
train mean_absolute_error: 665.6024169921875
train lateness: 0.19927208125591278
train earliness: 0.23885372281074524
validation loss: 828704.1875
validation mean_absolute_error: 642.6968994140625
validation lateness: 0.16583861410617828
validation earliness: 0.27789074182510376
Time taken for epoch: 211.47s
The validation tracker metric at 624.1137084960938 hasn't increased  in 3 epochs
Lr has been adjusted to 0.0005000000237487257

Epoch 14/200
train loss: 1029837.5625
train mean_absolute_error: 663.2244262695312
train lateness: 0.19867980480194092
train earliness: 0.23853658139705658
validation loss: 825471.75
validation mean_absolute_error: 627.21337890625
validation lateness: 0.1926712542772293
validation earliness: 0.2287759631872177
Time taken for epoch: 213.25s
The validation tracker metric at 624.1137084960938 hasn't increased  in 4 epochs

Epoch 15/200
train loss: 1024310.0
train mean_absolute_error: 661.9631958007812
train lateness: 0.19883495569229126
train earliness: 0.23728761076927185
validation loss: 814905.0
validation mean_absolute_error: 621.7728271484375
validation lateness: 0.19399167597293854
validation earliness: 0.22020916640758514
Time taken for epoch: 224.95s

Epoch 16/200
train loss: 1023300.875
train mean_absolute_error: 660.8561401367188
train lateness: 0.19766467809677124
train earliness: 0.2386445254087448
validation loss: 821777.8125
validation mean_absolute_error: 632.4920654296875
validation lateness: 0.18200939893722534
validation earliness: 0.24780048429965973
Time taken for epoch: 219.75s
The validation tracker metric at 621.7728271484375 hasn't increased  in 1 epochs

Epoch 17/200
train loss: 1019177.3125
train mean_absolute_error: 659.3245239257812
train lateness: 0.19794046878814697
train earliness: 0.2363394945859909
validation loss: 807884.3125
validation mean_absolute_error: 626.340087890625
validation lateness: 0.1948009878396988
validation earliness: 0.22659118473529816
Time taken for epoch: 208.27s
The validation tracker metric at 621.7728271484375 hasn't increased  in 2 epochs

Epoch 18/200
train loss: 1018272.0
train mean_absolute_error: 659.4423217773438
train lateness: 0.1981266736984253
train earliness: 0.23648503422737122
validation loss: 805318.625
validation mean_absolute_error: 624.3931884765625
validation lateness: 0.19743026793003082
validation earliness: 0.22117197513580322
Time taken for epoch: 217.01s
The validation tracker metric at 621.7728271484375 hasn't increased  in 3 epochs
Lr has been adjusted to 0.0002500000118743628

Epoch 19/200
train loss: 1011764.9375
train mean_absolute_error: 656.9210205078125
train lateness: 0.1973990947008133
train earliness: 0.23550689220428467
validation loss: 822759.8125
validation mean_absolute_error: 629.8746948242188
validation lateness: 0.18287812173366547
validation earliness: 0.2431630641222
Time taken for epoch: 215.80s
The validation tracker metric at 621.7728271484375 hasn't increased  in 4 epochs

Epoch 20/200
train loss: 1013630.75
train mean_absolute_error: 657.0466918945312
train lateness: 0.19650864601135254
train earliness: 0.2373868227005005
validation loss: 807025.3125
validation mean_absolute_error: 625.0482177734375
validation lateness: 0.19401918351650238
validation earliness: 0.22676782310009003
Time taken for epoch: 215.90s
The validation tracker metric at 621.7728271484375 hasn't increased  in 5 epochs

Epoch 21/200
train loss: 1010579.8125
train mean_absolute_error: 656.5791015625
train lateness: 0.1980421543121338
train earliness: 0.23606406152248383
validation loss: 827424.6875
validation mean_absolute_error: 633.68603515625
validation lateness: 0.17770646512508392
validation earliness: 0.2531878352165222
Time taken for epoch: 237.97s
Training stopped due to unimproved results over 6 epochs
--- Best performance found at epoch 14 --
Best value of tracked metric: 621.7728271484375
Best mean_absolute_error: 621.7728271484375
Best lateness: 0.19399167597293854
Best earliness: 0.22020916640758514
-------------------------------
New job directory is /home/alirachidi/doordash/prediction/cache/train_77/1
--- training dataset has shape: (143646, 3, 26) ---
--- validation dataset has shape: (35909, 3, 26) ---
Model: <class 'modules.models.RNN8.RNN8'>
Model: "sequential_1"
_________________________________________________________________
 Layer (type)                Output Shape              Param #   
=================================================================
 conv2d_2 (Conv2D)           (None, 3, 26, 16)         160       
                                                                 
 conv2d_3 (Conv2D)           (None, 3, 26, 32)         4640      
                                                                 
 batch_normalization_1 (Batc  (None, 3, 26, 32)        128       
 hNormalization)                                                 
                                                                 
 dropout_3 (Dropout)         (None, 3, 26, 32)         0         
                                                                 
 reshape_1 (Reshape)         (None, 3, 832)            0         
                                                                 
 bidirectional_1 (Bidirectio  (None, 3, 64)            221440    
 nal)                                                            
                                                                 
 dropout_4 (Dropout)         (None, 3, 64)             0         
                                                                 
 dense_2 (Dense)             (None, 3, 100)            6500      
                                                                 
 dropout_5 (Dropout)         (None, 3, 100)            0         
                                                                 
 flatten_1 (Flatten)         (None, 300)               0         
                                                                 
 dense_3 (Dense)             (None, 1)                 301       
                                                                 
=================================================================
Total params: 233,169
Trainable params: 233,105
Non-trainable params: 64
_________________________________________________________________

Epoch 1/200
train loss: 12918244.0
train mean_absolute_error: 2224.66845703125
train lateness: 0.9152690768241882
train earliness: 0.0022919070906937122
validation loss: 1784253.125
validation mean_absolute_error: 959.40771484375
validation lateness: 0.5058470368385315
validation earliness: 0.04098372906446457
Time taken for epoch: 210.23s

Epoch 2/200
train loss: 1359042.875
train mean_absolute_error: 834.1074829101562
train lateness: 0.3248051404953003
train earliness: 0.19627104699611664
validation loss: 1139279.25
validation mean_absolute_error: 800.0472412109375
validation lateness: 0.2314949631690979
validation earliness: 0.3052416443824768
Time taken for epoch: 217.94s

Epoch 3/200
train loss: 1194571.5
train mean_absolute_error: 820.3417358398438
train lateness: 0.23808255791664124
train earliness: 0.31001216173171997
validation loss: 1140314.875
validation mean_absolute_error: 807.5510864257812
validation lateness: 0.22083747386932373
validation earliness: 0.3254055976867676
Time taken for epoch: 214.30s
The validation tracker metric at 800.0472412109375 hasn't increased  in 1 epochs

Epoch 4/200
train loss: 1193063.25
train mean_absolute_error: 821.2085571289062
train lateness: 0.2365373820066452
train earliness: 0.314806193113327
validation loss: 1140898.0
validation mean_absolute_error: 808.940673828125
validation lateness: 0.2191319316625595
validation earliness: 0.328816682100296
Time taken for epoch: 218.78s
The validation tracker metric at 800.0472412109375 hasn't increased  in 2 epochs

Epoch 5/200
train loss: 1164531.375
train mean_absolute_error: 806.4468994140625
train lateness: 0.2372657209634781
train earliness: 0.30185866355895996
validation loss: 1094058.625
validation mean_absolute_error: 758.5374755859375
validation lateness: 0.26027196645736694
validation earliness: 0.23193509876728058
Time taken for epoch: 214.53s

Epoch 6/200
train loss: 1007960.9375
train mean_absolute_error: 733.4963989257812
train lateness: 0.22570237517356873
train earliness: 0.2631535232067108
validation loss: 915885.0625
validation mean_absolute_error: 700.2561645507812
validation lateness: 0.2042568475008011
validation earliness: 0.26533517241477966
Time taken for epoch: 215.07s

Epoch 7/200
train loss: 1027516.375
train mean_absolute_error: 713.41064453125
train lateness: 0.2131393402814865
train earliness: 0.2638116180896759
validation loss: 965092.875
validation mean_absolute_error: 677.8882446289062
validation lateness: 0.22363461554050446
validation earliness: 0.21211440861225128
Time taken for epoch: 212.63s

Epoch 8/200
train loss: 1063500.75
train mean_absolute_error: 706.3965454101562
train lateness: 0.2097235769033432
train earliness: 0.2641277313232422
validation loss: 1022041.4375
validation mean_absolute_error: 690.1741943359375
validation lateness: 0.29448848962783813
validation earliness: 0.12450763583183289
Time taken for epoch: 210.90s
The validation tracker metric at 677.8882446289062 hasn't increased  in 1 epochs

Epoch 9/200
train loss: 1041717.5
train mean_absolute_error: 681.9866943359375
train lateness: 0.20466911792755127
train earliness: 0.251996248960495
validation loss: 954672.8125
validation mean_absolute_error: 656.2853393554688
validation lateness: 0.2586214244365692
validation earliness: 0.14440366625785828
Time taken for epoch: 215.13s

Epoch 10/200
train loss: 1020502.75
train mean_absolute_error: 667.8740844726562
train lateness: 0.20055973529815674
train earliness: 0.24325895309448242
validation loss: 947023.6875
validation mean_absolute_error: 639.56640625
validation lateness: 0.2192172408103943
validation earliness: 0.18165776133537292
Time taken for epoch: 225.01s

Epoch 11/200
train loss: 1016922.5625
train mean_absolute_error: 667.32275390625
train lateness: 0.20034942030906677
train earliness: 0.2435523420572281
validation loss: 980807.5625
validation mean_absolute_error: 664.3095092773438
validation lateness: 0.16759638488292694
validation earliness: 0.28064441680908203
Time taken for epoch: 224.77s
The validation tracker metric at 639.56640625 hasn't increased  in 1 epochs

Epoch 12/200
train loss: 1006121.3125
train mean_absolute_error: 664.4951782226562
train lateness: 0.19919270277023315
train earliness: 0.2438080608844757
validation loss: 940196.75
validation mean_absolute_error: 644.1158447265625
validation lateness: 0.19024330377578735
validation earliness: 0.22865435481071472
Time taken for epoch: 213.15s
The validation tracker metric at 639.56640625 hasn't increased  in 2 epochs

Epoch 13/200
train loss: 1001738.5625
train mean_absolute_error: 662.1270141601562
train lateness: 0.20025794208049774
train earliness: 0.24060897529125214
validation loss: 941193.5625
validation mean_absolute_error: 640.278076171875
validation lateness: 0.23386788368225098
validation earliness: 0.16369451582431793
Time taken for epoch: 214.80s
The validation tracker metric at 639.56640625 hasn't increased  in 3 epochs
Lr has been adjusted to 0.0005000000237487257

Epoch 14/200
train loss: 995982.8125
train mean_absolute_error: 658.169921875
train lateness: 0.1983099728822708
train earliness: 0.23952579498291016
validation loss: 929170.8125
validation mean_absolute_error: 637.2249755859375
validation lateness: 0.200960174202919
validation earliness: 0.20677609741687775
Time taken for epoch: 242.93s

Epoch 15/200
train loss: 994607.6875
train mean_absolute_error: 657.8056640625
train lateness: 0.198985293507576
train earliness: 0.2379651665687561
validation loss: 931740.625
validation mean_absolute_error: 637.9698486328125
validation lateness: 0.19877541065216064
validation earliness: 0.21192024648189545
Time taken for epoch: 199.22s
The validation tracker metric at 637.2249755859375 hasn't increased  in 1 epochs

Epoch 16/200
train loss: 987392.9375
train mean_absolute_error: 656.7437133789062
train lateness: 0.19780223071575165
train earliness: 0.2383122593164444
validation loss: 929504.3125
validation mean_absolute_error: 631.1216430664062
validation lateness: 0.22512008249759674
validation earliness: 0.16896465420722961
Time taken for epoch: 199.82s

Epoch 17/200
train loss: 989614.5625
train mean_absolute_error: 657.40283203125
train lateness: 0.19837836921215057
train earliness: 0.23758982121944427
validation loss: 967579.625
validation mean_absolute_error: 652.3314819335938
validation lateness: 0.1726970672607422
validation earliness: 0.260445773601532
Time taken for epoch: 199.04s
The validation tracker metric at 631.1216430664062 hasn't increased  in 1 epochs

Epoch 18/200
train loss: 983864.625
train mean_absolute_error: 655.0953369140625
train lateness: 0.19827589392662048
train earliness: 0.23680002987384796
validation loss: 941887.125
validation mean_absolute_error: 650.9674682617188
validation lateness: 0.17400594055652618
validation earliness: 0.25767892599105835
Time taken for epoch: 207.71s
The validation tracker metric at 631.1216430664062 hasn't increased  in 2 epochs

Epoch 19/200
train loss: 986641.3125
train mean_absolute_error: 655.4134521484375
train lateness: 0.19834360480308533
train earliness: 0.23624107241630554
validation loss: 960809.125
validation mean_absolute_error: 643.5936279296875
validation lateness: 0.1810322403907776
validation earliness: 0.23959410190582275
Time taken for epoch: 198.58s
The validation tracker metric at 631.1216430664062 hasn't increased  in 3 epochs
Lr has been adjusted to 0.0002500000118743628

Epoch 20/200
train loss: 982601.4375
train mean_absolute_error: 653.9755249023438
train lateness: 0.19840727746486664
train earliness: 0.23581305146217346
validation loss: 988691.25
validation mean_absolute_error: 652.2929077148438
validation lateness: 0.17226849496364594
validation earliness: 0.25892841815948486
Time taken for epoch: 208.44s
The validation tracker metric at 631.1216430664062 hasn't increased  in 4 epochs

Epoch 21/200
train loss: 981294.0
train mean_absolute_error: 654.4345092773438
train lateness: 0.19788607954978943
train earliness: 0.2366071343421936
validation loss: 924442.875
validation mean_absolute_error: 636.140869140625
validation lateness: 0.19516737759113312
validation earliness: 0.21549639105796814
Time taken for epoch: 218.91s
The validation tracker metric at 631.1216430664062 hasn't increased  in 5 epochs

Epoch 22/200
train loss: 980705.125
train mean_absolute_error: 653.0463256835938
train lateness: 0.19696815311908722
train earliness: 0.23581562936306
validation loss: 931898.5
validation mean_absolute_error: 634.1030883789062
validation lateness: 0.19768662750720978
validation earliness: 0.2083209604024887
Time taken for epoch: 241.48s
Training stopped due to unimproved results over 6 epochs
--- Best performance found at epoch 15 --
Best value of tracked metric: 631.1216430664062
Best mean_absolute_error: 631.1216430664062
Best lateness: 0.22512008249759674
Best earliness: 0.16896465420722961
-------------------------------
New job directory is /home/alirachidi/doordash/prediction/cache/train_77/2
--- training dataset has shape: (143646, 3, 26) ---
--- validation dataset has shape: (35909, 3, 26) ---
Model: <class 'modules.models.RNN8.RNN8'>
Model: "sequential_2"
_________________________________________________________________
 Layer (type)                Output Shape              Param #   
=================================================================
 conv2d_4 (Conv2D)           (None, 3, 26, 16)         160       
                                                                 
 conv2d_5 (Conv2D)           (None, 3, 26, 32)         4640      
                                                                 
 batch_normalization_2 (Batc  (None, 3, 26, 32)        128       
 hNormalization)                                                 
                                                                 
 dropout_6 (Dropout)         (None, 3, 26, 32)         0         
                                                                 
 reshape_2 (Reshape)         (None, 3, 832)            0         
                                                                 
 bidirectional_2 (Bidirectio  (None, 3, 64)            221440    
 nal)                                                            
                                                                 
 dropout_7 (Dropout)         (None, 3, 64)             0         
                                                                 
 dense_4 (Dense)             (None, 3, 100)            6500      
                                                                 
 dropout_8 (Dropout)         (None, 3, 100)            0         
                                                                 
 flatten_2 (Flatten)         (None, 300)               0         
                                                                 
 dense_5 (Dense)             (None, 1)                 301       
                                                                 
=================================================================
Total params: 233,169
Trainable params: 233,105
Non-trainable params: 64
_________________________________________________________________

Epoch 1/200
train loss: 11507107.0
train mean_absolute_error: 2082.388916015625
train lateness: 0.8891433477401733
train earliness: 0.004604666028171778
validation loss: 2300387.25
validation mean_absolute_error: 1068.478515625
validation lateness: 0.5134525895118713
validation earliness: 0.04927544295787811
Time taken for epoch: 224.42s

Epoch 2/200
train loss: 1200288.75
train mean_absolute_error: 796.3425903320312
train lateness: 0.30815255641937256
train earliness: 0.1987757533788681
validation loss: 1554077.0
validation mean_absolute_error: 901.0309448242188
validation lateness: 0.2927367389202118
validation earliness: 0.2686302363872528
Time taken for epoch: 243.84s

Epoch 3/200
train loss: 1093477.0
train mean_absolute_error: 789.4454956054688
train lateness: 0.23422135412693024
train earliness: 0.3005625903606415
validation loss: 1543607.625
validation mean_absolute_error: 902.1596069335938
validation lateness: 0.2864256203174591
validation earliness: 0.2798813283443451
Time taken for epoch: 231.91s
The validation tracker metric at 901.0309448242188 hasn't increased  in 1 epochs

Epoch 4/200
train loss: 1093211.375
train mean_absolute_error: 789.88818359375
train lateness: 0.2326907515525818
train earliness: 0.30193185806274414
validation loss: 1540569.75
validation mean_absolute_error: 901.7626953125
validation lateness: 0.28549033403396606
validation earliness: 0.28114673495292664
Time taken for epoch: 237.79s
The validation tracker metric at 901.0309448242188 hasn't increased  in 2 epochs

Epoch 5/200
train loss: 1007233.125
train mean_absolute_error: 745.3163452148438
train lateness: 0.23305365443229675
train earliness: 0.26748591661453247
validation loss: 1398096.875
validation mean_absolute_error: 822.5083618164062
validation lateness: 0.3119378685951233
validation earliness: 0.17703628540039062
Time taken for epoch: 228.97s

Epoch 6/200
train loss: 901807.6875
train mean_absolute_error: 695.2410278320312
train lateness: 0.2134920358657837
train earliness: 0.25441282987594604
validation loss: 1340816.625
validation mean_absolute_error: 801.6961669921875
validation lateness: 0.30930858850479126
validation earliness: 0.16528286039829254
Time taken for epoch: 267.26s

Epoch 7/200
train loss: 928605.0
train mean_absolute_error: 683.6666870117188
train lateness: 0.20621034502983093
train earliness: 0.2532704174518585
validation loss: 1395475.875
validation mean_absolute_error: 790.78173828125
validation lateness: 0.2918998897075653
validation earliness: 0.18601572513580322
Time taken for epoch: 225.02s

Epoch 8/200
train loss: 942434.9375
train mean_absolute_error: 679.1342163085938
train lateness: 0.2039681226015091
train earliness: 0.2541496455669403
validation loss: 1384690.875
validation mean_absolute_error: 788.3606567382812
validation lateness: 0.2463931441307068
validation earliness: 0.25614285469055176
Time taken for epoch: 224.99s

Epoch 9/200
train loss: 942688.9375
train mean_absolute_error: 675.6649169921875
train lateness: 0.20311765372753143
train earliness: 0.25120308995246887
validation loss: 1409132.0
validation mean_absolute_error: 784.0643920898438
validation lateness: 0.28912588953971863
validation earliness: 0.18331268429756165
Time taken for epoch: 226.54s

Epoch 10/200
train loss: 945258.25
train mean_absolute_error: 674.785400390625
train lateness: 0.20277045667171478
train earliness: 0.25108134746551514
validation loss: 1392378.875
validation mean_absolute_error: 778.9865112304688
validation lateness: 0.2679325342178345
validation earliness: 0.2119015008211136
Time taken for epoch: 228.09s

Epoch 11/200
train loss: 939651.375
train mean_absolute_error: 672.3650512695312
train lateness: 0.20263583958148956
train earliness: 0.2510298490524292
validation loss: 1450171.625
validation mean_absolute_error: 796.3865966796875
validation lateness: 0.22327858209609985
validation earliness: 0.2994879186153412
Time taken for epoch: 227.00s
The validation tracker metric at 778.9865112304688 hasn't increased  in 1 epochs

Epoch 12/200
train loss: 937065.25
train mean_absolute_error: 669.0814819335938
train lateness: 0.20076577365398407
train earliness: 0.2476447969675064
validation loss: 1368933.5
validation mean_absolute_error: 780.4696044921875
validation lateness: 0.24182668328285217
validation earliness: 0.25841450691223145
Time taken for epoch: 229.48s
The validation tracker metric at 778.9865112304688 hasn't increased  in 2 epochs

Epoch 13/200
train loss: 928256.375
train mean_absolute_error: 659.74072265625
train lateness: 0.19919055700302124
train earliness: 0.24325640499591827
validation loss: 1360332.375
validation mean_absolute_error: 755.36865234375
validation lateness: 0.2751629650592804
validation earliness: 0.18649931252002716
Time taken for epoch: 262.13s

Epoch 14/200
train loss: 922160.75
train mean_absolute_error: 653.7843017578125
train lateness: 0.19705919921398163
train earliness: 0.23910585045814514
validation loss: 1598221.0
validation mean_absolute_error: 823.1617431640625
validation lateness: 0.15814213454723358
validation earliness: 0.42143288254737854
Time taken for epoch: 221.61s
The validation tracker metric at 755.36865234375 hasn't increased  in 1 epochs

Epoch 15/200
train loss: 920666.5625
train mean_absolute_error: 650.8875122070312
train lateness: 0.19706571102142334
train earliness: 0.2379150688648224
validation loss: 1294668.0
validation mean_absolute_error: 738.0067749023438
validation lateness: 0.25658297538757324
validation earliness: 0.20677171647548676
Time taken for epoch: 223.41s

Epoch 16/200
train loss: 915777.3125
train mean_absolute_error: 648.643310546875
train lateness: 0.1959819495677948
train earliness: 0.236244335770607
validation loss: 1340320.5
validation mean_absolute_error: 746.5293579101562
validation lateness: 0.2035069316625595
validation earliness: 0.294673889875412
Time taken for epoch: 221.04s
The validation tracker metric at 738.0067749023438 hasn't increased  in 1 epochs

Epoch 17/200
train loss: 918296.4375
train mean_absolute_error: 647.4442749023438
train lateness: 0.1949678361415863
train earliness: 0.2352961152791977
validation loss: 1335006.125
validation mean_absolute_error: 734.07177734375
validation lateness: 0.20808495581150055
validation earliness: 0.27882882952690125
Time taken for epoch: 218.77s

Epoch 18/200
train loss: 913783.6875
train mean_absolute_error: 644.9039306640625
train lateness: 0.19492647051811218
train earliness: 0.23424477875232697
validation loss: 1344575.25
validation mean_absolute_error: 735.69384765625
validation lateness: 0.21354763209819794
validation earliness: 0.27136677503585815
Time taken for epoch: 240.38s
The validation tracker metric at 734.07177734375 hasn't increased  in 1 epochs

Epoch 19/200
train loss: 911766.0625
train mean_absolute_error: 643.55419921875
train lateness: 0.19444182515144348
train earliness: 0.23308831453323364
validation loss: 1302448.0
validation mean_absolute_error: 715.7242431640625
validation lateness: 0.22674748301506042
validation earliness: 0.23085784912109375
Time taken for epoch: 217.60s

Epoch 20/200
train loss: 908457.125
train mean_absolute_error: 641.4695434570312
train lateness: 0.19357770681381226
train earliness: 0.23230108618736267
validation loss: 1266112.75
validation mean_absolute_error: 713.9498291015625
validation lateness: 0.23372596502304077
validation earliness: 0.2221100628376007
Time taken for epoch: 220.49s

Epoch 21/200
train loss: 908024.9375
train mean_absolute_error: 640.6864624023438
train lateness: 0.19387760758399963
train earliness: 0.2314063459634781
validation loss: 1346306.875
validation mean_absolute_error: 733.968994140625
validation lateness: 0.2016754001379013
validation earliness: 0.2864762842655182
Time taken for epoch: 240.59s
The validation tracker metric at 713.9498291015625 hasn't increased  in 1 epochs

Epoch 22/200
train loss: 907615.0625
train mean_absolute_error: 639.6201171875
train lateness: 0.19349677860736847
train earliness: 0.2305009812116623
validation loss: 1272004.0
validation mean_absolute_error: 711.173828125
validation lateness: 0.2503615915775299
validation earliness: 0.19151310622692108
Time taken for epoch: 216.07s

Epoch 23/200
train loss: 904308.5625
train mean_absolute_error: 638.8338623046875
train lateness: 0.19377121329307556
train earliness: 0.2296609878540039
validation loss: 1406237.125
validation mean_absolute_error: 756.1744995117188
validation lateness: 0.16787585616111755
validation earliness: 0.35487473011016846
Time taken for epoch: 213.33s
The validation tracker metric at 711.173828125 hasn't increased  in 1 epochs

Epoch 24/200
train loss: 901407.75
train mean_absolute_error: 637.3308715820312
train lateness: 0.19284754991531372
train earliness: 0.22868631780147552
validation loss: 1267557.75
validation mean_absolute_error: 714.6364135742188
validation lateness: 0.2745765447616577
validation earliness: 0.15503643453121185
Time taken for epoch: 215.76s
The validation tracker metric at 711.173828125 hasn't increased  in 2 epochs

Epoch 25/200
train loss: 899038.375
train mean_absolute_error: 636.4854736328125
train lateness: 0.19316650927066803
train earliness: 0.2292623072862625
validation loss: 1383830.375
validation mean_absolute_error: 748.7791137695312
validation lateness: 0.1737423986196518
validation earliness: 0.3411637842655182
Time taken for epoch: 220.39s
The validation tracker metric at 711.173828125 hasn't increased  in 3 epochs
Lr has been adjusted to 0.0005000000237487257

Epoch 26/200
train loss: 895720.75
train mean_absolute_error: 633.3626098632812
train lateness: 0.1930522918701172
train earliness: 0.22673991322517395
validation loss: 1266193.0
validation mean_absolute_error: 702.4625244140625
validation lateness: 0.225548654794693
validation earliness: 0.22562400996685028
Time taken for epoch: 218.54s

Epoch 27/200
train loss: 897523.5625
train mean_absolute_error: 633.402099609375
train lateness: 0.19177201390266418
train earliness: 0.22727254033088684
validation loss: 1281914.875
validation mean_absolute_error: 708.3965454101562
validation lateness: 0.20607243478298187
validation earliness: 0.2599896788597107
Time taken for epoch: 221.79s
The validation tracker metric at 702.4625244140625 hasn't increased  in 1 epochs

Epoch 28/200
train loss: 896880.9375
train mean_absolute_error: 633.4706420898438
train lateness: 0.19170980155467987
train earliness: 0.22811681032180786
validation loss: 1267599.375
validation mean_absolute_error: 699.6937255859375
validation lateness: 0.21640416979789734
validation earliness: 0.2351217120885849
Time taken for epoch: 220.51s

Epoch 29/200
train loss: 894080.875
train mean_absolute_error: 633.0811767578125
train lateness: 0.19169117510318756
train earliness: 0.2267932891845703
validation loss: 1251650.375
validation mean_absolute_error: 699.7369384765625
validation lateness: 0.2236114889383316
validation earliness: 0.22381560504436493
Time taken for epoch: 219.38s
The validation tracker metric at 699.6937255859375 hasn't increased  in 1 epochs

Epoch 30/200
train loss: 892387.5625
train mean_absolute_error: 632.2518310546875
train lateness: 0.1915612518787384
train earliness: 0.2280597686767578
validation loss: 1424308.875
validation mean_absolute_error: 759.359130859375
validation lateness: 0.15977232158184052
validation earliness: 0.3668482303619385
Time taken for epoch: 226.31s
The validation tracker metric at 699.6937255859375 hasn't increased  in 2 epochs

Epoch 31/200
train loss: 891933.625
train mean_absolute_error: 632.9349365234375
train lateness: 0.19196224212646484
train earliness: 0.2278384566307068
validation loss: 1277377.5
validation mean_absolute_error: 703.495849609375
validation lateness: 0.20963701605796814
validation earliness: 0.24975639581680298
Time taken for epoch: 233.81s
The validation tracker metric at 699.6937255859375 hasn't increased  in 3 epochs
Lr has been adjusted to 0.0002500000118743628

Epoch 32/200
train loss: 891623.0
train mean_absolute_error: 630.9996337890625
train lateness: 0.19182436168193817
train earliness: 0.22630931437015533
validation loss: 1254003.5
validation mean_absolute_error: 707.3871459960938
validation lateness: 0.22196532785892487
validation earliness: 0.23484662175178528
Time taken for epoch: 302.97s
The validation tracker metric at 699.6937255859375 hasn't increased  in 4 epochs

Epoch 33/200
train loss: 888406.875
train mean_absolute_error: 630.2357177734375
train lateness: 0.19235192239284515
train earliness: 0.22534462809562683
validation loss: 1261598.875
validation mean_absolute_error: 711.8646850585938
validation lateness: 0.21005402505397797
validation earliness: 0.2571953535079956
Time taken for epoch: 251.40s
The validation tracker metric at 699.6937255859375 hasn't increased  in 5 epochs

Epoch 34/200
train loss: 889313.1875
train mean_absolute_error: 629.768310546875
train lateness: 0.19068805873394012
train earliness: 0.22635358572006226
validation loss: 1264949.125
validation mean_absolute_error: 708.69677734375
validation lateness: 0.20878861844539642
validation earliness: 0.25534069538116455
Time taken for epoch: 249.46s
Training stopped due to unimproved results over 6 epochs
--- Best performance found at epoch 27 --
Best value of tracked metric: 699.6937255859375
Best mean_absolute_error: 699.6937255859375
Best lateness: 0.21640416979789734
Best earliness: 0.2351217120885849
-------------------------------
New job directory is /home/alirachidi/doordash/prediction/cache/train_77/3
--- training dataset has shape: (143646, 3, 26) ---
--- validation dataset has shape: (35909, 3, 26) ---
Model: <class 'modules.models.RNN8.RNN8'>
Model: "sequential_3"
_________________________________________________________________
 Layer (type)                Output Shape              Param #   
=================================================================
 conv2d_6 (Conv2D)           (None, 3, 26, 16)         160       
                                                                 
 conv2d_7 (Conv2D)           (None, 3, 26, 32)         4640      
                                                                 
 batch_normalization_3 (Batc  (None, 3, 26, 32)        128       
 hNormalization)                                                 
                                                                 
 dropout_9 (Dropout)         (None, 3, 26, 32)         0         
                                                                 
 reshape_3 (Reshape)         (None, 3, 832)            0         
                                                                 
 bidirectional_3 (Bidirectio  (None, 3, 64)            221440    
 nal)                                                            
                                                                 
 dropout_10 (Dropout)        (None, 3, 64)             0         
                                                                 
 dense_6 (Dense)             (None, 3, 100)            6500      
                                                                 
 dropout_11 (Dropout)        (None, 3, 100)            0         
                                                                 
 flatten_3 (Flatten)         (None, 300)               0         
                                                                 
 dense_7 (Dense)             (None, 1)                 301       
                                                                 
=================================================================
Total params: 233,169
Trainable params: 233,105
Non-trainable params: 64
_________________________________________________________________

Epoch 1/200
train loss: 12733301.0
train mean_absolute_error: 2193.675048828125
train lateness: 0.9054996371269226
train earliness: 0.0032185756135731936
validation loss: 1365011.125
validation mean_absolute_error: 844.5787963867188
validation lateness: 0.4600623846054077
validation earliness: 0.048241667449474335
Time taken for epoch: 241.40s

Epoch 2/200
train loss: 1394987.875
train mean_absolute_error: 849.201171875
train lateness: 0.32689836621284485
train earliness: 0.2020261585712433
validation loss: 941278.625
validation mean_absolute_error: 744.4713745117188
validation lateness: 0.1917881816625595
validation earliness: 0.32945936918258667
Time taken for epoch: 255.67s

Epoch 3/200
train loss: 1224451.625
train mean_absolute_error: 827.9786376953125
train lateness: 0.2435421347618103
train earliness: 0.3076569139957428
validation loss: 871626.0625
validation mean_absolute_error: 699.3975219726562
validation lateness: 0.20757822692394257
validation earliness: 0.2748428285121918
Time taken for epoch: 251.70s

Epoch 4/200
train loss: 1070116.75
train mean_absolute_error: 755.8997802734375
train lateness: 0.2368226796388626
train earliness: 0.2633536458015442
validation loss: 758981.3125
validation mean_absolute_error: 652.6649169921875
validation lateness: 0.18211664259433746
validation earliness: 0.27002161741256714
Time taken for epoch: 249.50s

Epoch 5/200
train loss: 1045908.75
train mean_absolute_error: 717.5366821289062
train lateness: 0.21940141916275024
train earliness: 0.2584487497806549
validation loss: 793118.3125
validation mean_absolute_error: 635.646240234375
validation lateness: 0.1705513745546341
validation earliness: 0.2703286111354828
Time taken for epoch: 305.59s

Epoch 6/200
train loss: 1099334.5
train mean_absolute_error: 698.7669677734375
train lateness: 0.20847761631011963
train earliness: 0.2557753324508667
validation loss: 842110.1875
validation mean_absolute_error: 665.3726196289062
validation lateness: 0.13813446462154388
validation earliness: 0.34442138671875
Time taken for epoch: 247.12s
The validation tracker metric at 635.646240234375 hasn't increased  in 1 epochs

Epoch 7/200
train loss: 1085319.25
train mean_absolute_error: 684.830322265625
train lateness: 0.20527268946170807
train earliness: 0.24974176287651062
validation loss: 807656.625
validation mean_absolute_error: 643.7725219726562
validation lateness: 0.1433495730161667
validation earliness: 0.31501448154449463
Time taken for epoch: 241.26s
The validation tracker metric at 635.646240234375 hasn't increased  in 2 epochs

Epoch 8/200
train loss: 1078943.375
train mean_absolute_error: 680.3180541992188
train lateness: 0.20518670976161957
train earliness: 0.248260498046875
validation loss: 1203198.875
validation mean_absolute_error: 753.371337890625
validation lateness: 0.09985535591840744
validation earliness: 0.4524931013584137
Time taken for epoch: 230.93s
The validation tracker metric at 635.646240234375 hasn't increased  in 3 epochs
Lr has been adjusted to 0.0005000000237487257

Epoch 9/200
train loss: 1061010.0
train mean_absolute_error: 675.4940795898438
train lateness: 0.20333357155323029
train earliness: 0.24502433836460114
validation loss: 748023.125
validation mean_absolute_error: 605.7844848632812
validation lateness: 0.17652079463005066
validation earliness: 0.2299731820821762
Time taken for epoch: 220.62s

Epoch 10/200
train loss: 1053537.875
train mean_absolute_error: 672.635986328125
train lateness: 0.201187863945961
train earliness: 0.24585747718811035
validation loss: 838411.8125
validation mean_absolute_error: 641.1749877929688
validation lateness: 0.13868901133537292
validation earliness: 0.3150491714477539
Time taken for epoch: 239.98s
The validation tracker metric at 605.7844848632812 hasn't increased  in 1 epochs

Epoch 11/200
train loss: 1043941.6875
train mean_absolute_error: 669.9205322265625
train lateness: 0.2014293372631073
train earliness: 0.24320079386234283
validation loss: 919720.4375
validation mean_absolute_error: 684.0474243164062
validation lateness: 0.11808492243289948
validation earliness: 0.3843350410461426
Time taken for epoch: 222.17s
The validation tracker metric at 605.7844848632812 hasn't increased  in 2 epochs

Epoch 12/200
train loss: 1038359.5625
train mean_absolute_error: 669.0137939453125
train lateness: 0.2009512037038803
train earliness: 0.24308888614177704
validation loss: 814867.0625
validation mean_absolute_error: 637.75439453125
validation lateness: 0.1427718847990036
validation earliness: 0.30672991275787354
Time taken for epoch: 225.20s
The validation tracker metric at 605.7844848632812 hasn't increased  in 3 epochs
Lr has been adjusted to 0.0002500000118743628

Epoch 13/200
train loss: 1032361.125
train mean_absolute_error: 665.2655639648438
train lateness: 0.19986073672771454
train earliness: 0.24058185517787933
validation loss: 796346.5625
validation mean_absolute_error: 596.8744506835938
validation lateness: 0.20778954029083252
validation earliness: 0.17287090420722961
Time taken for epoch: 229.49s

Epoch 14/200
train loss: 1034184.875
train mean_absolute_error: 665.2108154296875
train lateness: 0.199112206697464
train earliness: 0.24182164669036865
validation loss: 797930.0
validation mean_absolute_error: 616.1793823242188
validation lateness: 0.1600864827632904
validation earliness: 0.2617965042591095
Time taken for epoch: 242.94s
The validation tracker metric at 596.8744506835938 hasn't increased  in 1 epochs

Epoch 15/200
train loss: 1031475.5
train mean_absolute_error: 664.4656372070312
train lateness: 0.19935032725334167
train earliness: 0.2409023642539978
validation loss: 781136.125
validation mean_absolute_error: 615.5397338867188
validation lateness: 0.15657690167427063
validation earliness: 0.2662413716316223
Time taken for epoch: 226.13s
The validation tracker metric at 596.8744506835938 hasn't increased  in 2 epochs

Epoch 16/200
train loss: 1030088.0
train mean_absolute_error: 664.2316284179688
train lateness: 0.19990646839141846
train earliness: 0.24062354862689972
validation loss: 793589.6875
validation mean_absolute_error: 629.5353393554688
validation lateness: 0.14431238174438477
validation earliness: 0.29647353291511536
Time taken for epoch: 244.00s
The validation tracker metric at 596.8744506835938 hasn't increased  in 3 epochs
Lr has been adjusted to 0.0001250000059371814

Epoch 17/200
train loss: 1025709.875
train mean_absolute_error: 661.9802856445312
train lateness: 0.19763687252998352
train earliness: 0.24000932276248932
validation loss: 813561.5625
validation mean_absolute_error: 617.6982421875
validation lateness: 0.15583856403827667
validation earliness: 0.26457488536834717
Time taken for epoch: 240.84s
The validation tracker metric at 596.8744506835938 hasn't increased  in 4 epochs

Epoch 18/200
train loss: 1021743.375
train mean_absolute_error: 660.9000854492188
train lateness: 0.19804877042770386
train earliness: 0.23856866359710693
validation loss: 789645.25
validation mean_absolute_error: 616.7234497070312
validation lateness: 0.15596015751361847
validation earliness: 0.26761239767074585
Time taken for epoch: 234.75s
The validation tracker metric at 596.8744506835938 hasn't increased  in 5 epochs

Epoch 19/200
train loss: 1027763.125
train mean_absolute_error: 663.0304565429688
train lateness: 0.19796791672706604
train earliness: 0.24119429290294647
validation loss: 804629.0
validation mean_absolute_error: 616.8860473632812
validation lateness: 0.15620774030685425
validation earliness: 0.2659618854522705
Time taken for epoch: 242.04s
Training stopped due to unimproved results over 6 epochs
--- Best performance found at epoch 12 --
Best value of tracked metric: 596.8744506835938
Best mean_absolute_error: 596.8744506835938
Best lateness: 0.20778954029083252
Best earliness: 0.17287090420722961
-------------------------------
New job directory is /home/alirachidi/doordash/prediction/cache/train_77/4
--- training dataset has shape: (143646, 3, 26) ---
--- validation dataset has shape: (35909, 3, 26) ---
Model: <class 'modules.models.RNN8.RNN8'>
Model: "sequential_4"
_________________________________________________________________
 Layer (type)                Output Shape              Param #   
=================================================================
 conv2d_8 (Conv2D)           (None, 3, 26, 16)         160       
                                                                 
 conv2d_9 (Conv2D)           (None, 3, 26, 32)         4640      
                                                                 
 batch_normalization_4 (Batc  (None, 3, 26, 32)        128       
 hNormalization)                                                 
                                                                 
 dropout_12 (Dropout)        (None, 3, 26, 32)         0         
                                                                 
 reshape_4 (Reshape)         (None, 3, 832)            0         
                                                                 
 bidirectional_4 (Bidirectio  (None, 3, 64)            221440    
 nal)                                                            
                                                                 
 dropout_13 (Dropout)        (None, 3, 64)             0         
                                                                 
 dense_8 (Dense)             (None, 3, 100)            6500      
                                                                 
 dropout_14 (Dropout)        (None, 3, 100)            0         
                                                                 
 flatten_4 (Flatten)         (None, 300)               0         
                                                                 
 dense_9 (Dense)             (None, 1)                 301       
                                                                 
=================================================================
Total params: 233,169
Trainable params: 233,105
Non-trainable params: 64
_________________________________________________________________

Epoch 1/200
train loss: 12013676.0
train mean_absolute_error: 2128.955810546875
train lateness: 0.9011924862861633
train earliness: 0.0031699214596301317
validation loss: 2124291.25
validation mean_absolute_error: 1069.7073974609375
validation lateness: 0.5602363348007202
validation earliness: 0.030848929658532143
Time taken for epoch: 223.36s

Epoch 2/200
train loss: 1304388.5
train mean_absolute_error: 816.780029296875
train lateness: 0.315437912940979
train earliness: 0.19744929671287537
validation loss: 1277552.75
validation mean_absolute_error: 833.5249633789062
validation lateness: 0.2946232557296753
validation earliness: 0.24485544860363007
Time taken for epoch: 246.91s

Epoch 3/200
train loss: 1106660.875
train mean_absolute_error: 775.1959838867188
train lateness: 0.2382022738456726
train earliness: 0.27607253193855286
validation loss: 1471805.375
validation mean_absolute_error: 859.2581176757812
validation lateness: 0.4237942099571228
validation earliness: 0.07556947320699692
Time taken for epoch: 225.85s
The validation tracker metric at 833.5249633789062 hasn't increased  in 1 epochs

Epoch 4/200
train loss: 968300.875
train mean_absolute_error: 714.6563110351562
train lateness: 0.2210630476474762
train earliness: 0.25270599126815796
validation loss: 1024202.5
validation mean_absolute_error: 716.80908203125
validation lateness: 0.2833402752876282
validation earliness: 0.16165168583393097
Time taken for epoch: 239.48s

Epoch 5/200
train loss: 983491.1875
train mean_absolute_error: 700.3553466796875
train lateness: 0.21086202561855316
train earliness: 0.2552247643470764
validation loss: 1145612.375
validation mean_absolute_error: 721.215087890625
validation lateness: 0.32270097732543945
validation earliness: 0.10893765091896057
Time taken for epoch: 247.55s
The validation tracker metric at 716.80908203125 hasn't increased  in 1 epochs

Epoch 6/200
train loss: 1002826.25
train mean_absolute_error: 670.818359375
train lateness: 0.20394356548786163
train earliness: 0.23981402814388275
validation loss: 1045754.25
validation mean_absolute_error: 682.7357788085938
validation lateness: 0.27713486552238464
validation earliness: 0.1450132429599762
Time taken for epoch: 241.76s

Epoch 7/200
train loss: 1002344.3125
train mean_absolute_error: 660.252197265625
train lateness: 0.19811491668224335
train earliness: 0.23811370134353638
validation loss: 1037766.3125
validation mean_absolute_error: 664.1117553710938
validation lateness: 0.2585389018058777
validation earliness: 0.1572546660900116
Time taken for epoch: 238.33s

Epoch 8/200
train loss: 989573.5625
train mean_absolute_error: 655.922607421875
train lateness: 0.19731569290161133
train earliness: 0.23706014454364777
validation loss: 1039563.6875
validation mean_absolute_error: 659.458251953125
validation lateness: 0.22975750267505646
validation earliness: 0.195267453789711
Time taken for epoch: 238.00s

Epoch 9/200
train loss: 985599.75
train mean_absolute_error: 653.5187377929688
train lateness: 0.19603599607944489
train earliness: 0.2349972426891327
validation loss: 1009252.5
validation mean_absolute_error: 662.6105346679688
validation lateness: 0.2133782058954239
validation earliness: 0.22314104437828064
Time taken for epoch: 229.51s
The validation tracker metric at 659.458251953125 hasn't increased  in 1 epochs

Epoch 10/200
train loss: 980054.0
train mean_absolute_error: 652.1661376953125
train lateness: 0.19515550136566162
train earliness: 0.23516517877578735
validation loss: 1062381.0
validation mean_absolute_error: 672.4725341796875
validation lateness: 0.2825149893760681
validation earliness: 0.12721943855285645
Time taken for epoch: 239.06s
The validation tracker metric at 659.458251953125 hasn't increased  in 2 epochs

Epoch 11/200
train loss: 982769.3125
train mean_absolute_error: 655.2680053710938
train lateness: 0.19691255688667297
train earliness: 0.23567582666873932
validation loss: 1134402.125
validation mean_absolute_error: 707.0278930664062
validation lateness: 0.15882107615470886
validation earliness: 0.34038636088371277
Time taken for epoch: 197.07s
The validation tracker metric at 659.458251953125 hasn't increased  in 3 epochs
Lr has been adjusted to 0.0005000000237487257

Epoch 12/200
train loss: 972085.1875
train mean_absolute_error: 651.1011962890625
train lateness: 0.195779949426651
train earliness: 0.23423819243907928
validation loss: 1032930.0
validation mean_absolute_error: 658.7330322265625
validation lateness: 0.2161175161600113
validation earliness: 0.2129715532064438
Time taken for epoch: 199.16s

Epoch 13/200
train loss: 967279.6875
train mean_absolute_error: 648.4307861328125
train lateness: 0.1943415105342865
train earliness: 0.2320312261581421
validation loss: 1011679.75
validation mean_absolute_error: 667.9793090820312
validation lateness: 0.19864943623542786
validation earliness: 0.251624196767807
Time taken for epoch: 206.63s
The validation tracker metric at 658.7330322265625 hasn't increased  in 1 epochs

Epoch 14/200
train loss: 965093.0
train mean_absolute_error: 647.0632934570312
train lateness: 0.1942369043827057
train earliness: 0.23267608880996704
validation loss: 1002889.0
validation mean_absolute_error: 653.3132934570312
validation lateness: 0.23275595903396606
validation earliness: 0.18516016006469727
Time taken for epoch: 240.41s

Epoch 15/200
train loss: 965331.0
train mean_absolute_error: 647.876953125
train lateness: 0.19421638548374176
train earliness: 0.23269042372703552
validation loss: 998958.5625
validation mean_absolute_error: 655.0723876953125
validation lateness: 0.23813612759113312
validation earliness: 0.17875060439109802
Time taken for epoch: 213.18s
The validation tracker metric at 653.3132934570312 hasn't increased  in 1 epochs

Epoch 16/200
train loss: 960834.625
train mean_absolute_error: 644.9851684570312
train lateness: 0.1949886828660965
train earliness: 0.2299894541501999
validation loss: 1024932.625
validation mean_absolute_error: 660.8242797851562
validation lateness: 0.2021980732679367
validation earliness: 0.23599202930927277
Time taken for epoch: 199.65s
The validation tracker metric at 653.3132934570312 hasn't increased  in 2 epochs

Epoch 17/200
train loss: 948173.0
train mean_absolute_error: 643.7305297851562
train lateness: 0.1937222182750702
train earliness: 0.23138327896595
validation loss: 1021013.4375
validation mean_absolute_error: 651.407958984375
validation lateness: 0.23382879793643951
validation earliness: 0.18176500499248505
Time taken for epoch: 199.51s

Epoch 18/200
train loss: 943960.5625
train mean_absolute_error: 642.0473022460938
train lateness: 0.193547323346138
train earliness: 0.2293493151664734
validation loss: 996510.3125
validation mean_absolute_error: 657.9135131835938
validation lateness: 0.24808993935585022
validation earliness: 0.1684463620185852
Time taken for epoch: 205.81s
The validation tracker metric at 651.407958984375 hasn't increased  in 1 epochs

Epoch 19/200
train loss: 941096.625
train mean_absolute_error: 641.7745971679688
train lateness: 0.19372984766960144
train earliness: 0.23130804300308228
validation loss: 1007519.0
validation mean_absolute_error: 655.0317993164062
validation lateness: 0.2156614363193512
validation earliness: 0.21387934684753418
Time taken for epoch: 209.35s
The validation tracker metric at 651.407958984375 hasn't increased  in 2 epochs

Epoch 20/200
train loss: 938807.0
train mean_absolute_error: 640.1860961914062
train lateness: 0.19340282678604126
train earliness: 0.22869080305099487
validation loss: 1071907.5
validation mean_absolute_error: 671.4043579101562
validation lateness: 0.29886680841445923
validation earliness: 0.10344026982784271
Time taken for epoch: 200.88s
The validation tracker metric at 651.407958984375 hasn't increased  in 3 epochs
Lr has been adjusted to 0.0002500000118743628

Epoch 21/200
train loss: 933944.0
train mean_absolute_error: 637.6617431640625
train lateness: 0.19240811467170715
train earliness: 0.22718845307826996
validation loss: 1006750.4375
validation mean_absolute_error: 652.9859008789062
validation lateness: 0.22208693623542786
validation earliness: 0.20136283338069916
Time taken for epoch: 206.48s
The validation tracker metric at 651.407958984375 hasn't increased  in 4 epochs

Epoch 22/200
train loss: 934038.4375
train mean_absolute_error: 638.0364990234375
train lateness: 0.19259509444236755
train earliness: 0.22796131670475006
validation loss: 999530.5625
validation mean_absolute_error: 654.504150390625
validation lateness: 0.2131900191307068
validation earliness: 0.21637827157974243
Time taken for epoch: 207.72s
The validation tracker metric at 651.407958984375 hasn't increased  in 5 epochs

Epoch 23/200
train loss: 933192.5
train mean_absolute_error: 637.9949340820312
train lateness: 0.19255304336547852
train earliness: 0.22851523756980896
validation loss: 1000561.6875
validation mean_absolute_error: 658.8069458007812
validation lateness: 0.20445817708969116
validation earliness: 0.23424305021762848
Time taken for epoch: 218.28s
Training stopped due to unimproved results over 6 epochs
--- Best performance found at epoch 16 --
Best value of tracked metric: 651.407958984375
Best mean_absolute_error: 651.407958984375
Best lateness: 0.23382879793643951
Best earliness: 0.18176500499248505
-------
Kfold metrics
mean_absolute_error mean: 640.1741333007812
mean_absolute_error std: 34.53750991821289
mean_absolute_error max: 699.6937255859375
mean_absolute_error min: 596.8744506835938
lateness mean: 0.21542684733867645
lateness std: 0.013793773017823696
lateness max: 0.23382879793643951
lateness min: 0.19399167597293854
earliness mean: 0.19578629732131958
earliness std: 0.026776347309350967
earliness max: 0.2351217120885849
earliness min: 0.16896465420722961
